[INFO] Scanning for projects...
[INFO]                                                                         
[INFO] ------------------------------------------------------------------------
[INFO] Building EPMultipleSims_v3_exec 0.1.0-SNAPSHOT
[INFO] ------------------------------------------------------------------------
[INFO] 
[INFO] --- exec-maven-plugin:1.5.0:java (default-cli) @ EPMultipleSims_v3_exec ---

-------------------------------------------------------------------
GMS: address=vagrant-53128, cluster=EPMultipleSims_v3, physical address=192.168.1.41:42957
-------------------------------------------------------------------
18:57:58.189 [org.webgme.guest.controller.Controller.main()] INFO  org.webgme.guest.controller.Controller - waiting on readyToPopulate...
18:59:26.336 [org.webgme.guest.controller.Controller.main()] INFO  org.webgme.guest.controller.Controller - ...synchronized on readyToPopulate
18:59:26.336 [org.webgme.guest.controller.Controller.main()] INFO  org.webgme.guest.controller.Controller - waiting on readyToRun...
18:59:26.587 [org.webgme.guest.controller.Controller.main()] INFO  org.webgme.guest.controller.Controller - ...synchronized on readyToRun
18:59:26.589 [org.webgme.guest.controller.Controller.main()] INFO  org.webgme.guest.controller.Controller - started logical time progression
18:59:26.589 [org.webgme.guest.controller.Controller.main()] INFO  org.webgme.guest.controller.Controller - waiting to receive SimTime...
18:59:27.597 [org.webgme.guest.controller.Controller.main()] INFO  org.webgme.guest.controller.Controller - waiting to receive SimTime...
18:59:28.604 [org.webgme.guest.controller.Controller.main()] INFO  org.webgme.guest.controller.Controller - waiting to receive SimTime...
18:59:29.610 [org.webgme.guest.controller.Controller.main()] INFO  org.webgme.guest.controller.Controller - waiting to receive SimTime...
18:59:30.617 [org.webgme.guest.controller.Controller.main()] INFO  org.webgme.guest.controller.Controller - waiting to receive SimTime...
18:59:31.623 [org.webgme.guest.controller.Controller.main()] INFO  org.webgme.guest.controller.Controller - waiting to receive SimTime...
18:59:32.629 [org.webgme.guest.controller.Controller.main()] INFO  org.webgme.guest.controller.Controller - waiting to receive SimTime...
18:59:33.635 [org.webgme.guest.controller.Controller.main()] INFO  org.webgme.guest.controller.Controller - waiting to receive SimTime...
18:59:34.642 [org.webgme.guest.controller.Controller.main()] INFO  org.webgme.guest.controller.Controller - waiting to receive SimTime...
18:59:35.651 [org.webgme.guest.controller.Controller.main()] INFO  org.webgme.guest.controller.Controller - waiting to receive SimTime...
18:59:36.659 [org.webgme.guest.controller.Controller.main()] INFO  org.webgme.guest.controller.Controller - waiting to receive SimTime...
18:59:37.669 [org.webgme.guest.controller.Controller.main()] INFO  org.webgme.guest.controller.Controller - waiting to receive SimTime...
18:59:38.677 [org.webgme.guest.controller.Controller.main()] INFO  org.webgme.guest.controller.Controller - waiting to receive SimTime...
18:59:39.686 [org.webgme.guest.controller.Controller.main()] INFO  org.webgme.guest.controller.Controller - waiting to receive SimTime...
18:59:40.692 [org.webgme.guest.controller.Controller.main()] INFO  org.webgme.guest.controller.Controller - waiting to receive SimTime...
18:59:41.700 [org.webgme.guest.controller.Controller.main()] INFO  org.webgme.guest.controller.Controller - waiting to receive SimTime...
18:59:42.709 [org.webgme.guest.controller.Controller.main()] INFO  org.webgme.guest.controller.Controller - waiting to receive SimTime...
18:59:43.718 [org.webgme.guest.controller.Controller.main()] INFO  org.webgme.guest.controller.Controller - waiting to receive SimTime...
18:59:44.724 [org.webgme.guest.controller.Controller.main()] INFO  org.webgme.guest.controller.Controller - waiting to receive SimTime...
18:59:45.730 [org.webgme.guest.controller.Controller.main()] INFO  org.webgme.guest.controller.Controller - waiting to receive SimTime...
18:59:46.738 [org.webgme.guest.controller.Controller.main()] INFO  org.webgme.guest.controller.Controller - waiting to receive SimTime...
18:59:47.747 [org.webgme.guest.controller.Controller.main()] INFO  org.webgme.guest.controller.Controller - waiting to receive SimTime...
18:59:48.757 [org.webgme.guest.controller.Controller.main()] INFO  org.webgme.guest.controller.Controller - waiting to receive SimTime...
18:59:49.766 [org.webgme.guest.controller.Controller.main()] INFO  org.webgme.guest.controller.Controller - waiting to receive SimTime...
18:59:50.773 [org.webgme.guest.controller.Controller.main()] INFO  org.webgme.guest.controller.Controller - waiting to receive SimTime...
18:59:51.781 [org.webgme.guest.controller.Controller.main()] INFO  org.webgme.guest.controller.Controller - waiting to receive SimTime...
18:59:52.788 [org.webgme.guest.controller.Controller.main()] INFO  org.webgme.guest.controller.Controller - waiting to receive SimTime...
18:59:53.794 [org.webgme.guest.controller.Controller.main()] INFO  org.webgme.guest.controller.Controller - waiting to receive SimTime...
18:59:54.800 [org.webgme.guest.controller.Controller.main()] INFO  org.webgme.guest.controller.Controller - waiting to receive SimTime...
18:59:55.807 [org.webgme.guest.controller.Controller.main()] INFO  org.webgme.guest.controller.Controller - waiting to receive SimTime...
18:59:56.813 [org.webgme.guest.controller.Controller.main()] INFO  org.webgme.guest.controller.Controller - waiting to receive SimTime...
18:59:57.821 [org.webgme.guest.controller.Controller.main()] INFO  org.webgme.guest.controller.Controller - waiting to receive SimTime...
18:59:58.828 [org.webgme.guest.controller.Controller.main()] INFO  org.webgme.guest.controller.Controller - waiting to receive SimTime...
18:59:59.839 [org.webgme.guest.controller.Controller.main()] INFO  org.webgme.guest.controller.Controller - waiting to receive SimTime...
19:00:00.848 [org.webgme.guest.controller.Controller.main()] INFO  org.webgme.guest.controller.Controller - waiting to receive SimTime...
19:00:01.857 [org.webgme.guest.controller.Controller.main()] INFO  org.webgme.guest.controller.Controller - waiting to receive SimTime...
