[INFO] Scanning for projects...
[INFO]                                                                         
[INFO] ------------------------------------------------------------------------
[INFO] Building EPMultipleSims_v3_exec 0.1.0-SNAPSHOT
[INFO] ------------------------------------------------------------------------
[INFO] 
[INFO] --- exec-maven-plugin:1.5.0:java (default-cli) @ EPMultipleSims_v3_exec ---

-------------------------------------------------------------------
GMS: address=vagrant-6777, cluster=EPMultipleSims_v3, physical address=192.168.1.41:53584
-------------------------------------------------------------------
19:17:28.720 [org.webgme.guest.controller.Controller.main()] INFO  org.webgme.guest.controller.Controller - waiting on readyToPopulate...
19:18:11.765 [org.webgme.guest.controller.Controller.main()] INFO  org.webgme.guest.controller.Controller - ...synchronized on readyToPopulate
19:18:11.765 [org.webgme.guest.controller.Controller.main()] INFO  org.webgme.guest.controller.Controller - waiting on readyToRun...
19:18:12.017 [org.webgme.guest.controller.Controller.main()] INFO  org.webgme.guest.controller.Controller - ...synchronized on readyToRun
19:18:12.026 [org.webgme.guest.controller.Controller.main()] INFO  org.webgme.guest.controller.Controller - started logical time progression
19:18:12.060 [org.webgme.guest.controller.Controller.main()] INFO  org.webgme.guest.controller.Controller - waiting to receive SimTime...
19:18:13.062 [org.webgme.guest.controller.Controller.main()] INFO  org.webgme.guest.controller.Controller - waiting to receive SimTime...
numVars[simID] = 0
holder[simID] = epSendZoneMeanAirTemp@23.000000,epSendOutdoorAirTemp@6.791667,epSendZoneHumidity@34.716831,
handle interaction loop
vars[0] = epSendZoneMeanAirTemp@23.000000
length of vars = 3
j = 0
token = epSendZoneMeanAirTemp@23.000000
token1[0] = epSendZoneMeanAirTemp
token1[1] = 23.000000
varNames[j] = epSendZoneMeanAirTemp
doubles[j] = 23.000000
j = 1
token = epSendOutdoorAirTemp@6.791667
token1[0] = epSendOutdoorAirTemp
token1[1] = 6.791667
varNames[j] = epSendOutdoorAirTemp
doubles[j] = 6.791667
j = 2
token = epSendZoneHumidity@34.716831
token1[0] = epSendZoneHumidity
token1[1] = 34.716831
varNames[j] = epSendZoneHumidity
doubles[j] = 34.716831
i = 0
i = 1
19:18:14.073 [org.webgme.guest.controller.Controller.main()] INFO  org.webgme.guest.controller.Controller - waiting to receive SimTime...
19:18:15.079 [org.webgme.guest.controller.Controller.main()] INFO  org.webgme.guest.controller.Controller - waiting to receive SimTime...
19:18:16.085 [org.webgme.guest.controller.Controller.main()] INFO  org.webgme.guest.controller.Controller - waiting to receive SimTime...
19:18:17.092 [org.webgme.guest.controller.Controller.main()] INFO  org.webgme.guest.controller.Controller - waiting to receive SimTime...
19:18:18.098 [org.webgme.guest.controller.Controller.main()] INFO  org.webgme.guest.controller.Controller - waiting to receive SimTime...
19:18:19.104 [org.webgme.guest.controller.Controller.main()] INFO  org.webgme.guest.controller.Controller - waiting to receive SimTime...
19:18:20.112 [org.webgme.guest.controller.Controller.main()] INFO  org.webgme.guest.controller.Controller - waiting to receive SimTime...
19:18:21.118 [org.webgme.guest.controller.Controller.main()] INFO  org.webgme.guest.controller.Controller - waiting to receive SimTime...
19:18:22.125 [org.webgme.guest.controller.Controller.main()] INFO  org.webgme.guest.controller.Controller - waiting to receive SimTime...
19:18:23.131 [org.webgme.guest.controller.Controller.main()] INFO  org.webgme.guest.controller.Controller - waiting to receive SimTime...
19:18:24.139 [org.webgme.guest.controller.Controller.main()] INFO  org.webgme.guest.controller.Controller - waiting to receive SimTime...
19:18:25.144 [org.webgme.guest.controller.Controller.main()] INFO  org.webgme.guest.controller.Controller - waiting to receive SimTime...
19:18:26.150 [org.webgme.guest.controller.Controller.main()] INFO  org.webgme.guest.controller.Controller - waiting to receive SimTime...
19:18:27.160 [org.webgme.guest.controller.Controller.main()] INFO  org.webgme.guest.controller.Controller - waiting to receive SimTime...
19:18:28.167 [org.webgme.guest.controller.Controller.main()] INFO  org.webgme.guest.controller.Controller - waiting to receive SimTime...
19:18:29.176 [org.webgme.guest.controller.Controller.main()] INFO  org.webgme.guest.controller.Controller - waiting to receive SimTime...
19:18:30.186 [org.webgme.guest.controller.Controller.main()] INFO  org.webgme.guest.controller.Controller - waiting to receive SimTime...
19:18:31.194 [org.webgme.guest.controller.Controller.main()] INFO  org.webgme.guest.controller.Controller - waiting to receive SimTime...
19:18:32.201 [org.webgme.guest.controller.Controller.main()] INFO  org.webgme.guest.controller.Controller - waiting to receive SimTime...
19:18:33.209 [org.webgme.guest.controller.Controller.main()] INFO  org.webgme.guest.controller.Controller - waiting to receive SimTime...
19:18:34.216 [org.webgme.guest.controller.Controller.main()] INFO  org.webgme.guest.controller.Controller - waiting to receive SimTime...
19:18:35.222 [org.webgme.guest.controller.Controller.main()] INFO  org.webgme.guest.controller.Controller - waiting to receive SimTime...
19:18:36.229 [org.webgme.guest.controller.Controller.main()] INFO  org.webgme.guest.controller.Controller - waiting to receive SimTime...
19:18:37.236 [org.webgme.guest.controller.Controller.main()] INFO  org.webgme.guest.controller.Controller - waiting to receive SimTime...
19:18:38.242 [org.webgme.guest.controller.Controller.main()] INFO  org.webgme.guest.controller.Controller - waiting to receive SimTime...
19:18:39.251 [org.webgme.guest.controller.Controller.main()] INFO  org.webgme.guest.controller.Controller - waiting to receive SimTime...
19:18:40.258 [org.webgme.guest.controller.Controller.main()] INFO  org.webgme.guest.controller.Controller - waiting to receive SimTime...
19:18:41.266 [org.webgme.guest.controller.Controller.main()] INFO  org.webgme.guest.controller.Controller - waiting to receive SimTime...
19:18:42.273 [org.webgme.guest.controller.Controller.main()] INFO  org.webgme.guest.controller.Controller - waiting to receive SimTime...
19:18:43.279 [org.webgme.guest.controller.Controller.main()] INFO  org.webgme.guest.controller.Controller - waiting to receive SimTime...
19:18:44.289 [org.webgme.guest.controller.Controller.main()] INFO  org.webgme.guest.controller.Controller - waiting to receive SimTime...
19:18:45.297 [org.webgme.guest.controller.Controller.main()] INFO  org.webgme.guest.controller.Controller - waiting to receive SimTime...
19:18:46.309 [org.webgme.guest.controller.Controller.main()] INFO  org.webgme.guest.controller.Controller - waiting to receive SimTime...
19:18:47.316 [org.webgme.guest.controller.Controller.main()] INFO  org.webgme.guest.controller.Controller - waiting to receive SimTime...
