[INFO] Scanning for projects...
[INFO]                                                                         
[INFO] ------------------------------------------------------------------------
[INFO] Building EPMultipleSims_v3_exec 0.1.0-SNAPSHOT
[INFO] ------------------------------------------------------------------------
[INFO] 
[INFO] --- exec-maven-plugin:1.5.0:java (default-cli) @ EPMultipleSims_v3_exec ---

-------------------------------------------------------------------
GMS: address=vagrant-32430, cluster=EPMultipleSims_v3, physical address=192.168.1.41:56697
-------------------------------------------------------------------
23:23:29.166 [org.webgme.guest.controller.Controller.main()] INFO  org.webgme.guest.controller.Controller - waiting on readyToPopulate...
23:27:16.803 [org.webgme.guest.controller.Controller.main()] INFO  org.webgme.guest.controller.Controller - ...synchronized on readyToPopulate
23:27:16.804 [org.webgme.guest.controller.Controller.main()] INFO  org.webgme.guest.controller.Controller - waiting on readyToRun...
23:27:17.054 [org.webgme.guest.controller.Controller.main()] INFO  org.webgme.guest.controller.Controller - ...synchronized on readyToRun
23:27:17.062 [org.webgme.guest.controller.Controller.main()] INFO  org.webgme.guest.controller.Controller - started logical time progression
23:27:17.065 [org.webgme.guest.controller.Controller.main()] INFO  org.webgme.guest.controller.Controller - waiting to receive SimTime...
23:27:18.072 [org.webgme.guest.controller.Controller.main()] INFO  org.webgme.guest.controller.Controller - waiting to receive SimTime...
numVars[simID] = 0
holder[simID] = epSendZoneMeanAirTemp@23.000002,epSendOutdoorAirTemp@7.800000,epSendZoneHumidity@35.553680,
handle interaction loop
vars[0] = epSendZoneMeanAirTemp@23.000002
length of vars = 3
j = 0
token = epSendZoneMeanAirTemp@23.000002
token1[0] = epSendZoneMeanAirTemp
token1[1] = 23.000002
varNames[j] = epSendZoneMeanAirTemp
doubles[j] = 23.000002
j = 1
token = epSendOutdoorAirTemp@7.800000
token1[0] = epSendOutdoorAirTemp
token1[1] = 7.800000
varNames[j] = epSendOutdoorAirTemp
doubles[j] = 7.800000
j = 2
token = epSendZoneHumidity@35.553680
token1[0] = epSendZoneHumidity
token1[1] = 35.553680
varNames[j] = epSendZoneHumidity
doubles[j] = 35.553680
i = 0
i = 1
Logical Time is = 0.0
Hour is = 0
Simulate at this time step!!!!!
Occupied Probability: 0.875
Random Number(Duration): 1
The probability of OCCUPIED for 1 hours is 0.875
The probability of NOT OCCUPIED for 1 hours is 0.0
Random Number(Event): 0.074058537637676
Continuously Occupied for 1 Hours Accepted!!!
Next simulating time at hour = 1
determine setpoints loop
outTemps[i] = 7.8
zoneTemps[i] = 23.000002
heatTemps[i] = 018.9
coolTemps[i] = 021.699999999999996
send to sockets interactions loop
dataStrings[simID] = epGetStartCooling@21.699999999999996,epGetStartHeating@18.9,
Send sendControls interaction: 21.699999999999996 to socket #0
23:27:19.151 [org.webgme.guest.controller.Controller.main()] INFO  org.webgme.guest.controller.Controller - waiting to receive SimTime...
23:27:20.162 [org.webgme.guest.controller.Controller.main()] INFO  org.webgme.guest.controller.Controller - waiting to receive SimTime...
numVars[simID] = 0
holder[simID] = epSendZoneMeanAirTemp@23.000023,epSendOutdoorAirTemp@7.200000,epSendZoneHumidity@35.800381,
handle interaction loop
vars[0] = epSendZoneMeanAirTemp@23.000023
length of vars = 3
j = 0
token = epSendZoneMeanAirTemp@23.000023
token1[0] = epSendZoneMeanAirTemp
token1[1] = 23.000023
varNames[j] = epSendZoneMeanAirTemp
doubles[j] = 23.000023
j = 1
token = epSendOutdoorAirTemp@7.200000
token1[0] = epSendOutdoorAirTemp
token1[1] = 7.200000
varNames[j] = epSendOutdoorAirTemp
doubles[j] = 7.200000
j = 2
token = epSendZoneHumidity@35.800381
token1[0] = epSendZoneHumidity
token1[1] = 35.800381
varNames[j] = epSendZoneHumidity
doubles[j] = 35.800381
i = 0
i = 1
Logical Time is = 1.0
Hour is = 0
Keep the same Occupancy information as previous timestamp.
determine setpoints loop
outTemps[i] = 7.2
zoneTemps[i] = 23.000023
heatTemps[i] = 018.9
coolTemps[i] = 021.699999999999996
send to sockets interactions loop
dataStrings[simID] = epGetStartCooling@21.699999999999996,epGetStartHeating@18.9,
Send sendControls interaction: 21.699999999999996 to socket #0
23:27:21.280 [org.webgme.guest.controller.Controller.main()] INFO  org.webgme.guest.controller.Controller - waiting to receive SimTime...
23:27:22.288 [org.webgme.guest.controller.Controller.main()] INFO  org.webgme.guest.controller.Controller - waiting to receive SimTime...
numVars[simID] = 0
holder[simID] = epSendZoneMeanAirTemp@20.749512,epSendOutdoorAirTemp@7.200000,epSendZoneHumidity@41.516056,
handle interaction loop
vars[0] = epSendZoneMeanAirTemp@20.749512
length of vars = 3
j = 0
token = epSendZoneMeanAirTemp@20.749512
token1[0] = epSendZoneMeanAirTemp
token1[1] = 20.749512
varNames[j] = epSendZoneMeanAirTemp
doubles[j] = 20.749512
j = 1
token = epSendOutdoorAirTemp@7.200000
token1[0] = epSendOutdoorAirTemp
token1[1] = 7.200000
varNames[j] = epSendOutdoorAirTemp
doubles[j] = 7.200000
j = 2
token = epSendZoneHumidity@41.516056
token1[0] = epSendZoneHumidity
token1[1] = 41.516056
varNames[j] = epSendZoneHumidity
doubles[j] = 41.516056
i = 0
i = 1
Logical Time is = 2.0
Hour is = 0
Keep the same Occupancy information as previous timestamp.
determine setpoints loop
outTemps[i] = 7.2
zoneTemps[i] = 20.749512
heatTemps[i] = 018.9
coolTemps[i] = 022.9
send to sockets interactions loop
dataStrings[simID] = epGetStartCooling@22.9,epGetStartHeating@18.9,
Send sendControls interaction: 22.9 to socket #0
23:27:23.357 [org.webgme.guest.controller.Controller.main()] INFO  org.webgme.guest.controller.Controller - waiting to receive SimTime...
23:27:24.366 [org.webgme.guest.controller.Controller.main()] INFO  org.webgme.guest.controller.Controller - waiting to receive SimTime...
numVars[simID] = 0
holder[simID] = epSendZoneMeanAirTemp@19.982122,epSendOutdoorAirTemp@6.700000,epSendZoneHumidity@43.399567,
handle interaction loop
vars[0] = epSendZoneMeanAirTemp@19.982122
length of vars = 3
j = 0
token = epSendZoneMeanAirTemp@19.982122
token1[0] = epSendZoneMeanAirTemp
token1[1] = 19.982122
varNames[j] = epSendZoneMeanAirTemp
doubles[j] = 19.982122
j = 1
token = epSendOutdoorAirTemp@6.700000
token1[0] = epSendOutdoorAirTemp
token1[1] = 6.700000
varNames[j] = epSendOutdoorAirTemp
doubles[j] = 6.700000
j = 2
token = epSendZoneHumidity@43.399567
token1[0] = epSendZoneHumidity
token1[1] = 43.399567
varNames[j] = epSendZoneHumidity
doubles[j] = 43.399567
i = 0
i = 1
Logical Time is = 3.0
Hour is = 0
Keep the same Occupancy information as previous timestamp.
determine setpoints loop
outTemps[i] = 6.7
zoneTemps[i] = 19.982122
heatTemps[i] = 019.5
coolTemps[i] = 022.9
send to sockets interactions loop
dataStrings[simID] = epGetStartCooling@22.9,epGetStartHeating@19.5,
Send sendControls interaction: 22.9 to socket #0
23:27:25.445 [org.webgme.guest.controller.Controller.main()] INFO  org.webgme.guest.controller.Controller - waiting to receive SimTime...
23:27:26.453 [org.webgme.guest.controller.Controller.main()] INFO  org.webgme.guest.controller.Controller - waiting to receive SimTime...
numVars[simID] = 0
holder[simID] = epSendZoneMeanAirTemp@19.158993,epSendOutdoorAirTemp@6.100000,epSendZoneHumidity@45.573044,
handle interaction loop
vars[0] = epSendZoneMeanAirTemp@19.158993
length of vars = 3
j = 0
token = epSendZoneMeanAirTemp@19.158993
token1[0] = epSendZoneMeanAirTemp
token1[1] = 19.158993
varNames[j] = epSendZoneMeanAirTemp
doubles[j] = 19.158993
j = 1
token = epSendOutdoorAirTemp@6.100000
token1[0] = epSendOutdoorAirTemp
token1[1] = 6.100000
varNames[j] = epSendOutdoorAirTemp
doubles[j] = 6.100000
j = 2
token = epSendZoneHumidity@45.573044
token1[0] = epSendZoneHumidity
token1[1] = 45.573044
varNames[j] = epSendZoneHumidity
doubles[j] = 45.573044
i = 0
i = 1
Logical Time is = 4.0
Hour is = 0
Keep the same Occupancy information as previous timestamp.
determine setpoints loop
outTemps[i] = 6.1
zoneTemps[i] = 19.158993
heatTemps[i] = 019.5
coolTemps[i] = 022.9
send to sockets interactions loop
dataStrings[simID] = epGetStartCooling@22.9,epGetStartHeating@19.5,
Send sendControls interaction: 22.9 to socket #0
23:27:27.547 [org.webgme.guest.controller.Controller.main()] INFO  org.webgme.guest.controller.Controller - waiting to receive SimTime...
23:27:28.560 [org.webgme.guest.controller.Controller.main()] INFO  org.webgme.guest.controller.Controller - waiting to receive SimTime...
numVars[simID] = 0
holder[simID] = epSendZoneMeanAirTemp@18.202431,epSendOutdoorAirTemp@4.400000,epSendZoneHumidity@47.427799,
handle interaction loop
vars[0] = epSendZoneMeanAirTemp@18.202431
length of vars = 3
j = 0
token = epSendZoneMeanAirTemp@18.202431
token1[0] = epSendZoneMeanAirTemp
token1[1] = 18.202431
varNames[j] = epSendZoneMeanAirTemp
doubles[j] = 18.202431
j = 1
token = epSendOutdoorAirTemp@4.400000
token1[0] = epSendOutdoorAirTemp
token1[1] = 4.400000
varNames[j] = epSendOutdoorAirTemp
doubles[j] = 4.400000
j = 2
token = epSendZoneHumidity@47.427799
token1[0] = epSendZoneHumidity
token1[1] = 47.427799
varNames[j] = epSendZoneHumidity
doubles[j] = 47.427799
i = 0
i = 1
Logical Time is = 5.0
Hour is = 0
Keep the same Occupancy information as previous timestamp.
determine setpoints loop
outTemps[i] = 4.4
zoneTemps[i] = 18.202431
heatTemps[i] = 020.1
coolTemps[i] = 022.9
send to sockets interactions loop
dataStrings[simID] = epGetStartCooling@22.9,epGetStartHeating@20.1,
Send sendControls interaction: 22.9 to socket #0
23:27:29.647 [org.webgme.guest.controller.Controller.main()] INFO  org.webgme.guest.controller.Controller - waiting to receive SimTime...
23:27:30.655 [org.webgme.guest.controller.Controller.main()] INFO  org.webgme.guest.controller.Controller - waiting to receive SimTime...
numVars[simID] = 0
holder[simID] = epSendZoneMeanAirTemp@17.611454,epSendOutdoorAirTemp@4.400000,epSendZoneHumidity@48.637718,
handle interaction loop
vars[0] = epSendZoneMeanAirTemp@17.611454
length of vars = 3
j = 0
token = epSendZoneMeanAirTemp@17.611454
token1[0] = epSendZoneMeanAirTemp
token1[1] = 17.611454
varNames[j] = epSendZoneMeanAirTemp
doubles[j] = 17.611454
j = 1
token = epSendOutdoorAirTemp@4.400000
token1[0] = epSendOutdoorAirTemp
token1[1] = 4.400000
varNames[j] = epSendOutdoorAirTemp
doubles[j] = 4.400000
j = 2
token = epSendZoneHumidity@48.637718
token1[0] = epSendZoneHumidity
token1[1] = 48.637718
varNames[j] = epSendZoneHumidity
doubles[j] = 48.637718
i = 0
i = 1
Logical Time is = 6.0
Hour is = 0
Keep the same Occupancy information as previous timestamp.
determine setpoints loop
outTemps[i] = 4.4
zoneTemps[i] = 17.611454
heatTemps[i] = 020.1
coolTemps[i] = 022.9
send to sockets interactions loop
dataStrings[simID] = epGetStartCooling@22.9,epGetStartHeating@20.1,
Send sendControls interaction: 22.9 to socket #0
23:27:31.745 [org.webgme.guest.controller.Controller.main()] INFO  org.webgme.guest.controller.Controller - waiting to receive SimTime...
23:27:32.755 [org.webgme.guest.controller.Controller.main()] INFO  org.webgme.guest.controller.Controller - waiting to receive SimTime...
numVars[simID] = 0
holder[simID] = epSendZoneMeanAirTemp@17.264883,epSendOutdoorAirTemp@6.100000,epSendZoneHumidity@49.007500,
handle interaction loop
vars[0] = epSendZoneMeanAirTemp@17.264883
length of vars = 3
j = 0
token = epSendZoneMeanAirTemp@17.264883
token1[0] = epSendZoneMeanAirTemp
token1[1] = 17.264883
varNames[j] = epSendZoneMeanAirTemp
doubles[j] = 17.264883
j = 1
token = epSendOutdoorAirTemp@6.100000
token1[0] = epSendOutdoorAirTemp
token1[1] = 6.100000
varNames[j] = epSendOutdoorAirTemp
doubles[j] = 6.100000
j = 2
token = epSendZoneHumidity@49.007500
token1[0] = epSendZoneHumidity
token1[1] = 49.007500
varNames[j] = epSendZoneHumidity
doubles[j] = 49.007500
i = 0
i = 1
Logical Time is = 7.0
Hour is = 0
Keep the same Occupancy information as previous timestamp.
determine setpoints loop
outTemps[i] = 6.1
zoneTemps[i] = 17.264883
heatTemps[i] = 020.1
coolTemps[i] = 022.9
send to sockets interactions loop
dataStrings[simID] = epGetStartCooling@22.9,epGetStartHeating@20.1,
Send sendControls interaction: 22.9 to socket #0
23:27:33.839 [org.webgme.guest.controller.Controller.main()] INFO  org.webgme.guest.controller.Controller - waiting to receive SimTime...
23:27:34.847 [org.webgme.guest.controller.Controller.main()] INFO  org.webgme.guest.controller.Controller - waiting to receive SimTime...
numVars[simID] = 0
holder[simID] = epSendZoneMeanAirTemp@16.806530,epSendOutdoorAirTemp@5.000000,epSendZoneHumidity@49.579430,
handle interaction loop
vars[0] = epSendZoneMeanAirTemp@16.806530
length of vars = 3
j = 0
token = epSendZoneMeanAirTemp@16.806530
token1[0] = epSendZoneMeanAirTemp
token1[1] = 16.806530
varNames[j] = epSendZoneMeanAirTemp
doubles[j] = 16.806530
j = 1
token = epSendOutdoorAirTemp@5.000000
token1[0] = epSendOutdoorAirTemp
token1[1] = 5.000000
varNames[j] = epSendOutdoorAirTemp
doubles[j] = 5.000000
j = 2
token = epSendZoneHumidity@49.579430
token1[0] = epSendZoneHumidity
token1[1] = 49.579430
varNames[j] = epSendZoneHumidity
doubles[j] = 49.579430
i = 0
i = 1
Logical Time is = 8.0
Hour is = 0
Keep the same Occupancy information as previous timestamp.
determine setpoints loop
outTemps[i] = 5.0
zoneTemps[i] = 16.80653
heatTemps[i] = 020.1
coolTemps[i] = 022.9
send to sockets interactions loop
dataStrings[simID] = epGetStartCooling@22.9,epGetStartHeating@20.1,
Send sendControls interaction: 22.9 to socket #0
23:27:35.922 [org.webgme.guest.controller.Controller.main()] INFO  org.webgme.guest.controller.Controller - waiting to receive SimTime...
23:27:36.929 [org.webgme.guest.controller.Controller.main()] INFO  org.webgme.guest.controller.Controller - waiting to receive SimTime...
numVars[simID] = 0
holder[simID] = epSendZoneMeanAirTemp@17.228474,epSendOutdoorAirTemp@7.800000,epSendZoneHumidity@48.495724,
handle interaction loop
vars[0] = epSendZoneMeanAirTemp@17.228474
length of vars = 3
j = 0
token = epSendZoneMeanAirTemp@17.228474
token1[0] = epSendZoneMeanAirTemp
token1[1] = 17.228474
varNames[j] = epSendZoneMeanAirTemp
doubles[j] = 17.228474
j = 1
token = epSendOutdoorAirTemp@7.800000
token1[0] = epSendOutdoorAirTemp
token1[1] = 7.800000
varNames[j] = epSendOutdoorAirTemp
doubles[j] = 7.800000
j = 2
token = epSendZoneHumidity@48.495724
token1[0] = epSendZoneHumidity
token1[1] = 48.495724
varNames[j] = epSendZoneHumidity
doubles[j] = 48.495724
i = 0
i = 1
Logical Time is = 9.0
Hour is = 0
Keep the same Occupancy information as previous timestamp.
determine setpoints loop
outTemps[i] = 7.8
zoneTemps[i] = 17.228474
heatTemps[i] = 020.1
coolTemps[i] = 022.9
send to sockets interactions loop
dataStrings[simID] = epGetStartCooling@22.9,epGetStartHeating@20.1,
Send sendControls interaction: 22.9 to socket #0
23:27:38.003 [org.webgme.guest.controller.Controller.main()] INFO  org.webgme.guest.controller.Controller - waiting to receive SimTime...
23:27:39.008 [org.webgme.guest.controller.Controller.main()] INFO  org.webgme.guest.controller.Controller - waiting to receive SimTime...
numVars[simID] = 0
holder[simID] = epSendZoneMeanAirTemp@17.789078,epSendOutdoorAirTemp@8.900000,epSendZoneHumidity@47.818905,
handle interaction loop
vars[0] = epSendZoneMeanAirTemp@17.789078
length of vars = 3
j = 0
token = epSendZoneMeanAirTemp@17.789078
token1[0] = epSendZoneMeanAirTemp
token1[1] = 17.789078
varNames[j] = epSendZoneMeanAirTemp
doubles[j] = 17.789078
j = 1
token = epSendOutdoorAirTemp@8.900000
token1[0] = epSendOutdoorAirTemp
token1[1] = 8.900000
varNames[j] = epSendOutdoorAirTemp
doubles[j] = 8.900000
j = 2
token = epSendZoneHumidity@47.818905
token1[0] = epSendZoneHumidity
token1[1] = 47.818905
varNames[j] = epSendZoneHumidity
doubles[j] = 47.818905
i = 0
i = 1
Logical Time is = 10.0
Hour is = 0
Keep the same Occupancy information as previous timestamp.
determine setpoints loop
outTemps[i] = 8.9
zoneTemps[i] = 17.789078
heatTemps[i] = 020.1
coolTemps[i] = 022.9
send to sockets interactions loop
dataStrings[simID] = epGetStartCooling@22.9,epGetStartHeating@20.1,
Send sendControls interaction: 22.9 to socket #0
23:27:40.097 [org.webgme.guest.controller.Controller.main()] INFO  org.webgme.guest.controller.Controller - waiting to receive SimTime...
23:27:41.105 [org.webgme.guest.controller.Controller.main()] INFO  org.webgme.guest.controller.Controller - waiting to receive SimTime...
numVars[simID] = 0
holder[simID] = epSendZoneMeanAirTemp@18.360071,epSendOutdoorAirTemp@9.400000,epSendZoneHumidity@47.959103,
handle interaction loop
vars[0] = epSendZoneMeanAirTemp@18.360071
length of vars = 3
j = 0
token = epSendZoneMeanAirTemp@18.360071
token1[0] = epSendZoneMeanAirTemp
token1[1] = 18.360071
varNames[j] = epSendZoneMeanAirTemp
doubles[j] = 18.360071
j = 1
token = epSendOutdoorAirTemp@9.400000
token1[0] = epSendOutdoorAirTemp
token1[1] = 9.400000
varNames[j] = epSendOutdoorAirTemp
doubles[j] = 9.400000
j = 2
token = epSendZoneHumidity@47.959103
token1[0] = epSendZoneHumidity
token1[1] = 47.959103
varNames[j] = epSendZoneHumidity
doubles[j] = 47.959103
i = 0
i = 1
Logical Time is = 11.0
Hour is = 0
Keep the same Occupancy information as previous timestamp.
determine setpoints loop
outTemps[i] = 9.4
zoneTemps[i] = 18.360071
heatTemps[i] = 020.1
coolTemps[i] = 022.9
send to sockets interactions loop
dataStrings[simID] = epGetStartCooling@22.9,epGetStartHeating@20.1,
Send sendControls interaction: 22.9 to socket #0
23:27:42.187 [org.webgme.guest.controller.Controller.main()] INFO  org.webgme.guest.controller.Controller - waiting to receive SimTime...
23:27:43.194 [org.webgme.guest.controller.Controller.main()] INFO  org.webgme.guest.controller.Controller - waiting to receive SimTime...
numVars[simID] = 0
holder[simID] = epSendZoneMeanAirTemp@18.819708,epSendOutdoorAirTemp@10.000000,epSendZoneHumidity@47.348598,
handle interaction loop
vars[0] = epSendZoneMeanAirTemp@18.819708
length of vars = 3
j = 0
token = epSendZoneMeanAirTemp@18.819708
token1[0] = epSendZoneMeanAirTemp
token1[1] = 18.819708
varNames[j] = epSendZoneMeanAirTemp
doubles[j] = 18.819708
j = 1
token = epSendOutdoorAirTemp@10.000000
token1[0] = epSendOutdoorAirTemp
token1[1] = 10.000000
varNames[j] = epSendOutdoorAirTemp
doubles[j] = 10.000000
j = 2
token = epSendZoneHumidity@47.348598
token1[0] = epSendZoneHumidity
token1[1] = 47.348598
varNames[j] = epSendZoneHumidity
doubles[j] = 47.348598
i = 0
i = 1
Logical Time is = 12.0
Hour is = 0
Keep the same Occupancy information as previous timestamp.
determine setpoints loop
outTemps[i] = 10.0
zoneTemps[i] = 18.819708
heatTemps[i] = 020.1
coolTemps[i] = 022.9
send to sockets interactions loop
dataStrings[simID] = epGetStartCooling@22.9,epGetStartHeating@20.1,
Send sendControls interaction: 22.9 to socket #0
23:27:44.279 [org.webgme.guest.controller.Controller.main()] INFO  org.webgme.guest.controller.Controller - waiting to receive SimTime...
23:27:45.288 [org.webgme.guest.controller.Controller.main()] INFO  org.webgme.guest.controller.Controller - waiting to receive SimTime...
numVars[simID] = 0
holder[simID] = epSendZoneMeanAirTemp@19.395908,epSendOutdoorAirTemp@10.600000,epSendZoneHumidity@46.655140,
handle interaction loop
vars[0] = epSendZoneMeanAirTemp@19.395908
length of vars = 3
j = 0
token = epSendZoneMeanAirTemp@19.395908
token1[0] = epSendZoneMeanAirTemp
token1[1] = 19.395908
varNames[j] = epSendZoneMeanAirTemp
doubles[j] = 19.395908
j = 1
token = epSendOutdoorAirTemp@10.600000
token1[0] = epSendOutdoorAirTemp
token1[1] = 10.600000
varNames[j] = epSendOutdoorAirTemp
doubles[j] = 10.600000
j = 2
token = epSendZoneHumidity@46.655140
token1[0] = epSendZoneHumidity
token1[1] = 46.655140
varNames[j] = epSendZoneHumidity
doubles[j] = 46.655140
i = 0
i = 1
Logical Time is = 13.0
Hour is = 0
Keep the same Occupancy information as previous timestamp.
determine setpoints loop
outTemps[i] = 10.6
zoneTemps[i] = 19.395908
heatTemps[i] = 019.686000000000003
coolTemps[i] = 023.086000000000002
send to sockets interactions loop
dataStrings[simID] = epGetStartCooling@23.086000000000002,epGetStartHeating@19.686000000000003,
Send sendControls interaction: 23.086000000000002 to socket #0
23:27:46.375 [org.webgme.guest.controller.Controller.main()] INFO  org.webgme.guest.controller.Controller - waiting to receive SimTime...
23:27:47.382 [org.webgme.guest.controller.Controller.main()] INFO  org.webgme.guest.controller.Controller - waiting to receive SimTime...
numVars[simID] = 0
holder[simID] = epSendZoneMeanAirTemp@20.192425,epSendOutdoorAirTemp@11.100000,epSendZoneHumidity@45.377399,
handle interaction loop
vars[0] = epSendZoneMeanAirTemp@20.192425
length of vars = 3
j = 0
token = epSendZoneMeanAirTemp@20.192425
token1[0] = epSendZoneMeanAirTemp
token1[1] = 20.192425
varNames[j] = epSendZoneMeanAirTemp
doubles[j] = 20.192425
j = 1
token = epSendOutdoorAirTemp@11.100000
token1[0] = epSendOutdoorAirTemp
token1[1] = 11.100000
varNames[j] = epSendOutdoorAirTemp
doubles[j] = 11.100000
j = 2
token = epSendZoneHumidity@45.377399
token1[0] = epSendZoneHumidity
token1[1] = 45.377399
varNames[j] = epSendZoneHumidity
doubles[j] = 45.377399
i = 0
i = 1
Logical Time is = 14.0
Hour is = 0
Keep the same Occupancy information as previous timestamp.
determine setpoints loop
outTemps[i] = 11.1
zoneTemps[i] = 20.192425
heatTemps[i] = 019.841
coolTemps[i] = 023.241
send to sockets interactions loop
dataStrings[simID] = epGetStartCooling@23.241,epGetStartHeating@19.841,
Send sendControls interaction: 23.241 to socket #0
23:27:47.503 [org.webgme.guest.controller.Controller.main()] INFO  org.webgme.guest.controller.Controller - waiting to receive SimTime...
23:27:48.508 [org.webgme.guest.controller.Controller.main()] INFO  org.webgme.guest.controller.Controller - waiting to receive SimTime...
numVars[simID] = 0
holder[simID] = epSendZoneMeanAirTemp@21.387861,epSendOutdoorAirTemp@13.900000,epSendZoneHumidity@41.230350,
handle interaction loop
vars[0] = epSendZoneMeanAirTemp@21.387861
length of vars = 3
j = 0
token = epSendZoneMeanAirTemp@21.387861
token1[0] = epSendZoneMeanAirTemp
token1[1] = 21.387861
varNames[j] = epSendZoneMeanAirTemp
doubles[j] = 21.387861
j = 1
token = epSendOutdoorAirTemp@13.900000
token1[0] = epSendOutdoorAirTemp
token1[1] = 13.900000
varNames[j] = epSendOutdoorAirTemp
doubles[j] = 13.900000
j = 2
token = epSendZoneHumidity@41.230350
token1[0] = epSendZoneHumidity
token1[1] = 41.230350
varNames[j] = epSendZoneHumidity
doubles[j] = 41.230350
i = 0
i = 1
Logical Time is = 15.0
Hour is = 0
Keep the same Occupancy information as previous timestamp.
determine setpoints loop
outTemps[i] = 13.9
zoneTemps[i] = 21.387861
heatTemps[i] = 020.109
coolTemps[i] = 024.109
send to sockets interactions loop
dataStrings[simID] = epGetStartCooling@24.109,epGetStartHeating@20.109,
Send sendControls interaction: 24.109 to socket #0
23:27:49.604 [org.webgme.guest.controller.Controller.main()] INFO  org.webgme.guest.controller.Controller - waiting to receive SimTime...
23:27:50.610 [org.webgme.guest.controller.Controller.main()] INFO  org.webgme.guest.controller.Controller - waiting to receive SimTime...
numVars[simID] = 0
holder[simID] = epSendZoneMeanAirTemp@21.989531,epSendOutdoorAirTemp@13.900000,epSendZoneHumidity@38.258739,
handle interaction loop
vars[0] = epSendZoneMeanAirTemp@21.989531
length of vars = 3
j = 0
token = epSendZoneMeanAirTemp@21.989531
token1[0] = epSendZoneMeanAirTemp
token1[1] = 21.989531
varNames[j] = epSendZoneMeanAirTemp
doubles[j] = 21.989531
j = 1
token = epSendOutdoorAirTemp@13.900000
token1[0] = epSendOutdoorAirTemp
token1[1] = 13.900000
varNames[j] = epSendOutdoorAirTemp
doubles[j] = 13.900000
j = 2
token = epSendZoneHumidity@38.258739
token1[0] = epSendZoneHumidity
token1[1] = 38.258739
varNames[j] = epSendZoneHumidity
doubles[j] = 38.258739
i = 0
i = 1
Logical Time is = 16.0
Hour is = 0
Keep the same Occupancy information as previous timestamp.
determine setpoints loop
outTemps[i] = 13.9
zoneTemps[i] = 21.989531
heatTemps[i] = 020.109
coolTemps[i] = 024.109
send to sockets interactions loop
dataStrings[simID] = epGetStartCooling@24.109,epGetStartHeating@20.109,
Send sendControls interaction: 24.109 to socket #0
23:27:51.697 [org.webgme.guest.controller.Controller.main()] INFO  org.webgme.guest.controller.Controller - waiting to receive SimTime...
23:27:52.705 [org.webgme.guest.controller.Controller.main()] INFO  org.webgme.guest.controller.Controller - waiting to receive SimTime...
numVars[simID] = 0
holder[simID] = epSendZoneMeanAirTemp@21.684965,epSendOutdoorAirTemp@11.100000,epSendZoneHumidity@39.612610,
handle interaction loop
vars[0] = epSendZoneMeanAirTemp@21.684965
length of vars = 3
j = 0
token = epSendZoneMeanAirTemp@21.684965
token1[0] = epSendZoneMeanAirTemp
token1[1] = 21.684965
varNames[j] = epSendZoneMeanAirTemp
doubles[j] = 21.684965
j = 1
token = epSendOutdoorAirTemp@11.100000
token1[0] = epSendOutdoorAirTemp
token1[1] = 11.100000
varNames[j] = epSendOutdoorAirTemp
doubles[j] = 11.100000
j = 2
token = epSendZoneHumidity@39.612610
token1[0] = epSendZoneHumidity
token1[1] = 39.612610
varNames[j] = epSendZoneHumidity
doubles[j] = 39.612610
i = 0
i = 1
Logical Time is = 17.0
Hour is = 0
Keep the same Occupancy information as previous timestamp.
determine setpoints loop
outTemps[i] = 11.1
zoneTemps[i] = 21.684965
heatTemps[i] = 019.241
coolTemps[i] = 023.241
send to sockets interactions loop
dataStrings[simID] = epGetStartCooling@23.241,epGetStartHeating@19.241,
Send sendControls interaction: 23.241 to socket #0
23:27:52.803 [org.webgme.guest.controller.Controller.main()] INFO  org.webgme.guest.controller.Controller - waiting to receive SimTime...
23:27:53.810 [org.webgme.guest.controller.Controller.main()] INFO  org.webgme.guest.controller.Controller - waiting to receive SimTime...
numVars[simID] = 0
holder[simID] = epSendZoneMeanAirTemp@21.927902,epSendOutdoorAirTemp@11.100000,epSendZoneHumidity@39.418358,
handle interaction loop
vars[0] = epSendZoneMeanAirTemp@21.927902
length of vars = 3
j = 0
token = epSendZoneMeanAirTemp@21.927902
token1[0] = epSendZoneMeanAirTemp
token1[1] = 21.927902
varNames[j] = epSendZoneMeanAirTemp
doubles[j] = 21.927902
j = 1
token = epSendOutdoorAirTemp@11.100000
token1[0] = epSendOutdoorAirTemp
token1[1] = 11.100000
varNames[j] = epSendOutdoorAirTemp
doubles[j] = 11.100000
j = 2
token = epSendZoneHumidity@39.418358
token1[0] = epSendZoneHumidity
token1[1] = 39.418358
varNames[j] = epSendZoneHumidity
doubles[j] = 39.418358
i = 0
i = 1
Logical Time is = 18.0
Hour is = 0
Keep the same Occupancy information as previous timestamp.
determine setpoints loop
outTemps[i] = 11.1
zoneTemps[i] = 21.927902
heatTemps[i] = 019.241
coolTemps[i] = 023.241
send to sockets interactions loop
dataStrings[simID] = epGetStartCooling@23.241,epGetStartHeating@19.241,
Send sendControls interaction: 23.241 to socket #0
23:27:54.889 [org.webgme.guest.controller.Controller.main()] INFO  org.webgme.guest.controller.Controller - waiting to receive SimTime...
23:27:55.899 [org.webgme.guest.controller.Controller.main()] INFO  org.webgme.guest.controller.Controller - waiting to receive SimTime...
numVars[simID] = 0
holder[simID] = epSendZoneMeanAirTemp@22.007210,epSendOutdoorAirTemp@10.600000,epSendZoneHumidity@38.617603,
handle interaction loop
vars[0] = epSendZoneMeanAirTemp@22.007210
length of vars = 3
j = 0
token = epSendZoneMeanAirTemp@22.007210
token1[0] = epSendZoneMeanAirTemp
token1[1] = 22.007210
varNames[j] = epSendZoneMeanAirTemp
doubles[j] = 22.007210
j = 1
token = epSendOutdoorAirTemp@10.600000
token1[0] = epSendOutdoorAirTemp
token1[1] = 10.600000
varNames[j] = epSendOutdoorAirTemp
doubles[j] = 10.600000
j = 2
token = epSendZoneHumidity@38.617603
token1[0] = epSendZoneHumidity
token1[1] = 38.617603
varNames[j] = epSendZoneHumidity
doubles[j] = 38.617603
i = 0
i = 1
Logical Time is = 19.0
Hour is = 0
Keep the same Occupancy information as previous timestamp.
determine setpoints loop
outTemps[i] = 10.6
zoneTemps[i] = 22.00721
heatTemps[i] = 019.086000000000002
coolTemps[i] = 022.486
send to sockets interactions loop
dataStrings[simID] = epGetStartCooling@22.486,epGetStartHeating@19.086000000000002,
Send sendControls interaction: 22.486 to socket #0
23:27:56.984 [org.webgme.guest.controller.Controller.main()] INFO  org.webgme.guest.controller.Controller - waiting to receive SimTime...
23:27:57.990 [org.webgme.guest.controller.Controller.main()] INFO  org.webgme.guest.controller.Controller - waiting to receive SimTime...
numVars[simID] = 0
holder[simID] = epSendZoneMeanAirTemp@21.920311,epSendOutdoorAirTemp@10.600000,epSendZoneHumidity@38.578255,
handle interaction loop
vars[0] = epSendZoneMeanAirTemp@21.920311
length of vars = 3
j = 0
token = epSendZoneMeanAirTemp@21.920311
token1[0] = epSendZoneMeanAirTemp
token1[1] = 21.920311
varNames[j] = epSendZoneMeanAirTemp
doubles[j] = 21.920311
j = 1
token = epSendOutdoorAirTemp@10.600000
token1[0] = epSendOutdoorAirTemp
token1[1] = 10.600000
varNames[j] = epSendOutdoorAirTemp
doubles[j] = 10.600000
j = 2
token = epSendZoneHumidity@38.578255
token1[0] = epSendZoneHumidity
token1[1] = 38.578255
varNames[j] = epSendZoneHumidity
doubles[j] = 38.578255
i = 0
i = 1
Logical Time is = 20.0
Hour is = 0
Keep the same Occupancy information as previous timestamp.
determine setpoints loop
outTemps[i] = 10.6
zoneTemps[i] = 21.920311
heatTemps[i] = 019.086000000000002
coolTemps[i] = 023.086000000000002
send to sockets interactions loop
dataStrings[simID] = epGetStartCooling@23.086000000000002,epGetStartHeating@19.086000000000002,
Send sendControls interaction: 23.086000000000002 to socket #0
23:27:58.092 [org.webgme.guest.controller.Controller.main()] INFO  org.webgme.guest.controller.Controller - waiting to receive SimTime...
23:27:59.101 [org.webgme.guest.controller.Controller.main()] INFO  org.webgme.guest.controller.Controller - waiting to receive SimTime...
numVars[simID] = 0
holder[simID] = epSendZoneMeanAirTemp@21.523235,epSendOutdoorAirTemp@8.900000,epSendZoneHumidity@38.975746,
handle interaction loop
vars[0] = epSendZoneMeanAirTemp@21.523235
length of vars = 3
j = 0
token = epSendZoneMeanAirTemp@21.523235
token1[0] = epSendZoneMeanAirTemp
token1[1] = 21.523235
varNames[j] = epSendZoneMeanAirTemp
doubles[j] = 21.523235
j = 1
token = epSendOutdoorAirTemp@8.900000
token1[0] = epSendOutdoorAirTemp
token1[1] = 8.900000
varNames[j] = epSendOutdoorAirTemp
doubles[j] = 8.900000
j = 2
token = epSendZoneHumidity@38.975746
token1[0] = epSendZoneHumidity
token1[1] = 38.975746
varNames[j] = epSendZoneHumidity
doubles[j] = 38.975746
i = 0
i = 1
Logical Time is = 21.0
Hour is = 0
Keep the same Occupancy information as previous timestamp.
determine setpoints loop
outTemps[i] = 8.9
zoneTemps[i] = 21.523235
heatTemps[i] = 018.9
coolTemps[i] = 022.9
send to sockets interactions loop
dataStrings[simID] = epGetStartCooling@22.9,epGetStartHeating@18.9,
Send sendControls interaction: 22.9 to socket #0
23:28:00.194 [org.webgme.guest.controller.Controller.main()] INFO  org.webgme.guest.controller.Controller - waiting to receive SimTime...
23:28:01.204 [org.webgme.guest.controller.Controller.main()] INFO  org.webgme.guest.controller.Controller - waiting to receive SimTime...
numVars[simID] = 0
holder[simID] = epSendZoneMeanAirTemp@21.241159,epSendOutdoorAirTemp@9.400000,epSendZoneHumidity@39.022705,
handle interaction loop
vars[0] = epSendZoneMeanAirTemp@21.241159
length of vars = 3
j = 0
token = epSendZoneMeanAirTemp@21.241159
token1[0] = epSendZoneMeanAirTemp
token1[1] = 21.241159
varNames[j] = epSendZoneMeanAirTemp
doubles[j] = 21.241159
j = 1
token = epSendOutdoorAirTemp@9.400000
token1[0] = epSendOutdoorAirTemp
token1[1] = 9.400000
varNames[j] = epSendOutdoorAirTemp
doubles[j] = 9.400000
j = 2
token = epSendZoneHumidity@39.022705
token1[0] = epSendZoneHumidity
token1[1] = 39.022705
varNames[j] = epSendZoneHumidity
doubles[j] = 39.022705
i = 0
i = 1
Logical Time is = 22.0
Hour is = 0
Keep the same Occupancy information as previous timestamp.
determine setpoints loop
outTemps[i] = 9.4
zoneTemps[i] = 21.241159
heatTemps[i] = 018.9
coolTemps[i] = 022.9
send to sockets interactions loop
dataStrings[simID] = epGetStartCooling@22.9,epGetStartHeating@18.9,
Send sendControls interaction: 22.9 to socket #0
23:28:02.285 [org.webgme.guest.controller.Controller.main()] INFO  org.webgme.guest.controller.Controller - waiting to receive SimTime...
23:28:03.292 [org.webgme.guest.controller.Controller.main()] INFO  org.webgme.guest.controller.Controller - waiting to receive SimTime...
numVars[simID] = 0
holder[simID] = epSendZoneMeanAirTemp@20.591383,epSendOutdoorAirTemp@7.800000,epSendZoneHumidity@40.629578,
handle interaction loop
vars[0] = epSendZoneMeanAirTemp@20.591383
length of vars = 3
j = 0
token = epSendZoneMeanAirTemp@20.591383
token1[0] = epSendZoneMeanAirTemp
token1[1] = 20.591383
varNames[j] = epSendZoneMeanAirTemp
doubles[j] = 20.591383
j = 1
token = epSendOutdoorAirTemp@7.800000
token1[0] = epSendOutdoorAirTemp
token1[1] = 7.800000
varNames[j] = epSendOutdoorAirTemp
doubles[j] = 7.800000
j = 2
token = epSendZoneHumidity@40.629578
token1[0] = epSendZoneHumidity
token1[1] = 40.629578
varNames[j] = epSendZoneHumidity
doubles[j] = 40.629578
i = 0
i = 1
Logical Time is = 23.0
Hour is = 0
Keep the same Occupancy information as previous timestamp.
determine setpoints loop
outTemps[i] = 7.8
zoneTemps[i] = 20.591383
heatTemps[i] = 018.9
coolTemps[i] = 022.9
send to sockets interactions loop
dataStrings[simID] = epGetStartCooling@22.9,epGetStartHeating@18.9,
Send sendControls interaction: 22.9 to socket #0
23:28:04.366 [org.webgme.guest.controller.Controller.main()] INFO  org.webgme.guest.controller.Controller - waiting to receive SimTime...
23:28:05.374 [org.webgme.guest.controller.Controller.main()] INFO  org.webgme.guest.controller.Controller - waiting to receive SimTime...
numVars[simID] = 0
holder[simID] = epSendZoneMeanAirTemp@19.831818,epSendOutdoorAirTemp@6.700000,epSendZoneHumidity@42.265121,
handle interaction loop
vars[0] = epSendZoneMeanAirTemp@19.831818
length of vars = 3
j = 0
token = epSendZoneMeanAirTemp@19.831818
token1[0] = epSendZoneMeanAirTemp
token1[1] = 19.831818
varNames[j] = epSendZoneMeanAirTemp
doubles[j] = 19.831818
j = 1
token = epSendOutdoorAirTemp@6.700000
token1[0] = epSendOutdoorAirTemp
token1[1] = 6.700000
varNames[j] = epSendOutdoorAirTemp
doubles[j] = 6.700000
j = 2
token = epSendZoneHumidity@42.265121
token1[0] = epSendZoneHumidity
token1[1] = 42.265121
varNames[j] = epSendZoneHumidity
doubles[j] = 42.265121
i = 0
i = 1
Logical Time is = 24.0
Hour is = 0
Keep the same Occupancy information as previous timestamp.
determine setpoints loop
outTemps[i] = 6.7
zoneTemps[i] = 19.831818
heatTemps[i] = 019.5
coolTemps[i] = 022.9
send to sockets interactions loop
dataStrings[simID] = epGetStartCooling@22.9,epGetStartHeating@19.5,
Send sendControls interaction: 22.9 to socket #0
23:28:05.525 [org.webgme.guest.controller.Controller.main()] INFO  org.webgme.guest.controller.Controller - waiting to receive SimTime...
23:28:06.532 [org.webgme.guest.controller.Controller.main()] INFO  org.webgme.guest.controller.Controller - waiting to receive SimTime...
numVars[simID] = 0
holder[simID] = epSendZoneMeanAirTemp@19.453327,epSendOutdoorAirTemp@8.900000,epSendZoneHumidity@44.145069,
handle interaction loop
vars[0] = epSendZoneMeanAirTemp@19.453327
length of vars = 3
j = 0
token = epSendZoneMeanAirTemp@19.453327
token1[0] = epSendZoneMeanAirTemp
token1[1] = 19.453327
varNames[j] = epSendZoneMeanAirTemp
doubles[j] = 19.453327
j = 1
token = epSendOutdoorAirTemp@8.900000
token1[0] = epSendOutdoorAirTemp
token1[1] = 8.900000
varNames[j] = epSendOutdoorAirTemp
doubles[j] = 8.900000
j = 2
token = epSendZoneHumidity@44.145069
token1[0] = epSendZoneHumidity
token1[1] = 44.145069
varNames[j] = epSendZoneHumidity
doubles[j] = 44.145069
i = 0
i = 1
Logical Time is = 25.0
Hour is = 0
Keep the same Occupancy information as previous timestamp.
determine setpoints loop
outTemps[i] = 8.9
zoneTemps[i] = 19.453327
heatTemps[i] = 019.5
coolTemps[i] = 022.9
send to sockets interactions loop
dataStrings[simID] = epGetStartCooling@22.9,epGetStartHeating@19.5,
Send sendControls interaction: 22.9 to socket #0
23:28:07.623 [org.webgme.guest.controller.Controller.main()] INFO  org.webgme.guest.controller.Controller - waiting to receive SimTime...
23:28:08.630 [org.webgme.guest.controller.Controller.main()] INFO  org.webgme.guest.controller.Controller - waiting to receive SimTime...
numVars[simID] = 0
holder[simID] = epSendZoneMeanAirTemp@18.599989,epSendOutdoorAirTemp@6.100000,epSendZoneHumidity@45.359180,
handle interaction loop
vars[0] = epSendZoneMeanAirTemp@18.599989
length of vars = 3
j = 0
token = epSendZoneMeanAirTemp@18.599989
token1[0] = epSendZoneMeanAirTemp
token1[1] = 18.599989
varNames[j] = epSendZoneMeanAirTemp
doubles[j] = 18.599989
j = 1
token = epSendOutdoorAirTemp@6.100000
token1[0] = epSendOutdoorAirTemp
token1[1] = 6.100000
varNames[j] = epSendOutdoorAirTemp
doubles[j] = 6.100000
j = 2
token = epSendZoneHumidity@45.359180
token1[0] = epSendZoneHumidity
token1[1] = 45.359180
varNames[j] = epSendZoneHumidity
doubles[j] = 45.359180
i = 0
i = 1
Logical Time is = 26.0
Hour is = 0
Keep the same Occupancy information as previous timestamp.
determine setpoints loop
outTemps[i] = 6.1
zoneTemps[i] = 18.599989
heatTemps[i] = 020.1
coolTemps[i] = 022.9
send to sockets interactions loop
dataStrings[simID] = epGetStartCooling@22.9,epGetStartHeating@20.1,
Send sendControls interaction: 22.9 to socket #0
23:28:09.703 [org.webgme.guest.controller.Controller.main()] INFO  org.webgme.guest.controller.Controller - waiting to receive SimTime...
23:28:10.710 [org.webgme.guest.controller.Controller.main()] INFO  org.webgme.guest.controller.Controller - waiting to receive SimTime...
numVars[simID] = 0
holder[simID] = epSendZoneMeanAirTemp@17.955200,epSendOutdoorAirTemp@5.600000,epSendZoneHumidity@46.560646,
handle interaction loop
vars[0] = epSendZoneMeanAirTemp@17.955200
length of vars = 3
j = 0
token = epSendZoneMeanAirTemp@17.955200
token1[0] = epSendZoneMeanAirTemp
token1[1] = 17.955200
varNames[j] = epSendZoneMeanAirTemp
doubles[j] = 17.955200
j = 1
token = epSendOutdoorAirTemp@5.600000
token1[0] = epSendOutdoorAirTemp
token1[1] = 5.600000
varNames[j] = epSendOutdoorAirTemp
doubles[j] = 5.600000
j = 2
token = epSendZoneHumidity@46.560646
token1[0] = epSendZoneHumidity
token1[1] = 46.560646
varNames[j] = epSendZoneHumidity
doubles[j] = 46.560646
i = 0
i = 1
Logical Time is = 27.0
Hour is = 0
Keep the same Occupancy information as previous timestamp.
determine setpoints loop
outTemps[i] = 5.6
zoneTemps[i] = 17.9552
heatTemps[i] = 020.1
coolTemps[i] = 022.9
send to sockets interactions loop
dataStrings[simID] = epGetStartCooling@22.9,epGetStartHeating@20.1,
Send sendControls interaction: 22.9 to socket #0
23:28:11.792 [org.webgme.guest.controller.Controller.main()] INFO  org.webgme.guest.controller.Controller - waiting to receive SimTime...
23:28:12.798 [org.webgme.guest.controller.Controller.main()] INFO  org.webgme.guest.controller.Controller - waiting to receive SimTime...
numVars[simID] = 0
holder[simID] = epSendZoneMeanAirTemp@17.119003,epSendOutdoorAirTemp@3.900000,epSendZoneHumidity@46.899818,
handle interaction loop
vars[0] = epSendZoneMeanAirTemp@17.119003
length of vars = 3
j = 0
token = epSendZoneMeanAirTemp@17.119003
token1[0] = epSendZoneMeanAirTemp
token1[1] = 17.119003
varNames[j] = epSendZoneMeanAirTemp
doubles[j] = 17.119003
j = 1
token = epSendOutdoorAirTemp@3.900000
token1[0] = epSendOutdoorAirTemp
token1[1] = 3.900000
varNames[j] = epSendOutdoorAirTemp
doubles[j] = 3.900000
j = 2
token = epSendZoneHumidity@46.899818
token1[0] = epSendZoneHumidity
token1[1] = 46.899818
varNames[j] = epSendZoneHumidity
doubles[j] = 46.899818
i = 0
i = 1
Logical Time is = 28.0
Hour is = 0
Keep the same Occupancy information as previous timestamp.
determine setpoints loop
outTemps[i] = 3.9
zoneTemps[i] = 17.119003
heatTemps[i] = 020.1
coolTemps[i] = 022.9
send to sockets interactions loop
dataStrings[simID] = epGetStartCooling@22.9,epGetStartHeating@20.1,
Send sendControls interaction: 22.9 to socket #0
23:28:13.873 [org.webgme.guest.controller.Controller.main()] INFO  org.webgme.guest.controller.Controller - waiting to receive SimTime...
23:28:14.881 [org.webgme.guest.controller.Controller.main()] INFO  org.webgme.guest.controller.Controller - waiting to receive SimTime...
numVars[simID] = 0
holder[simID] = epSendZoneMeanAirTemp@16.740625,epSendOutdoorAirTemp@5.600000,epSendZoneHumidity@47.907558,
handle interaction loop
vars[0] = epSendZoneMeanAirTemp@16.740625
length of vars = 3
j = 0
token = epSendZoneMeanAirTemp@16.740625
token1[0] = epSendZoneMeanAirTemp
token1[1] = 16.740625
varNames[j] = epSendZoneMeanAirTemp
doubles[j] = 16.740625
j = 1
token = epSendOutdoorAirTemp@5.600000
token1[0] = epSendOutdoorAirTemp
token1[1] = 5.600000
varNames[j] = epSendOutdoorAirTemp
doubles[j] = 5.600000
j = 2
token = epSendZoneHumidity@47.907558
token1[0] = epSendZoneHumidity
token1[1] = 47.907558
varNames[j] = epSendZoneHumidity
doubles[j] = 47.907558
i = 0
i = 1
Logical Time is = 29.0
Hour is = 0
Keep the same Occupancy information as previous timestamp.
determine setpoints loop
outTemps[i] = 5.6
zoneTemps[i] = 16.740625
heatTemps[i] = 020.1
coolTemps[i] = 022.9
send to sockets interactions loop
dataStrings[simID] = epGetStartCooling@22.9,epGetStartHeating@20.1,
Send sendControls interaction: 22.9 to socket #0
23:28:15.960 [org.webgme.guest.controller.Controller.main()] INFO  org.webgme.guest.controller.Controller - waiting to receive SimTime...
23:28:16.966 [org.webgme.guest.controller.Controller.main()] INFO  org.webgme.guest.controller.Controller - waiting to receive SimTime...
numVars[simID] = 0
holder[simID] = epSendZoneMeanAirTemp@16.397259,epSendOutdoorAirTemp@7.200000,epSendZoneHumidity@48.935062,
handle interaction loop
vars[0] = epSendZoneMeanAirTemp@16.397259
length of vars = 3
j = 0
token = epSendZoneMeanAirTemp@16.397259
token1[0] = epSendZoneMeanAirTemp
token1[1] = 16.397259
varNames[j] = epSendZoneMeanAirTemp
doubles[j] = 16.397259
j = 1
token = epSendOutdoorAirTemp@7.200000
token1[0] = epSendOutdoorAirTemp
token1[1] = 7.200000
varNames[j] = epSendOutdoorAirTemp
doubles[j] = 7.200000
j = 2
token = epSendZoneHumidity@48.935062
token1[0] = epSendZoneHumidity
token1[1] = 48.935062
varNames[j] = epSendZoneHumidity
doubles[j] = 48.935062
i = 0
i = 1
Logical Time is = 30.0
Hour is = 0
Keep the same Occupancy information as previous timestamp.
determine setpoints loop
outTemps[i] = 7.2
zoneTemps[i] = 16.397259
heatTemps[i] = 020.1
coolTemps[i] = 022.9
send to sockets interactions loop
dataStrings[simID] = epGetStartCooling@22.9,epGetStartHeating@20.1,
Send sendControls interaction: 22.9 to socket #0
23:28:18.037 [org.webgme.guest.controller.Controller.main()] INFO  org.webgme.guest.controller.Controller - waiting to receive SimTime...
23:28:19.045 [org.webgme.guest.controller.Controller.main()] INFO  org.webgme.guest.controller.Controller - waiting to receive SimTime...
numVars[simID] = 0
holder[simID] = epSendZoneMeanAirTemp@16.116341,epSendOutdoorAirTemp@7.800000,epSendZoneHumidity@49.110847,
handle interaction loop
vars[0] = epSendZoneMeanAirTemp@16.116341
length of vars = 3
j = 0
token = epSendZoneMeanAirTemp@16.116341
token1[0] = epSendZoneMeanAirTemp
token1[1] = 16.116341
varNames[j] = epSendZoneMeanAirTemp
doubles[j] = 16.116341
j = 1
token = epSendOutdoorAirTemp@7.800000
token1[0] = epSendOutdoorAirTemp
token1[1] = 7.800000
varNames[j] = epSendOutdoorAirTemp
doubles[j] = 7.800000
j = 2
token = epSendZoneHumidity@49.110847
token1[0] = epSendZoneHumidity
token1[1] = 49.110847
varNames[j] = epSendZoneHumidity
doubles[j] = 49.110847
i = 0
i = 1
Logical Time is = 31.0
Hour is = 0
Keep the same Occupancy information as previous timestamp.
determine setpoints loop
outTemps[i] = 7.8
zoneTemps[i] = 16.116341
heatTemps[i] = 020.1
coolTemps[i] = 022.9
send to sockets interactions loop
dataStrings[simID] = epGetStartCooling@22.9,epGetStartHeating@20.1,
Send sendControls interaction: 22.9 to socket #0
23:28:19.152 [org.webgme.guest.controller.Controller.main()] INFO  org.webgme.guest.controller.Controller - waiting to receive SimTime...
numVars[simID] = 0
holder[simID] = epSendZoneMeanAirTemp@15.710415,epSendOutdoorAirTemp@7.200000,epSendZoneHumidity@50.496685,
handle interaction loop
vars[0] = epSendZoneMeanAirTemp@15.710415
length of vars = 3
j = 0
token = epSendZoneMeanAirTemp@15.710415
token1[0] = epSendZoneMeanAirTemp
token1[1] = 15.710415
varNames[j] = epSendZoneMeanAirTemp
doubles[j] = 15.710415
j = 1
token = epSendOutdoorAirTemp@7.200000
token1[0] = epSendOutdoorAirTemp
token1[1] = 7.200000
varNames[j] = epSendOutdoorAirTemp
doubles[j] = 7.200000
j = 2
token = epSendZoneHumidity@50.496685
token1[0] = epSendZoneHumidity
token1[1] = 50.496685
varNames[j] = epSendZoneHumidity
doubles[j] = 50.496685
i = 0
i = 1
Logical Time is = 32.0
Hour is = 0
Keep the same Occupancy information as previous timestamp.
determine setpoints loop
outTemps[i] = 7.2
zoneTemps[i] = 15.710415
heatTemps[i] = 020.1
coolTemps[i] = 022.9
send to sockets interactions loop
dataStrings[simID] = epGetStartCooling@22.9,epGetStartHeating@20.1,
Send sendControls interaction: 22.9 to socket #0
23:28:20.216 [org.webgme.guest.controller.Controller.main()] INFO  org.webgme.guest.controller.Controller - waiting to receive SimTime...
23:28:21.225 [org.webgme.guest.controller.Controller.main()] INFO  org.webgme.guest.controller.Controller - waiting to receive SimTime...
numVars[simID] = 0
holder[simID] = epSendZoneMeanAirTemp@16.196383,epSendOutdoorAirTemp@10.600000,epSendZoneHumidity@47.773861,
handle interaction loop
vars[0] = epSendZoneMeanAirTemp@16.196383
length of vars = 3
j = 0
token = epSendZoneMeanAirTemp@16.196383
token1[0] = epSendZoneMeanAirTemp
token1[1] = 16.196383
varNames[j] = epSendZoneMeanAirTemp
doubles[j] = 16.196383
j = 1
token = epSendOutdoorAirTemp@10.600000
token1[0] = epSendOutdoorAirTemp
token1[1] = 10.600000
varNames[j] = epSendOutdoorAirTemp
doubles[j] = 10.600000
j = 2
token = epSendZoneHumidity@47.773861
token1[0] = epSendZoneHumidity
token1[1] = 47.773861
varNames[j] = epSendZoneHumidity
doubles[j] = 47.773861
i = 0
i = 1
Logical Time is = 33.0
Hour is = 0
Keep the same Occupancy information as previous timestamp.
determine setpoints loop
outTemps[i] = 10.6
zoneTemps[i] = 16.196383
heatTemps[i] = 020.286000000000005
coolTemps[i] = 023.086000000000002
send to sockets interactions loop
dataStrings[simID] = epGetStartCooling@23.086000000000002,epGetStartHeating@20.286000000000005,
Send sendControls interaction: 23.086000000000002 to socket #0
23:28:22.310 [org.webgme.guest.controller.Controller.main()] INFO  org.webgme.guest.controller.Controller - waiting to receive SimTime...
23:28:23.315 [org.webgme.guest.controller.Controller.main()] INFO  org.webgme.guest.controller.Controller - waiting to receive SimTime...
numVars[simID] = 0
holder[simID] = epSendZoneMeanAirTemp@16.851355,epSendOutdoorAirTemp@11.700000,epSendZoneHumidity@45.365414,
handle interaction loop
vars[0] = epSendZoneMeanAirTemp@16.851355
length of vars = 3
j = 0
token = epSendZoneMeanAirTemp@16.851355
token1[0] = epSendZoneMeanAirTemp
token1[1] = 16.851355
varNames[j] = epSendZoneMeanAirTemp
doubles[j] = 16.851355
j = 1
token = epSendOutdoorAirTemp@11.700000
token1[0] = epSendOutdoorAirTemp
token1[1] = 11.700000
varNames[j] = epSendOutdoorAirTemp
doubles[j] = 11.700000
j = 2
token = epSendZoneHumidity@45.365414
token1[0] = epSendZoneHumidity
token1[1] = 45.365414
varNames[j] = epSendZoneHumidity
doubles[j] = 45.365414
i = 0
i = 1
Logical Time is = 34.0
Hour is = 0
Keep the same Occupancy information as previous timestamp.
determine setpoints loop
outTemps[i] = 11.7
zoneTemps[i] = 16.851355
heatTemps[i] = 020.627000000000002
coolTemps[i] = 023.427
send to sockets interactions loop
dataStrings[simID] = epGetStartCooling@23.427,epGetStartHeating@20.627000000000002,
Send sendControls interaction: 23.427 to socket #0
23:28:24.414 [org.webgme.guest.controller.Controller.main()] INFO  org.webgme.guest.controller.Controller - waiting to receive SimTime...
23:28:25.420 [org.webgme.guest.controller.Controller.main()] INFO  org.webgme.guest.controller.Controller - waiting to receive SimTime...
numVars[simID] = 0
holder[simID] = epSendZoneMeanAirTemp@17.652233,epSendOutdoorAirTemp@13.900000,epSendZoneHumidity@42.280685,
handle interaction loop
vars[0] = epSendZoneMeanAirTemp@17.652233
length of vars = 3
j = 0
token = epSendZoneMeanAirTemp@17.652233
token1[0] = epSendZoneMeanAirTemp
token1[1] = 17.652233
varNames[j] = epSendZoneMeanAirTemp
doubles[j] = 17.652233
j = 1
token = epSendOutdoorAirTemp@13.900000
token1[0] = epSendOutdoorAirTemp
token1[1] = 13.900000
varNames[j] = epSendOutdoorAirTemp
doubles[j] = 13.900000
j = 2
token = epSendZoneHumidity@42.280685
token1[0] = epSendZoneHumidity
token1[1] = 42.280685
varNames[j] = epSendZoneHumidity
doubles[j] = 42.280685
i = 0
i = 1
Logical Time is = 35.0
Hour is = 0
Keep the same Occupancy information as previous timestamp.
determine setpoints loop
outTemps[i] = 13.9
zoneTemps[i] = 17.652233
heatTemps[i] = 021.309000000000005
coolTemps[i] = 024.109
send to sockets interactions loop
dataStrings[simID] = epGetStartCooling@24.109,epGetStartHeating@21.309000000000005,
Send sendControls interaction: 24.109 to socket #0
23:28:26.511 [org.webgme.guest.controller.Controller.main()] INFO  org.webgme.guest.controller.Controller - waiting to receive SimTime...
23:28:27.517 [org.webgme.guest.controller.Controller.main()] INFO  org.webgme.guest.controller.Controller - waiting to receive SimTime...
numVars[simID] = 0
holder[simID] = epSendZoneMeanAirTemp@18.392426,epSendOutdoorAirTemp@13.900000,epSendZoneHumidity@40.078251,
handle interaction loop
vars[0] = epSendZoneMeanAirTemp@18.392426
length of vars = 3
j = 0
token = epSendZoneMeanAirTemp@18.392426
token1[0] = epSendZoneMeanAirTemp
token1[1] = 18.392426
varNames[j] = epSendZoneMeanAirTemp
doubles[j] = 18.392426
j = 1
token = epSendOutdoorAirTemp@13.900000
token1[0] = epSendOutdoorAirTemp
token1[1] = 13.900000
varNames[j] = epSendOutdoorAirTemp
doubles[j] = 13.900000
j = 2
token = epSendZoneHumidity@40.078251
token1[0] = epSendZoneHumidity
token1[1] = 40.078251
varNames[j] = epSendZoneHumidity
doubles[j] = 40.078251
i = 0
i = 1
Logical Time is = 36.0
Hour is = 0
Keep the same Occupancy information as previous timestamp.
determine setpoints loop
outTemps[i] = 13.9
zoneTemps[i] = 18.392426
heatTemps[i] = 021.309000000000005
coolTemps[i] = 024.109
send to sockets interactions loop
dataStrings[simID] = epGetStartCooling@24.109,epGetStartHeating@21.309000000000005,
Send sendControls interaction: 24.109 to socket #0
23:28:28.602 [org.webgme.guest.controller.Controller.main()] INFO  org.webgme.guest.controller.Controller - waiting to receive SimTime...
23:28:29.609 [org.webgme.guest.controller.Controller.main()] INFO  org.webgme.guest.controller.Controller - waiting to receive SimTime...
numVars[simID] = 0
holder[simID] = epSendZoneMeanAirTemp@19.317190,epSendOutdoorAirTemp@13.900000,epSendZoneHumidity@38.258404,
handle interaction loop
vars[0] = epSendZoneMeanAirTemp@19.317190
length of vars = 3
j = 0
token = epSendZoneMeanAirTemp@19.317190
token1[0] = epSendZoneMeanAirTemp
token1[1] = 19.317190
varNames[j] = epSendZoneMeanAirTemp
doubles[j] = 19.317190
j = 1
token = epSendOutdoorAirTemp@13.900000
token1[0] = epSendOutdoorAirTemp
token1[1] = 13.900000
varNames[j] = epSendOutdoorAirTemp
doubles[j] = 13.900000
j = 2
token = epSendZoneHumidity@38.258404
token1[0] = epSendZoneHumidity
token1[1] = 38.258404
varNames[j] = epSendZoneHumidity
doubles[j] = 38.258404
i = 0
i = 1
Logical Time is = 37.0
Hour is = 0
Keep the same Occupancy information as previous timestamp.
determine setpoints loop
outTemps[i] = 13.9
zoneTemps[i] = 19.31719
heatTemps[i] = 021.309000000000005
coolTemps[i] = 024.109
send to sockets interactions loop
dataStrings[simID] = epGetStartCooling@24.109,epGetStartHeating@21.309000000000005,
Send sendControls interaction: 24.109 to socket #0
23:28:30.710 [org.webgme.guest.controller.Controller.main()] INFO  org.webgme.guest.controller.Controller - waiting to receive SimTime...
23:28:31.720 [org.webgme.guest.controller.Controller.main()] INFO  org.webgme.guest.controller.Controller - waiting to receive SimTime...
numVars[simID] = 0
holder[simID] = epSendZoneMeanAirTemp@19.955231,epSendOutdoorAirTemp@13.900000,epSendZoneHumidity@37.267445,
handle interaction loop
vars[0] = epSendZoneMeanAirTemp@19.955231
length of vars = 3
j = 0
token = epSendZoneMeanAirTemp@19.955231
token1[0] = epSendZoneMeanAirTemp
token1[1] = 19.955231
varNames[j] = epSendZoneMeanAirTemp
doubles[j] = 19.955231
j = 1
token = epSendOutdoorAirTemp@13.900000
token1[0] = epSendOutdoorAirTemp
token1[1] = 13.900000
varNames[j] = epSendOutdoorAirTemp
doubles[j] = 13.900000
j = 2
token = epSendZoneHumidity@37.267445
token1[0] = epSendZoneHumidity
token1[1] = 37.267445
varNames[j] = epSendZoneHumidity
doubles[j] = 37.267445
i = 0
i = 1
Logical Time is = 38.0
Hour is = 0
Keep the same Occupancy information as previous timestamp.
determine setpoints loop
outTemps[i] = 13.9
zoneTemps[i] = 19.955231
heatTemps[i] = 021.309000000000005
coolTemps[i] = 024.109
send to sockets interactions loop
dataStrings[simID] = epGetStartCooling@24.109,epGetStartHeating@21.309000000000005,
Send sendControls interaction: 24.109 to socket #0
23:28:32.792 [org.webgme.guest.controller.Controller.main()] INFO  org.webgme.guest.controller.Controller - waiting to receive SimTime...
23:28:33.798 [org.webgme.guest.controller.Controller.main()] INFO  org.webgme.guest.controller.Controller - waiting to receive SimTime...
numVars[simID] = 0
holder[simID] = epSendZoneMeanAirTemp@20.707962,epSendOutdoorAirTemp@12.200000,epSendZoneHumidity@38.017147,
handle interaction loop
vars[0] = epSendZoneMeanAirTemp@20.707962
length of vars = 3
j = 0
token = epSendZoneMeanAirTemp@20.707962
token1[0] = epSendZoneMeanAirTemp
token1[1] = 20.707962
varNames[j] = epSendZoneMeanAirTemp
doubles[j] = 20.707962
j = 1
token = epSendOutdoorAirTemp@12.200000
token1[0] = epSendOutdoorAirTemp
token1[1] = 12.200000
varNames[j] = epSendOutdoorAirTemp
doubles[j] = 12.200000
j = 2
token = epSendZoneHumidity@38.017147
token1[0] = epSendZoneHumidity
token1[1] = 38.017147
varNames[j] = epSendZoneHumidity
doubles[j] = 38.017147
i = 0
i = 1
Logical Time is = 39.0
Hour is = 0
Keep the same Occupancy information as previous timestamp.
determine setpoints loop
outTemps[i] = 12.2
zoneTemps[i] = 20.707962
heatTemps[i] = 019.582
coolTemps[i] = 023.582
send to sockets interactions loop
dataStrings[simID] = epGetStartCooling@23.582,epGetStartHeating@19.582,
Send sendControls interaction: 23.582 to socket #0
23:28:33.951 [org.webgme.guest.controller.Controller.main()] INFO  org.webgme.guest.controller.Controller - waiting to receive SimTime...
23:28:34.958 [org.webgme.guest.controller.Controller.main()] INFO  org.webgme.guest.controller.Controller - waiting to receive SimTime...
numVars[simID] = 0
holder[simID] = epSendZoneMeanAirTemp@21.342682,epSendOutdoorAirTemp@12.800000,epSendZoneHumidity@37.067482,
handle interaction loop
vars[0] = epSendZoneMeanAirTemp@21.342682
length of vars = 3
j = 0
token = epSendZoneMeanAirTemp@21.342682
token1[0] = epSendZoneMeanAirTemp
token1[1] = 21.342682
varNames[j] = epSendZoneMeanAirTemp
doubles[j] = 21.342682
j = 1
token = epSendOutdoorAirTemp@12.800000
token1[0] = epSendOutdoorAirTemp
token1[1] = 12.800000
varNames[j] = epSendOutdoorAirTemp
doubles[j] = 12.800000
j = 2
token = epSendZoneHumidity@37.067482
token1[0] = epSendZoneHumidity
token1[1] = 37.067482
varNames[j] = epSendZoneHumidity
doubles[j] = 37.067482
i = 0
i = 1
Logical Time is = 40.0
Hour is = 0
Keep the same Occupancy information as previous timestamp.
determine setpoints loop
outTemps[i] = 12.8
zoneTemps[i] = 21.342682
heatTemps[i] = 019.768
coolTemps[i] = 023.768
send to sockets interactions loop
dataStrings[simID] = epGetStartCooling@23.768,epGetStartHeating@19.768,
Send sendControls interaction: 23.768 to socket #0
23:28:36.053 [org.webgme.guest.controller.Controller.main()] INFO  org.webgme.guest.controller.Controller - waiting to receive SimTime...
23:28:37.059 [org.webgme.guest.controller.Controller.main()] INFO  org.webgme.guest.controller.Controller - waiting to receive SimTime...
numVars[simID] = 0
holder[simID] = epSendZoneMeanAirTemp@21.056431,epSendOutdoorAirTemp@11.100000,epSendZoneHumidity@39.199924,
handle interaction loop
vars[0] = epSendZoneMeanAirTemp@21.056431
length of vars = 3
j = 0
token = epSendZoneMeanAirTemp@21.056431
token1[0] = epSendZoneMeanAirTemp
token1[1] = 21.056431
varNames[j] = epSendZoneMeanAirTemp
doubles[j] = 21.056431
j = 1
token = epSendOutdoorAirTemp@11.100000
token1[0] = epSendOutdoorAirTemp
token1[1] = 11.100000
varNames[j] = epSendOutdoorAirTemp
doubles[j] = 11.100000
j = 2
token = epSendZoneHumidity@39.199924
token1[0] = epSendZoneHumidity
token1[1] = 39.199924
varNames[j] = epSendZoneHumidity
doubles[j] = 39.199924
i = 0
i = 1
Logical Time is = 41.0
Hour is = 0
Keep the same Occupancy information as previous timestamp.
determine setpoints loop
outTemps[i] = 11.1
zoneTemps[i] = 21.056431
heatTemps[i] = 019.241
coolTemps[i] = 023.241
send to sockets interactions loop
dataStrings[simID] = epGetStartCooling@23.241,epGetStartHeating@19.241,
Send sendControls interaction: 23.241 to socket #0
23:28:38.155 [org.webgme.guest.controller.Controller.main()] INFO  org.webgme.guest.controller.Controller - waiting to receive SimTime...
23:28:39.162 [org.webgme.guest.controller.Controller.main()] INFO  org.webgme.guest.controller.Controller - waiting to receive SimTime...
numVars[simID] = 0
holder[simID] = epSendZoneMeanAirTemp@21.346031,epSendOutdoorAirTemp@10.600000,epSendZoneHumidity@39.773308,
handle interaction loop
vars[0] = epSendZoneMeanAirTemp@21.346031
length of vars = 3
j = 0
token = epSendZoneMeanAirTemp@21.346031
token1[0] = epSendZoneMeanAirTemp
token1[1] = 21.346031
varNames[j] = epSendZoneMeanAirTemp
doubles[j] = 21.346031
j = 1
token = epSendOutdoorAirTemp@10.600000
token1[0] = epSendOutdoorAirTemp
token1[1] = 10.600000
varNames[j] = epSendOutdoorAirTemp
doubles[j] = 10.600000
j = 2
token = epSendZoneHumidity@39.773308
token1[0] = epSendZoneHumidity
token1[1] = 39.773308
varNames[j] = epSendZoneHumidity
doubles[j] = 39.773308
i = 0
i = 1
Logical Time is = 42.0
Hour is = 0
Keep the same Occupancy information as previous timestamp.
determine setpoints loop
outTemps[i] = 10.6
zoneTemps[i] = 21.346031
heatTemps[i] = 019.086000000000002
coolTemps[i] = 023.086000000000002
send to sockets interactions loop
dataStrings[simID] = epGetStartCooling@23.086000000000002,epGetStartHeating@19.086000000000002,
Send sendControls interaction: 23.086000000000002 to socket #0
23:28:40.241 [org.webgme.guest.controller.Controller.main()] INFO  org.webgme.guest.controller.Controller - waiting to receive SimTime...
23:28:41.248 [org.webgme.guest.controller.Controller.main()] INFO  org.webgme.guest.controller.Controller - waiting to receive SimTime...
numVars[simID] = 0
holder[simID] = epSendZoneMeanAirTemp@21.615541,epSendOutdoorAirTemp@11.700000,epSendZoneHumidity@39.405758,
handle interaction loop
vars[0] = epSendZoneMeanAirTemp@21.615541
length of vars = 3
j = 0
token = epSendZoneMeanAirTemp@21.615541
token1[0] = epSendZoneMeanAirTemp
token1[1] = 21.615541
varNames[j] = epSendZoneMeanAirTemp
doubles[j] = 21.615541
j = 1
token = epSendOutdoorAirTemp@11.700000
token1[0] = epSendOutdoorAirTemp
token1[1] = 11.700000
varNames[j] = epSendOutdoorAirTemp
doubles[j] = 11.700000
j = 2
token = epSendZoneHumidity@39.405758
token1[0] = epSendZoneHumidity
token1[1] = 39.405758
varNames[j] = epSendZoneHumidity
doubles[j] = 39.405758
i = 0
i = 1
Logical Time is = 43.0
Hour is = 0
Keep the same Occupancy information as previous timestamp.
determine setpoints loop
outTemps[i] = 11.7
zoneTemps[i] = 21.615541
heatTemps[i] = 019.427
coolTemps[i] = 023.427
send to sockets interactions loop
dataStrings[simID] = epGetStartCooling@23.427,epGetStartHeating@19.427,
Send sendControls interaction: 23.427 to socket #0
23:28:42.331 [org.webgme.guest.controller.Controller.main()] INFO  org.webgme.guest.controller.Controller - waiting to receive SimTime...
23:28:43.339 [org.webgme.guest.controller.Controller.main()] INFO  org.webgme.guest.controller.Controller - waiting to receive SimTime...
numVars[simID] = 0
holder[simID] = epSendZoneMeanAirTemp@21.596758,epSendOutdoorAirTemp@11.700000,epSendZoneHumidity@38.926876,
handle interaction loop
vars[0] = epSendZoneMeanAirTemp@21.596758
length of vars = 3
j = 0
token = epSendZoneMeanAirTemp@21.596758
token1[0] = epSendZoneMeanAirTemp
token1[1] = 21.596758
varNames[j] = epSendZoneMeanAirTemp
doubles[j] = 21.596758
j = 1
token = epSendOutdoorAirTemp@11.700000
token1[0] = epSendOutdoorAirTemp
token1[1] = 11.700000
varNames[j] = epSendOutdoorAirTemp
doubles[j] = 11.700000
j = 2
token = epSendZoneHumidity@38.926876
token1[0] = epSendZoneHumidity
token1[1] = 38.926876
varNames[j] = epSendZoneHumidity
doubles[j] = 38.926876
i = 0
i = 1
Logical Time is = 44.0
Hour is = 0
Keep the same Occupancy information as previous timestamp.
determine setpoints loop
outTemps[i] = 11.7
zoneTemps[i] = 21.596758
heatTemps[i] = 019.427
coolTemps[i] = 023.427
send to sockets interactions loop
dataStrings[simID] = epGetStartCooling@23.427,epGetStartHeating@19.427,
Send sendControls interaction: 23.427 to socket #0
23:28:44.417 [org.webgme.guest.controller.Controller.main()] INFO  org.webgme.guest.controller.Controller - waiting to receive SimTime...
23:28:45.424 [org.webgme.guest.controller.Controller.main()] INFO  org.webgme.guest.controller.Controller - waiting to receive SimTime...
numVars[simID] = 0
holder[simID] = epSendZoneMeanAirTemp@21.285179,epSendOutdoorAirTemp@10.000000,epSendZoneHumidity@40.454010,
handle interaction loop
vars[0] = epSendZoneMeanAirTemp@21.285179
length of vars = 3
j = 0
token = epSendZoneMeanAirTemp@21.285179
token1[0] = epSendZoneMeanAirTemp
token1[1] = 21.285179
varNames[j] = epSendZoneMeanAirTemp
doubles[j] = 21.285179
j = 1
token = epSendOutdoorAirTemp@10.000000
token1[0] = epSendOutdoorAirTemp
token1[1] = 10.000000
varNames[j] = epSendOutdoorAirTemp
doubles[j] = 10.000000
j = 2
token = epSendZoneHumidity@40.454010
token1[0] = epSendZoneHumidity
token1[1] = 40.454010
varNames[j] = epSendZoneHumidity
doubles[j] = 40.454010
i = 0
i = 1
Logical Time is = 45.0
Hour is = 0
Keep the same Occupancy information as previous timestamp.
determine setpoints loop
outTemps[i] = 10.0
zoneTemps[i] = 21.285179
heatTemps[i] = 018.9
coolTemps[i] = 022.9
send to sockets interactions loop
dataStrings[simID] = epGetStartCooling@22.9,epGetStartHeating@18.9,
Send sendControls interaction: 22.9 to socket #0
23:28:46.493 [org.webgme.guest.controller.Controller.main()] INFO  org.webgme.guest.controller.Controller - waiting to receive SimTime...
23:28:47.500 [org.webgme.guest.controller.Controller.main()] INFO  org.webgme.guest.controller.Controller - waiting to receive SimTime...
numVars[simID] = 0
holder[simID] = epSendZoneMeanAirTemp@20.919735,epSendOutdoorAirTemp@8.900000,epSendZoneHumidity@42.503567,
handle interaction loop
vars[0] = epSendZoneMeanAirTemp@20.919735
length of vars = 3
j = 0
token = epSendZoneMeanAirTemp@20.919735
token1[0] = epSendZoneMeanAirTemp
token1[1] = 20.919735
varNames[j] = epSendZoneMeanAirTemp
doubles[j] = 20.919735
j = 1
token = epSendOutdoorAirTemp@8.900000
token1[0] = epSendOutdoorAirTemp
token1[1] = 8.900000
varNames[j] = epSendOutdoorAirTemp
doubles[j] = 8.900000
j = 2
token = epSendZoneHumidity@42.503567
token1[0] = epSendZoneHumidity
token1[1] = 42.503567
varNames[j] = epSendZoneHumidity
doubles[j] = 42.503567
i = 0
i = 1
Logical Time is = 46.0
Hour is = 0
Keep the same Occupancy information as previous timestamp.
determine setpoints loop
outTemps[i] = 8.9
zoneTemps[i] = 20.919735
heatTemps[i] = 018.9
coolTemps[i] = 022.9
send to sockets interactions loop
dataStrings[simID] = epGetStartCooling@22.9,epGetStartHeating@18.9,
Send sendControls interaction: 22.9 to socket #0
23:28:48.594 [org.webgme.guest.controller.Controller.main()] INFO  org.webgme.guest.controller.Controller - waiting to receive SimTime...
23:28:49.601 [org.webgme.guest.controller.Controller.main()] INFO  org.webgme.guest.controller.Controller - waiting to receive SimTime...
numVars[simID] = 0
holder[simID] = epSendZoneMeanAirTemp@20.513796,epSendOutdoorAirTemp@9.400000,epSendZoneHumidity@44.080830,
handle interaction loop
vars[0] = epSendZoneMeanAirTemp@20.513796
length of vars = 3
j = 0
token = epSendZoneMeanAirTemp@20.513796
token1[0] = epSendZoneMeanAirTemp
token1[1] = 20.513796
varNames[j] = epSendZoneMeanAirTemp
doubles[j] = 20.513796
j = 1
token = epSendOutdoorAirTemp@9.400000
token1[0] = epSendOutdoorAirTemp
token1[1] = 9.400000
varNames[j] = epSendOutdoorAirTemp
doubles[j] = 9.400000
j = 2
token = epSendZoneHumidity@44.080830
token1[0] = epSendZoneHumidity
token1[1] = 44.080830
varNames[j] = epSendZoneHumidity
doubles[j] = 44.080830
i = 0
i = 1
Logical Time is = 47.0
Hour is = 0
Keep the same Occupancy information as previous timestamp.
determine setpoints loop
outTemps[i] = 9.4
zoneTemps[i] = 20.513796
heatTemps[i] = 018.9
coolTemps[i] = 022.9
send to sockets interactions loop
dataStrings[simID] = epGetStartCooling@22.9,epGetStartHeating@18.9,
Send sendControls interaction: 22.9 to socket #0
23:28:50.675 [org.webgme.guest.controller.Controller.main()] INFO  org.webgme.guest.controller.Controller - waiting to receive SimTime...
23:28:51.687 [org.webgme.guest.controller.Controller.main()] INFO  org.webgme.guest.controller.Controller - waiting to receive SimTime...
23:28:52.695 [org.webgme.guest.controller.Controller.main()] INFO  org.webgme.guest.controller.Controller - waiting to receive SimTime...
23:28:53.702 [org.webgme.guest.controller.Controller.main()] INFO  org.webgme.guest.controller.Controller - waiting to receive SimTime...
23:28:54.716 [org.webgme.guest.controller.Controller.main()] INFO  org.webgme.guest.controller.Controller - waiting to receive SimTime...
23:28:55.722 [org.webgme.guest.controller.Controller.main()] INFO  org.webgme.guest.controller.Controller - waiting to receive SimTime...
23:28:56.732 [org.webgme.guest.controller.Controller.main()] INFO  org.webgme.guest.controller.Controller - waiting to receive SimTime...
23:28:57.740 [org.webgme.guest.controller.Controller.main()] INFO  org.webgme.guest.controller.Controller - waiting to receive SimTime...
23:28:58.746 [org.webgme.guest.controller.Controller.main()] INFO  org.webgme.guest.controller.Controller - waiting to receive SimTime...
23:28:59.756 [org.webgme.guest.controller.Controller.main()] INFO  org.webgme.guest.controller.Controller - waiting to receive SimTime...
23:29:00.763 [org.webgme.guest.controller.Controller.main()] INFO  org.webgme.guest.controller.Controller - waiting to receive SimTime...
23:29:01.770 [org.webgme.guest.controller.Controller.main()] INFO  org.webgme.guest.controller.Controller - waiting to receive SimTime...
23:29:02.777 [org.webgme.guest.controller.Controller.main()] INFO  org.webgme.guest.controller.Controller - waiting to receive SimTime...
23:29:03.790 [org.webgme.guest.controller.Controller.main()] INFO  org.webgme.guest.controller.Controller - waiting to receive SimTime...
23:29:04.796 [org.webgme.guest.controller.Controller.main()] INFO  org.webgme.guest.controller.Controller - waiting to receive SimTime...
23:29:05.802 [org.webgme.guest.controller.Controller.main()] INFO  org.webgme.guest.controller.Controller - waiting to receive SimTime...
23:29:06.812 [org.webgme.guest.controller.Controller.main()] INFO  org.webgme.guest.controller.Controller - waiting to receive SimTime...
23:29:07.819 [org.webgme.guest.controller.Controller.main()] INFO  org.webgme.guest.controller.Controller - waiting to receive SimTime...
23:29:08.826 [org.webgme.guest.controller.Controller.main()] INFO  org.webgme.guest.controller.Controller - waiting to receive SimTime...
23:29:09.833 [org.webgme.guest.controller.Controller.main()] INFO  org.webgme.guest.controller.Controller - waiting to receive SimTime...
23:29:10.840 [org.webgme.guest.controller.Controller.main()] INFO  org.webgme.guest.controller.Controller - waiting to receive SimTime...
23:29:11.851 [org.webgme.guest.controller.Controller.main()] INFO  org.webgme.guest.controller.Controller - waiting to receive SimTime...
23:29:12.857 [org.webgme.guest.controller.Controller.main()] INFO  org.webgme.guest.controller.Controller - waiting to receive SimTime...
23:29:13.866 [org.webgme.guest.controller.Controller.main()] INFO  org.webgme.guest.controller.Controller - waiting to receive SimTime...
23:29:14.873 [org.webgme.guest.controller.Controller.main()] INFO  org.webgme.guest.controller.Controller - waiting to receive SimTime...
23:29:15.881 [org.webgme.guest.controller.Controller.main()] INFO  org.webgme.guest.controller.Controller - waiting to receive SimTime...
23:29:16.891 [org.webgme.guest.controller.Controller.main()] INFO  org.webgme.guest.controller.Controller - waiting to receive SimTime...
23:29:17.899 [org.webgme.guest.controller.Controller.main()] INFO  org.webgme.guest.controller.Controller - waiting to receive SimTime...
23:29:18.905 [org.webgme.guest.controller.Controller.main()] INFO  org.webgme.guest.controller.Controller - waiting to receive SimTime...
23:29:19.912 [org.webgme.guest.controller.Controller.main()] INFO  org.webgme.guest.controller.Controller - waiting to receive SimTime...
23:29:20.920 [org.webgme.guest.controller.Controller.main()] INFO  org.webgme.guest.controller.Controller - waiting to receive SimTime...
23:29:21.926 [org.webgme.guest.controller.Controller.main()] INFO  org.webgme.guest.controller.Controller - waiting to receive SimTime...
23:29:22.932 [org.webgme.guest.controller.Controller.main()] INFO  org.webgme.guest.controller.Controller - waiting to receive SimTime...
23:29:23.939 [org.webgme.guest.controller.Controller.main()] INFO  org.webgme.guest.controller.Controller - waiting to receive SimTime...
23:29:24.948 [org.webgme.guest.controller.Controller.main()] INFO  org.webgme.guest.controller.Controller - waiting to receive SimTime...
23:29:25.955 [org.webgme.guest.controller.Controller.main()] INFO  org.webgme.guest.controller.Controller - waiting to receive SimTime...
23:29:26.963 [org.webgme.guest.controller.Controller.main()] INFO  org.webgme.guest.controller.Controller - waiting to receive SimTime...
23:29:27.970 [org.webgme.guest.controller.Controller.main()] INFO  org.webgme.guest.controller.Controller - waiting to receive SimTime...
23:29:28.980 [org.webgme.guest.controller.Controller.main()] INFO  org.webgme.guest.controller.Controller - waiting to receive SimTime...
23:29:29.987 [org.webgme.guest.controller.Controller.main()] INFO  org.webgme.guest.controller.Controller - waiting to receive SimTime...
23:29:30.994 [org.webgme.guest.controller.Controller.main()] INFO  org.webgme.guest.controller.Controller - waiting to receive SimTime...
23:29:32.007 [org.webgme.guest.controller.Controller.main()] INFO  org.webgme.guest.controller.Controller - waiting to receive SimTime...
23:29:33.016 [org.webgme.guest.controller.Controller.main()] INFO  org.webgme.guest.controller.Controller - waiting to receive SimTime...
23:29:34.022 [org.webgme.guest.controller.Controller.main()] INFO  org.webgme.guest.controller.Controller - waiting to receive SimTime...
23:29:35.031 [org.webgme.guest.controller.Controller.main()] INFO  org.webgme.guest.controller.Controller - waiting to receive SimTime...
23:29:36.040 [org.webgme.guest.controller.Controller.main()] INFO  org.webgme.guest.controller.Controller - waiting to receive SimTime...
23:29:37.046 [org.webgme.guest.controller.Controller.main()] INFO  org.webgme.guest.controller.Controller - waiting to receive SimTime...
23:29:38.052 [org.webgme.guest.controller.Controller.main()] INFO  org.webgme.guest.controller.Controller - waiting to receive SimTime...
23:29:39.060 [org.webgme.guest.controller.Controller.main()] INFO  org.webgme.guest.controller.Controller - waiting to receive SimTime...
23:29:40.071 [org.webgme.guest.controller.Controller.main()] INFO  org.webgme.guest.controller.Controller - waiting to receive SimTime...
23:29:41.080 [org.webgme.guest.controller.Controller.main()] INFO  org.webgme.guest.controller.Controller - waiting to receive SimTime...
23:29:42.111 [org.webgme.guest.controller.Controller.main()] INFO  org.webgme.guest.controller.Controller - waiting to receive SimTime...
23:29:43.120 [org.webgme.guest.controller.Controller.main()] INFO  org.webgme.guest.controller.Controller - waiting to receive SimTime...
23:29:44.128 [org.webgme.guest.controller.Controller.main()] INFO  org.webgme.guest.controller.Controller - waiting to receive SimTime...
23:29:45.134 [org.webgme.guest.controller.Controller.main()] INFO  org.webgme.guest.controller.Controller - waiting to receive SimTime...
23:29:46.141 [org.webgme.guest.controller.Controller.main()] INFO  org.webgme.guest.controller.Controller - waiting to receive SimTime...
23:29:47.149 [org.webgme.guest.controller.Controller.main()] INFO  org.webgme.guest.controller.Controller - waiting to receive SimTime...
23:29:48.155 [org.webgme.guest.controller.Controller.main()] INFO  org.webgme.guest.controller.Controller - waiting to receive SimTime...
23:29:49.163 [org.webgme.guest.controller.Controller.main()] INFO  org.webgme.guest.controller.Controller - waiting to receive SimTime...
23:29:50.169 [org.webgme.guest.controller.Controller.main()] INFO  org.webgme.guest.controller.Controller - waiting to receive SimTime...
23:29:51.175 [org.webgme.guest.controller.Controller.main()] INFO  org.webgme.guest.controller.Controller - waiting to receive SimTime...
23:29:52.187 [org.webgme.guest.controller.Controller.main()] INFO  org.webgme.guest.controller.Controller - waiting to receive SimTime...
23:29:53.193 [org.webgme.guest.controller.Controller.main()] INFO  org.webgme.guest.controller.Controller - waiting to receive SimTime...
