[INFO] Scanning for projects...
[INFO]                                                                         
[INFO] ------------------------------------------------------------------------
[INFO] Building EPMultipleSims_v3_exec 0.1.0-SNAPSHOT
[INFO] ------------------------------------------------------------------------
[INFO] 
[INFO] --- exec-maven-plugin:1.5.0:java (default-cli) @ EPMultipleSims_v3_exec ---
23:35:23.145 [org.cpswt.host.FederationManagerHostApp.main()] INFO  org.cpswt.hla.FederationManager - No COA definitions were provided!
23:35:23.147 [org.cpswt.host.FederationManagerHostApp.main()] INFO  org.cpswt.hla.FederationManager - No COA selections were provided!
23:35:23.148 [org.cpswt.host.FederationManagerHostApp.main()] INFO  org.cpswt.hla.FederationManager - No specific COA-selection was specified for execution!
23:35:23.148 [org.cpswt.host.FederationManagerHostApp.main()] INFO  org.cpswt.hla.FederationManager - No COAs are used in this experiment.

-------------------------------------------------------------------
GMS: address=vagrant-2722, cluster=EPMultipleSims_v3, physical address=192.168.1.41:53344
-------------------------------------------------------------------
23:35:32.666 [org.cpswt.host.FederationManagerHostApp.main()] INFO  org.cpswt.host.FederationManagerHostApp - Server online at 0.0.0.0:8083 ...
23:39:08.460 [Thread-3] INFO  org.cpswt.hla.FederationManager - Current_time = 0.0 and step = 1.0 and requested_time = 1.0
23:39:09.725 [Thread-3] INFO  org.cpswt.hla.FederationManager - Current_time = 1.0 and step = 1.0 and requested_time = 2.0
23:39:11.812 [Thread-3] INFO  org.cpswt.hla.FederationManager - Current_time = 2.0 and step = 1.0 and requested_time = 3.0
23:39:13.888 [Thread-3] INFO  org.cpswt.hla.FederationManager - Current_time = 3.0 and step = 1.0 and requested_time = 4.0
23:39:15.977 [Thread-3] INFO  org.cpswt.hla.FederationManager - Current_time = 4.0 and step = 1.0 and requested_time = 5.0
23:39:18.070 [Thread-3] INFO  org.cpswt.hla.FederationManager - Current_time = 5.0 and step = 1.0 and requested_time = 6.0
23:39:20.152 [Thread-3] INFO  org.cpswt.hla.FederationManager - Current_time = 6.0 and step = 1.0 and requested_time = 7.0
23:39:22.246 [Thread-3] INFO  org.cpswt.hla.FederationManager - Current_time = 7.0 and step = 1.0 and requested_time = 8.0
23:39:24.339 [Thread-3] INFO  org.cpswt.hla.FederationManager - Current_time = 8.0 and step = 1.0 and requested_time = 9.0
23:39:26.444 [Thread-3] INFO  org.cpswt.hla.FederationManager - Current_time = 9.0 and step = 1.0 and requested_time = 10.0
23:39:28.523 [Thread-3] INFO  org.cpswt.hla.FederationManager - Federation manager current time = 10.0
23:39:28.523 [Thread-3] INFO  org.cpswt.hla.FederationManager - Current_time = 10.0 and step = 1.0 and requested_time = 11.0
23:39:30.613 [Thread-3] INFO  org.cpswt.hla.FederationManager - Current_time = 11.0 and step = 1.0 and requested_time = 12.0
23:39:32.712 [Thread-3] INFO  org.cpswt.hla.FederationManager - Current_time = 12.0 and step = 1.0 and requested_time = 13.0
23:39:34.806 [Thread-3] INFO  org.cpswt.hla.FederationManager - Current_time = 13.0 and step = 1.0 and requested_time = 14.0
23:39:36.891 [Thread-3] INFO  org.cpswt.hla.FederationManager - Current_time = 14.0 and step = 1.0 and requested_time = 15.0
23:39:38.975 [Thread-3] INFO  org.cpswt.hla.FederationManager - Current_time = 15.0 and step = 1.0 and requested_time = 16.0
23:39:41.061 [Thread-3] INFO  org.cpswt.hla.FederationManager - Current_time = 16.0 and step = 1.0 and requested_time = 17.0
23:39:43.141 [Thread-3] INFO  org.cpswt.hla.FederationManager - Current_time = 17.0 and step = 1.0 and requested_time = 18.0
23:39:45.225 [Thread-3] INFO  org.cpswt.hla.FederationManager - Current_time = 18.0 and step = 1.0 and requested_time = 19.0
23:39:47.319 [Thread-3] INFO  org.cpswt.hla.FederationManager - Current_time = 19.0 and step = 1.0 and requested_time = 20.0
23:39:49.403 [Thread-3] INFO  org.cpswt.hla.FederationManager - Federation manager current time = 20.0
23:39:49.403 [Thread-3] INFO  org.cpswt.hla.FederationManager - Current_time = 20.0 and step = 1.0 and requested_time = 21.0
23:39:51.493 [Thread-3] INFO  org.cpswt.hla.FederationManager - Current_time = 21.0 and step = 1.0 and requested_time = 22.0
23:39:52.594 [Thread-3] INFO  org.cpswt.hla.FederationManager - Current_time = 22.0 and step = 1.0 and requested_time = 23.0
23:39:54.681 [Thread-3] INFO  org.cpswt.hla.FederationManager - Current_time = 23.0 and step = 1.0 and requested_time = 24.0
23:39:56.774 [Thread-3] INFO  org.cpswt.hla.FederationManager - Current_time = 24.0 and step = 1.0 and requested_time = 25.0
23:39:58.875 [Thread-3] INFO  org.cpswt.hla.FederationManager - Current_time = 25.0 and step = 1.0 and requested_time = 26.0
23:40:00.978 [Thread-3] INFO  org.cpswt.hla.FederationManager - Current_time = 26.0 and step = 1.0 and requested_time = 27.0
23:40:03.070 [Thread-3] INFO  org.cpswt.hla.FederationManager - Current_time = 27.0 and step = 1.0 and requested_time = 28.0
23:40:05.174 [Thread-3] INFO  org.cpswt.hla.FederationManager - Current_time = 28.0 and step = 1.0 and requested_time = 29.0
23:40:07.263 [Thread-3] INFO  org.cpswt.hla.FederationManager - Current_time = 29.0 and step = 1.0 and requested_time = 30.0
23:40:09.367 [Thread-3] INFO  org.cpswt.hla.FederationManager - Federation manager current time = 30.0
23:40:09.367 [Thread-3] INFO  org.cpswt.hla.FederationManager - Current_time = 30.0 and step = 1.0 and requested_time = 31.0
23:40:11.447 [Thread-3] INFO  org.cpswt.hla.FederationManager - Current_time = 31.0 and step = 1.0 and requested_time = 32.0
23:40:13.540 [Thread-3] INFO  org.cpswt.hla.FederationManager - Current_time = 32.0 and step = 1.0 and requested_time = 33.0
23:40:14.820 [Thread-3] INFO  org.cpswt.hla.FederationManager - Current_time = 33.0 and step = 1.0 and requested_time = 34.0
23:40:16.902 [Thread-3] INFO  org.cpswt.hla.FederationManager - Current_time = 34.0 and step = 1.0 and requested_time = 35.0
23:40:18.987 [Thread-3] INFO  org.cpswt.hla.FederationManager - Current_time = 35.0 and step = 1.0 and requested_time = 36.0
23:40:21.078 [Thread-3] INFO  org.cpswt.hla.FederationManager - Current_time = 36.0 and step = 1.0 and requested_time = 37.0
23:40:23.163 [Thread-3] INFO  org.cpswt.hla.FederationManager - Current_time = 37.0 and step = 1.0 and requested_time = 38.0
23:40:25.243 [Thread-3] INFO  org.cpswt.hla.FederationManager - Current_time = 38.0 and step = 1.0 and requested_time = 39.0
23:40:27.348 [Thread-3] INFO  org.cpswt.hla.FederationManager - Current_time = 39.0 and step = 1.0 and requested_time = 40.0
23:40:29.439 [Thread-3] INFO  org.cpswt.hla.FederationManager - Federation manager current time = 40.0
23:40:29.440 [Thread-3] INFO  org.cpswt.hla.FederationManager - Current_time = 40.0 and step = 1.0 and requested_time = 41.0
23:40:31.519 [Thread-3] INFO  org.cpswt.hla.FederationManager - Current_time = 41.0 and step = 1.0 and requested_time = 42.0
23:40:33.612 [Thread-3] INFO  org.cpswt.hla.FederationManager - Current_time = 42.0 and step = 1.0 and requested_time = 43.0
23:40:35.692 [Thread-3] INFO  org.cpswt.hla.FederationManager - Current_time = 43.0 and step = 1.0 and requested_time = 44.0
23:40:37.781 [Thread-3] INFO  org.cpswt.hla.FederationManager - Current_time = 44.0 and step = 1.0 and requested_time = 45.0
23:40:39.875 [Thread-3] INFO  org.cpswt.hla.FederationManager - Current_time = 45.0 and step = 1.0 and requested_time = 46.0
23:40:41.967 [Thread-3] INFO  org.cpswt.hla.FederationManager - Current_time = 46.0 and step = 1.0 and requested_time = 47.0
23:40:44.057 [Thread-3] INFO  org.cpswt.hla.FederationManager - Current_time = 47.0 and step = 1.0 and requested_time = 48.0
23:40:46.142 [Thread-3] INFO  org.cpswt.hla.FederationManager - Current_time = 48.0 and step = 1.0 and requested_time = 49.0
23:40:48.232 [Thread-3] INFO  org.cpswt.hla.FederationManager - Current_time = 49.0 and step = 1.0 and requested_time = 50.0
23:40:50.327 [Thread-3] INFO  org.cpswt.hla.FederationManager - Federation manager current time = 50.0
23:40:50.327 [Thread-3] INFO  org.cpswt.hla.FederationManager - Current_time = 50.0 and step = 1.0 and requested_time = 51.0
23:40:52.406 [Thread-3] INFO  org.cpswt.hla.FederationManager - Current_time = 51.0 and step = 1.0 and requested_time = 52.0
23:40:54.492 [Thread-3] INFO  org.cpswt.hla.FederationManager - Current_time = 52.0 and step = 1.0 and requested_time = 53.0
23:40:55.595 [Thread-3] INFO  org.cpswt.hla.FederationManager - Current_time = 53.0 and step = 1.0 and requested_time = 54.0
23:40:57.682 [Thread-3] INFO  org.cpswt.hla.FederationManager - Current_time = 54.0 and step = 1.0 and requested_time = 55.0
23:40:59.764 [Thread-3] INFO  org.cpswt.hla.FederationManager - Current_time = 55.0 and step = 1.0 and requested_time = 56.0
23:41:01.846 [Thread-3] INFO  org.cpswt.hla.FederationManager - Current_time = 56.0 and step = 1.0 and requested_time = 57.0
23:41:03.927 [Thread-3] INFO  org.cpswt.hla.FederationManager - Current_time = 57.0 and step = 1.0 and requested_time = 58.0
23:41:06.015 [Thread-3] INFO  org.cpswt.hla.FederationManager - Current_time = 58.0 and step = 1.0 and requested_time = 59.0
23:41:07.120 [Thread-3] INFO  org.cpswt.hla.FederationManager - Current_time = 59.0 and step = 1.0 and requested_time = 60.0
23:41:09.211 [Thread-3] INFO  org.cpswt.hla.FederationManager - Federation manager current time = 60.0
23:41:09.211 [Thread-3] INFO  org.cpswt.hla.FederationManager - Current_time = 60.0 and step = 1.0 and requested_time = 61.0
23:41:11.293 [Thread-3] INFO  org.cpswt.hla.FederationManager - Current_time = 61.0 and step = 1.0 and requested_time = 62.0
23:41:13.390 [Thread-3] INFO  org.cpswt.hla.FederationManager - Current_time = 62.0 and step = 1.0 and requested_time = 63.0
23:41:15.470 [Thread-3] INFO  org.cpswt.hla.FederationManager - Current_time = 63.0 and step = 1.0 and requested_time = 64.0
23:41:17.554 [Thread-3] INFO  org.cpswt.hla.FederationManager - Current_time = 64.0 and step = 1.0 and requested_time = 65.0
23:41:18.657 [Thread-3] INFO  org.cpswt.hla.FederationManager - Current_time = 65.0 and step = 1.0 and requested_time = 66.0
23:41:20.735 [Thread-3] INFO  org.cpswt.hla.FederationManager - Current_time = 66.0 and step = 1.0 and requested_time = 67.0
23:41:22.834 [Thread-3] INFO  org.cpswt.hla.FederationManager - Current_time = 67.0 and step = 1.0 and requested_time = 68.0
23:41:24.915 [Thread-3] INFO  org.cpswt.hla.FederationManager - Current_time = 68.0 and step = 1.0 and requested_time = 69.0
23:41:27.011 [Thread-3] INFO  org.cpswt.hla.FederationManager - Current_time = 69.0 and step = 1.0 and requested_time = 70.0
23:41:29.102 [Thread-3] INFO  org.cpswt.hla.FederationManager - Federation manager current time = 70.0
23:41:29.102 [Thread-3] INFO  org.cpswt.hla.FederationManager - Current_time = 70.0 and step = 1.0 and requested_time = 71.0
23:41:31.194 [Thread-3] INFO  org.cpswt.hla.FederationManager - Current_time = 71.0 and step = 1.0 and requested_time = 72.0
23:41:33.278 [Thread-3] INFO  org.cpswt.hla.FederationManager - Current_time = 72.0 and step = 1.0 and requested_time = 73.0
23:41:35.360 [Thread-3] INFO  org.cpswt.hla.FederationManager - Current_time = 73.0 and step = 1.0 and requested_time = 74.0
23:41:37.453 [Thread-3] INFO  org.cpswt.hla.FederationManager - Current_time = 74.0 and step = 1.0 and requested_time = 75.0
23:41:39.545 [Thread-3] INFO  org.cpswt.hla.FederationManager - Current_time = 75.0 and step = 1.0 and requested_time = 76.0
23:41:40.649 [Thread-3] INFO  org.cpswt.hla.FederationManager - Current_time = 76.0 and step = 1.0 and requested_time = 77.0
23:41:41.760 [Thread-3] INFO  org.cpswt.hla.FederationManager - Current_time = 77.0 and step = 1.0 and requested_time = 78.0
23:41:43.846 [Thread-3] INFO  org.cpswt.hla.FederationManager - Current_time = 78.0 and step = 1.0 and requested_time = 79.0
23:41:45.945 [Thread-3] INFO  org.cpswt.hla.FederationManager - Current_time = 79.0 and step = 1.0 and requested_time = 80.0
23:41:48.032 [Thread-3] INFO  org.cpswt.hla.FederationManager - Federation manager current time = 80.0
23:41:48.033 [Thread-3] INFO  org.cpswt.hla.FederationManager - Current_time = 80.0 and step = 1.0 and requested_time = 81.0
23:41:50.109 [Thread-3] INFO  org.cpswt.hla.FederationManager - Current_time = 81.0 and step = 1.0 and requested_time = 82.0
23:41:52.189 [Thread-3] INFO  org.cpswt.hla.FederationManager - Current_time = 82.0 and step = 1.0 and requested_time = 83.0
23:41:54.268 [Thread-3] INFO  org.cpswt.hla.FederationManager - Current_time = 83.0 and step = 1.0 and requested_time = 84.0
23:41:56.358 [Thread-3] INFO  org.cpswt.hla.FederationManager - Current_time = 84.0 and step = 1.0 and requested_time = 85.0
23:41:58.449 [Thread-3] INFO  org.cpswt.hla.FederationManager - Current_time = 85.0 and step = 1.0 and requested_time = 86.0
23:42:00.532 [Thread-3] INFO  org.cpswt.hla.FederationManager - Current_time = 86.0 and step = 1.0 and requested_time = 87.0
23:42:02.611 [Thread-3] INFO  org.cpswt.hla.FederationManager - Current_time = 87.0 and step = 1.0 and requested_time = 88.0
23:42:04.689 [Thread-3] INFO  org.cpswt.hla.FederationManager - Current_time = 88.0 and step = 1.0 and requested_time = 89.0
23:42:06.773 [Thread-3] INFO  org.cpswt.hla.FederationManager - Current_time = 89.0 and step = 1.0 and requested_time = 90.0
23:42:08.860 [Thread-3] INFO  org.cpswt.hla.FederationManager - Federation manager current time = 90.0
23:42:08.860 [Thread-3] INFO  org.cpswt.hla.FederationManager - Current_time = 90.0 and step = 1.0 and requested_time = 91.0
23:42:10.958 [Thread-3] INFO  org.cpswt.hla.FederationManager - Current_time = 91.0 and step = 1.0 and requested_time = 92.0
23:42:13.061 [Thread-3] INFO  org.cpswt.hla.FederationManager - Current_time = 92.0 and step = 1.0 and requested_time = 93.0
23:42:15.155 [Thread-3] INFO  org.cpswt.hla.FederationManager - Current_time = 93.0 and step = 1.0 and requested_time = 94.0
23:42:17.232 [Thread-3] INFO  org.cpswt.hla.FederationManager - Current_time = 94.0 and step = 1.0 and requested_time = 95.0
23:42:19.332 [Thread-3] INFO  org.cpswt.hla.FederationManager - Current_time = 95.0 and step = 1.0 and requested_time = 96.0
23:42:21.418 [Thread-3] INFO  org.cpswt.hla.FederationManager - Current_time = 96.0 and step = 1.0 and requested_time = 97.0
23:42:23.495 [Thread-3] INFO  org.cpswt.hla.FederationManager - Current_time = 97.0 and step = 1.0 and requested_time = 98.0
23:42:25.599 [Thread-3] INFO  org.cpswt.hla.FederationManager - Current_time = 98.0 and step = 1.0 and requested_time = 99.0
23:42:27.706 [Thread-3] INFO  org.cpswt.hla.FederationManager - Current_time = 99.0 and step = 1.0 and requested_time = 100.0
23:42:28.818 [Thread-3] INFO  org.cpswt.hla.FederationManager - Federation manager current time = 100.0
23:42:28.821 [Thread-3] INFO  org.cpswt.hla.FederationManager - Current_time = 100.0 and step = 1.0 and requested_time = 101.0
23:42:30.898 [Thread-3] INFO  org.cpswt.hla.FederationManager - Current_time = 101.0 and step = 1.0 and requested_time = 102.0
23:42:32.988 [Thread-3] INFO  org.cpswt.hla.FederationManager - Current_time = 102.0 and step = 1.0 and requested_time = 103.0
23:42:35.077 [Thread-3] INFO  org.cpswt.hla.FederationManager - Current_time = 103.0 and step = 1.0 and requested_time = 104.0
23:42:37.167 [Thread-3] INFO  org.cpswt.hla.FederationManager - Current_time = 104.0 and step = 1.0 and requested_time = 105.0
23:42:39.258 [Thread-3] INFO  org.cpswt.hla.FederationManager - Current_time = 105.0 and step = 1.0 and requested_time = 106.0
23:42:41.347 [Thread-3] INFO  org.cpswt.hla.FederationManager - Current_time = 106.0 and step = 1.0 and requested_time = 107.0
23:42:43.433 [Thread-3] INFO  org.cpswt.hla.FederationManager - Current_time = 107.0 and step = 1.0 and requested_time = 108.0
23:42:45.518 [Thread-3] INFO  org.cpswt.hla.FederationManager - Current_time = 108.0 and step = 1.0 and requested_time = 109.0
23:42:47.616 [Thread-3] INFO  org.cpswt.hla.FederationManager - Current_time = 109.0 and step = 1.0 and requested_time = 110.0
23:42:49.701 [Thread-3] INFO  org.cpswt.hla.FederationManager - Federation manager current time = 110.0
23:42:49.705 [Thread-3] INFO  org.cpswt.hla.FederationManager - Current_time = 110.0 and step = 1.0 and requested_time = 111.0
23:42:51.790 [Thread-3] INFO  org.cpswt.hla.FederationManager - Current_time = 111.0 and step = 1.0 and requested_time = 112.0
23:42:53.878 [Thread-3] INFO  org.cpswt.hla.FederationManager - Current_time = 112.0 and step = 1.0 and requested_time = 113.0
23:42:55.975 [Thread-3] INFO  org.cpswt.hla.FederationManager - Current_time = 113.0 and step = 1.0 and requested_time = 114.0
23:42:58.063 [Thread-3] INFO  org.cpswt.hla.FederationManager - Current_time = 114.0 and step = 1.0 and requested_time = 115.0
23:43:00.145 [Thread-3] INFO  org.cpswt.hla.FederationManager - Current_time = 115.0 and step = 1.0 and requested_time = 116.0
23:43:02.224 [Thread-3] INFO  org.cpswt.hla.FederationManager - Current_time = 116.0 and step = 1.0 and requested_time = 117.0
23:43:04.314 [Thread-3] INFO  org.cpswt.hla.FederationManager - Current_time = 117.0 and step = 1.0 and requested_time = 118.0
23:43:06.399 [Thread-3] INFO  org.cpswt.hla.FederationManager - Current_time = 118.0 and step = 1.0 and requested_time = 119.0
23:43:08.471 [Thread-3] INFO  org.cpswt.hla.FederationManager - Current_time = 119.0 and step = 1.0 and requested_time = 120.0
23:43:10.556 [Thread-3] INFO  org.cpswt.hla.FederationManager - Federation manager current time = 120.0
23:43:10.557 [Thread-3] INFO  org.cpswt.hla.FederationManager - Current_time = 120.0 and step = 1.0 and requested_time = 121.0
23:43:12.644 [Thread-3] INFO  org.cpswt.hla.FederationManager - Current_time = 121.0 and step = 1.0 and requested_time = 122.0
23:43:14.735 [Thread-3] INFO  org.cpswt.hla.FederationManager - Current_time = 122.0 and step = 1.0 and requested_time = 123.0
23:43:15.837 [Thread-3] INFO  org.cpswt.hla.FederationManager - Current_time = 123.0 and step = 1.0 and requested_time = 124.0
23:43:17.950 [Thread-3] INFO  org.cpswt.hla.FederationManager - Current_time = 124.0 and step = 1.0 and requested_time = 125.0
23:43:20.034 [Thread-3] INFO  org.cpswt.hla.FederationManager - Current_time = 125.0 and step = 1.0 and requested_time = 126.0
23:43:22.123 [Thread-3] INFO  org.cpswt.hla.FederationManager - Current_time = 126.0 and step = 1.0 and requested_time = 127.0
23:43:24.210 [Thread-3] INFO  org.cpswt.hla.FederationManager - Current_time = 127.0 and step = 1.0 and requested_time = 128.0
23:43:26.298 [Thread-3] INFO  org.cpswt.hla.FederationManager - Current_time = 128.0 and step = 1.0 and requested_time = 129.0
23:43:28.387 [Thread-3] INFO  org.cpswt.hla.FederationManager - Current_time = 129.0 and step = 1.0 and requested_time = 130.0
23:43:30.467 [Thread-3] INFO  org.cpswt.hla.FederationManager - Federation manager current time = 130.0
23:43:30.468 [Thread-3] INFO  org.cpswt.hla.FederationManager - Current_time = 130.0 and step = 1.0 and requested_time = 131.0
23:43:32.553 [Thread-3] INFO  org.cpswt.hla.FederationManager - Current_time = 131.0 and step = 1.0 and requested_time = 132.0
23:43:34.635 [Thread-3] INFO  org.cpswt.hla.FederationManager - Current_time = 132.0 and step = 1.0 and requested_time = 133.0
23:43:36.723 [Thread-3] INFO  org.cpswt.hla.FederationManager - Current_time = 133.0 and step = 1.0 and requested_time = 134.0
23:43:37.830 [Thread-3] INFO  org.cpswt.hla.FederationManager - Current_time = 134.0 and step = 1.0 and requested_time = 135.0
23:43:39.922 [Thread-3] INFO  org.cpswt.hla.FederationManager - Current_time = 135.0 and step = 1.0 and requested_time = 136.0
23:43:41.016 [Thread-3] INFO  org.cpswt.hla.FederationManager - Current_time = 136.0 and step = 1.0 and requested_time = 137.0
23:43:43.101 [Thread-3] INFO  org.cpswt.hla.FederationManager - Current_time = 137.0 and step = 1.0 and requested_time = 138.0
23:43:45.186 [Thread-3] INFO  org.cpswt.hla.FederationManager - Current_time = 138.0 and step = 1.0 and requested_time = 139.0
23:43:47.264 [Thread-3] INFO  org.cpswt.hla.FederationManager - Current_time = 139.0 and step = 1.0 and requested_time = 140.0
23:43:49.346 [Thread-3] INFO  org.cpswt.hla.FederationManager - Federation manager current time = 140.0
23:43:49.346 [Thread-3] INFO  org.cpswt.hla.FederationManager - Current_time = 140.0 and step = 1.0 and requested_time = 141.0
23:43:51.435 [Thread-3] INFO  org.cpswt.hla.FederationManager - Current_time = 141.0 and step = 1.0 and requested_time = 142.0
23:43:53.529 [Thread-3] INFO  org.cpswt.hla.FederationManager - Current_time = 142.0 and step = 1.0 and requested_time = 143.0
23:43:55.614 [Thread-3] INFO  org.cpswt.hla.FederationManager - Current_time = 143.0 and step = 1.0 and requested_time = 144.0
23:43:57.706 [Thread-3] INFO  org.cpswt.hla.FederationManager - Current_time = 144.0 and step = 1.0 and requested_time = 145.0
WARN  [VERIFY_SUSPECT.TimerThread,EPMultipleSims_v3,vagrant-2722] portico.lrc.jgroups: Detected that federate [Socket-d0f71bb3-77e9-4ab5-927a-da70b8e8f7c2] may have crashed, investigating...
WARN  [Regular] portico.lrc.jgroups: Federate [Socket-d0f71bb3-77e9-4ab5-927a-da70b8e8f7c2] has crashed. Sending fake resignation because it was too rude to.
