[INFO] Scanning for projects...
[INFO]                                                                         
[INFO] ------------------------------------------------------------------------
[INFO] Building EPMultipleSims_v3_exec 0.1.0-SNAPSHOT
[INFO] ------------------------------------------------------------------------
Downloading: http://cpswtng_archiva:8080/repository/internal/org/cpswt/fedmanager-host/0.6.0-SNAPSHOT/maven-metadata.xml
Downloading: http://cpswtng_archiva:8080/repository/snapshots/org/cpswt/fedmanager-host/0.6.0-SNAPSHOT/maven-metadata.xml
361/361 B               Downloaded: http://cpswtng_archiva:8080/repository/snapshots/org/cpswt/fedmanager-host/0.6.0-SNAPSHOT/maven-metadata.xml (361 B at 2.5 KB/sec)
            [INFO] 
[INFO] --- exec-maven-plugin:1.5.0:java (default-cli) @ EPMultipleSims_v3_exec ---
22:50:22.977 [org.cpswt.host.FederationManagerHostApp.main()] INFO  org.cpswt.hla.FederationManager - No COA definitions were provided!
22:50:22.980 [org.cpswt.host.FederationManagerHostApp.main()] INFO  org.cpswt.hla.FederationManager - No COA selections were provided!
22:50:22.980 [org.cpswt.host.FederationManagerHostApp.main()] INFO  org.cpswt.hla.FederationManager - No specific COA-selection was specified for execution!
22:50:22.981 [org.cpswt.host.FederationManagerHostApp.main()] INFO  org.cpswt.hla.FederationManager - No COAs are used in this experiment.

-------------------------------------------------------------------
GMS: address=vagrant-10719, cluster=EPMultipleSims_v3, physical address=192.168.1.41:42132
-------------------------------------------------------------------
22:50:32.313 [org.cpswt.host.FederationManagerHostApp.main()] INFO  org.cpswt.host.FederationManagerHostApp - Server online at 0.0.0.0:8083 ...
22:51:42.188 [Thread-3] INFO  org.cpswt.hla.FederationManager - Current_time = 0.0 and step = 1.0 and requested_time = 1.0
22:51:44.258 [Thread-3] INFO  org.cpswt.hla.FederationManager - Current_time = 1.0 and step = 1.0 and requested_time = 2.0
22:51:46.357 [Thread-3] INFO  org.cpswt.hla.FederationManager - Current_time = 2.0 and step = 1.0 and requested_time = 3.0
22:51:48.441 [Thread-3] INFO  org.cpswt.hla.FederationManager - Current_time = 3.0 and step = 1.0 and requested_time = 4.0
22:51:50.524 [Thread-3] INFO  org.cpswt.hla.FederationManager - Current_time = 4.0 and step = 1.0 and requested_time = 5.0
22:51:52.599 [Thread-3] INFO  org.cpswt.hla.FederationManager - Current_time = 5.0 and step = 1.0 and requested_time = 6.0
22:51:53.718 [Thread-3] INFO  org.cpswt.hla.FederationManager - Current_time = 6.0 and step = 1.0 and requested_time = 7.0
22:51:55.818 [Thread-3] INFO  org.cpswt.hla.FederationManager - Current_time = 7.0 and step = 1.0 and requested_time = 8.0
22:51:57.918 [Thread-3] INFO  org.cpswt.hla.FederationManager - Current_time = 8.0 and step = 1.0 and requested_time = 9.0
22:51:59.024 [Thread-3] INFO  org.cpswt.hla.FederationManager - Current_time = 9.0 and step = 1.0 and requested_time = 10.0
22:52:01.124 [Thread-3] INFO  org.cpswt.hla.FederationManager - Federation manager current time = 10.0
22:52:01.126 [Thread-3] INFO  org.cpswt.hla.FederationManager - Current_time = 10.0 and step = 1.0 and requested_time = 11.0
22:52:03.227 [Thread-3] INFO  org.cpswt.hla.FederationManager - Current_time = 11.0 and step = 1.0 and requested_time = 12.0
22:52:04.338 [Thread-3] INFO  org.cpswt.hla.FederationManager - Current_time = 12.0 and step = 1.0 and requested_time = 13.0
22:52:05.454 [Thread-3] INFO  org.cpswt.hla.FederationManager - Current_time = 13.0 and step = 1.0 and requested_time = 14.0
22:52:06.606 [Thread-3] INFO  org.cpswt.hla.FederationManager - Current_time = 14.0 and step = 1.0 and requested_time = 15.0
22:52:08.704 [Thread-3] INFO  org.cpswt.hla.FederationManager - Current_time = 15.0 and step = 1.0 and requested_time = 16.0
22:52:10.798 [Thread-3] INFO  org.cpswt.hla.FederationManager - Current_time = 16.0 and step = 1.0 and requested_time = 17.0
22:52:12.894 [Thread-3] INFO  org.cpswt.hla.FederationManager - Current_time = 17.0 and step = 1.0 and requested_time = 18.0
22:52:14.993 [Thread-3] INFO  org.cpswt.hla.FederationManager - Current_time = 18.0 and step = 1.0 and requested_time = 19.0
22:52:17.088 [Thread-3] INFO  org.cpswt.hla.FederationManager - Current_time = 19.0 and step = 1.0 and requested_time = 20.0
22:52:19.182 [Thread-3] INFO  org.cpswt.hla.FederationManager - Federation manager current time = 20.0
22:52:19.182 [Thread-3] INFO  org.cpswt.hla.FederationManager - Current_time = 20.0 and step = 1.0 and requested_time = 21.0
22:52:21.260 [Thread-3] INFO  org.cpswt.hla.FederationManager - Current_time = 21.0 and step = 1.0 and requested_time = 22.0
22:52:23.350 [Thread-3] INFO  org.cpswt.hla.FederationManager - Current_time = 22.0 and step = 1.0 and requested_time = 23.0
22:52:25.435 [Thread-3] INFO  org.cpswt.hla.FederationManager - Current_time = 23.0 and step = 1.0 and requested_time = 24.0
22:52:26.545 [Thread-3] INFO  org.cpswt.hla.FederationManager - Current_time = 24.0 and step = 1.0 and requested_time = 25.0
22:52:28.645 [Thread-3] INFO  org.cpswt.hla.FederationManager - Current_time = 25.0 and step = 1.0 and requested_time = 26.0
22:52:30.733 [Thread-3] INFO  org.cpswt.hla.FederationManager - Current_time = 26.0 and step = 1.0 and requested_time = 27.0
22:52:31.838 [Thread-3] INFO  org.cpswt.hla.FederationManager - Current_time = 27.0 and step = 1.0 and requested_time = 28.0
22:52:33.921 [Thread-3] INFO  org.cpswt.hla.FederationManager - Current_time = 28.0 and step = 1.0 and requested_time = 29.0
22:52:35.026 [Thread-3] INFO  org.cpswt.hla.FederationManager - Current_time = 29.0 and step = 1.0 and requested_time = 30.0
22:52:37.104 [Thread-3] INFO  org.cpswt.hla.FederationManager - Federation manager current time = 30.0
22:52:37.104 [Thread-3] INFO  org.cpswt.hla.FederationManager - Current_time = 30.0 and step = 1.0 and requested_time = 31.0
22:52:39.185 [Thread-3] INFO  org.cpswt.hla.FederationManager - Current_time = 31.0 and step = 1.0 and requested_time = 32.0
22:52:41.284 [Thread-3] INFO  org.cpswt.hla.FederationManager - Current_time = 32.0 and step = 1.0 and requested_time = 33.0
22:52:43.365 [Thread-3] INFO  org.cpswt.hla.FederationManager - Current_time = 33.0 and step = 1.0 and requested_time = 34.0
22:52:45.451 [Thread-3] INFO  org.cpswt.hla.FederationManager - Current_time = 34.0 and step = 1.0 and requested_time = 35.0
22:52:46.559 [Thread-3] INFO  org.cpswt.hla.FederationManager - Current_time = 35.0 and step = 1.0 and requested_time = 36.0
22:52:48.648 [Thread-3] INFO  org.cpswt.hla.FederationManager - Current_time = 36.0 and step = 1.0 and requested_time = 37.0
22:52:50.738 [Thread-3] INFO  org.cpswt.hla.FederationManager - Current_time = 37.0 and step = 1.0 and requested_time = 38.0
22:52:52.834 [Thread-3] INFO  org.cpswt.hla.FederationManager - Current_time = 38.0 and step = 1.0 and requested_time = 39.0
22:52:54.923 [Thread-3] INFO  org.cpswt.hla.FederationManager - Current_time = 39.0 and step = 1.0 and requested_time = 40.0
22:52:57.029 [Thread-3] INFO  org.cpswt.hla.FederationManager - Federation manager current time = 40.0
22:52:57.029 [Thread-3] INFO  org.cpswt.hla.FederationManager - Current_time = 40.0 and step = 1.0 and requested_time = 41.0
22:52:58.139 [Thread-3] INFO  org.cpswt.hla.FederationManager - Current_time = 41.0 and step = 1.0 and requested_time = 42.0
22:53:00.222 [Thread-3] INFO  org.cpswt.hla.FederationManager - Current_time = 42.0 and step = 1.0 and requested_time = 43.0
22:53:02.305 [Thread-3] INFO  org.cpswt.hla.FederationManager - Current_time = 43.0 and step = 1.0 and requested_time = 44.0
22:53:04.371 [Thread-3] INFO  org.cpswt.hla.FederationManager - Current_time = 44.0 and step = 1.0 and requested_time = 45.0
22:53:06.452 [Thread-3] INFO  org.cpswt.hla.FederationManager - Current_time = 45.0 and step = 1.0 and requested_time = 46.0
22:53:08.543 [Thread-3] INFO  org.cpswt.hla.FederationManager - Current_time = 46.0 and step = 1.0 and requested_time = 47.0
22:53:10.613 [Thread-3] INFO  org.cpswt.hla.FederationManager - Current_time = 47.0 and step = 1.0 and requested_time = 48.0
22:53:12.714 [Thread-3] INFO  org.cpswt.hla.FederationManager - Current_time = 48.0 and step = 1.0 and requested_time = 49.0
22:53:14.789 [Thread-3] INFO  org.cpswt.hla.FederationManager - Current_time = 49.0 and step = 1.0 and requested_time = 50.0
22:53:16.874 [Thread-3] INFO  org.cpswt.hla.FederationManager - Federation manager current time = 50.0
22:53:16.874 [Thread-3] INFO  org.cpswt.hla.FederationManager - Current_time = 50.0 and step = 1.0 and requested_time = 51.0
22:53:18.958 [Thread-3] INFO  org.cpswt.hla.FederationManager - Current_time = 51.0 and step = 1.0 and requested_time = 52.0
22:53:21.045 [Thread-3] INFO  org.cpswt.hla.FederationManager - Current_time = 52.0 and step = 1.0 and requested_time = 53.0
22:53:23.127 [Thread-3] INFO  org.cpswt.hla.FederationManager - Current_time = 53.0 and step = 1.0 and requested_time = 54.0
22:53:25.207 [Thread-3] INFO  org.cpswt.hla.FederationManager - Current_time = 54.0 and step = 1.0 and requested_time = 55.0
22:53:27.294 [Thread-3] INFO  org.cpswt.hla.FederationManager - Current_time = 55.0 and step = 1.0 and requested_time = 56.0
22:53:29.382 [Thread-3] INFO  org.cpswt.hla.FederationManager - Current_time = 56.0 and step = 1.0 and requested_time = 57.0
22:53:31.474 [Thread-3] INFO  org.cpswt.hla.FederationManager - Current_time = 57.0 and step = 1.0 and requested_time = 58.0
22:53:33.559 [Thread-3] INFO  org.cpswt.hla.FederationManager - Current_time = 58.0 and step = 1.0 and requested_time = 59.0
22:53:35.639 [Thread-3] INFO  org.cpswt.hla.FederationManager - Current_time = 59.0 and step = 1.0 and requested_time = 60.0
22:53:37.730 [Thread-3] INFO  org.cpswt.hla.FederationManager - Federation manager current time = 60.0
22:53:37.730 [Thread-3] INFO  org.cpswt.hla.FederationManager - Current_time = 60.0 and step = 1.0 and requested_time = 61.0
22:53:39.842 [Thread-3] INFO  org.cpswt.hla.FederationManager - Current_time = 61.0 and step = 1.0 and requested_time = 62.0
22:53:41.944 [Thread-3] INFO  org.cpswt.hla.FederationManager - Current_time = 62.0 and step = 1.0 and requested_time = 63.0
22:53:44.036 [Thread-3] INFO  org.cpswt.hla.FederationManager - Current_time = 63.0 and step = 1.0 and requested_time = 64.0
22:53:46.123 [Thread-3] INFO  org.cpswt.hla.FederationManager - Current_time = 64.0 and step = 1.0 and requested_time = 65.0
22:53:48.209 [Thread-3] INFO  org.cpswt.hla.FederationManager - Current_time = 65.0 and step = 1.0 and requested_time = 66.0
22:53:50.287 [Thread-3] INFO  org.cpswt.hla.FederationManager - Current_time = 66.0 and step = 1.0 and requested_time = 67.0
22:53:52.378 [Thread-3] INFO  org.cpswt.hla.FederationManager - Current_time = 67.0 and step = 1.0 and requested_time = 68.0
22:53:54.468 [Thread-3] INFO  org.cpswt.hla.FederationManager - Current_time = 68.0 and step = 1.0 and requested_time = 69.0
22:53:56.553 [Thread-3] INFO  org.cpswt.hla.FederationManager - Current_time = 69.0 and step = 1.0 and requested_time = 70.0
22:53:58.644 [Thread-3] INFO  org.cpswt.hla.FederationManager - Federation manager current time = 70.0
22:53:58.644 [Thread-3] INFO  org.cpswt.hla.FederationManager - Current_time = 70.0 and step = 1.0 and requested_time = 71.0
22:53:59.746 [Thread-3] INFO  org.cpswt.hla.FederationManager - Current_time = 71.0 and step = 1.0 and requested_time = 72.0
22:54:01.849 [Thread-3] INFO  org.cpswt.hla.FederationManager - Current_time = 72.0 and step = 1.0 and requested_time = 73.0
22:54:02.968 [Thread-3] INFO  org.cpswt.hla.FederationManager - Current_time = 73.0 and step = 1.0 and requested_time = 74.0
22:54:05.040 [Thread-3] INFO  org.cpswt.hla.FederationManager - Current_time = 74.0 and step = 1.0 and requested_time = 75.0
22:54:07.130 [Thread-3] INFO  org.cpswt.hla.FederationManager - Current_time = 75.0 and step = 1.0 and requested_time = 76.0
22:54:09.211 [Thread-3] INFO  org.cpswt.hla.FederationManager - Current_time = 76.0 and step = 1.0 and requested_time = 77.0
22:54:11.307 [Thread-3] INFO  org.cpswt.hla.FederationManager - Current_time = 77.0 and step = 1.0 and requested_time = 78.0
22:54:13.398 [Thread-3] INFO  org.cpswt.hla.FederationManager - Current_time = 78.0 and step = 1.0 and requested_time = 79.0
22:54:15.484 [Thread-3] INFO  org.cpswt.hla.FederationManager - Current_time = 79.0 and step = 1.0 and requested_time = 80.0
22:54:17.575 [Thread-3] INFO  org.cpswt.hla.FederationManager - Federation manager current time = 80.0
22:54:17.576 [Thread-3] INFO  org.cpswt.hla.FederationManager - Current_time = 80.0 and step = 1.0 and requested_time = 81.0
22:54:19.672 [Thread-3] INFO  org.cpswt.hla.FederationManager - Current_time = 81.0 and step = 1.0 and requested_time = 82.0
22:54:21.762 [Thread-3] INFO  org.cpswt.hla.FederationManager - Current_time = 82.0 and step = 1.0 and requested_time = 83.0
22:54:22.880 [Thread-3] INFO  org.cpswt.hla.FederationManager - Current_time = 83.0 and step = 1.0 and requested_time = 84.0
22:54:24.957 [Thread-3] INFO  org.cpswt.hla.FederationManager - Current_time = 84.0 and step = 1.0 and requested_time = 85.0
22:54:27.029 [Thread-3] INFO  org.cpswt.hla.FederationManager - Current_time = 85.0 and step = 1.0 and requested_time = 86.0
22:54:29.111 [Thread-3] INFO  org.cpswt.hla.FederationManager - Current_time = 86.0 and step = 1.0 and requested_time = 87.0
22:54:31.196 [Thread-3] INFO  org.cpswt.hla.FederationManager - Current_time = 87.0 and step = 1.0 and requested_time = 88.0
22:54:33.280 [Thread-3] INFO  org.cpswt.hla.FederationManager - Current_time = 88.0 and step = 1.0 and requested_time = 89.0
22:54:35.375 [Thread-3] INFO  org.cpswt.hla.FederationManager - Current_time = 89.0 and step = 1.0 and requested_time = 90.0
22:54:37.454 [Thread-3] INFO  org.cpswt.hla.FederationManager - Federation manager current time = 90.0
22:54:37.454 [Thread-3] INFO  org.cpswt.hla.FederationManager - Current_time = 90.0 and step = 1.0 and requested_time = 91.0
22:54:39.543 [Thread-3] INFO  org.cpswt.hla.FederationManager - Current_time = 91.0 and step = 1.0 and requested_time = 92.0
22:54:41.655 [Thread-3] INFO  org.cpswt.hla.FederationManager - Current_time = 92.0 and step = 1.0 and requested_time = 93.0
22:54:43.752 [Thread-3] INFO  org.cpswt.hla.FederationManager - Current_time = 93.0 and step = 1.0 and requested_time = 94.0
22:54:45.838 [Thread-3] INFO  org.cpswt.hla.FederationManager - Current_time = 94.0 and step = 1.0 and requested_time = 95.0
22:54:47.935 [Thread-3] INFO  org.cpswt.hla.FederationManager - Current_time = 95.0 and step = 1.0 and requested_time = 96.0
22:54:50.030 [Thread-3] INFO  org.cpswt.hla.FederationManager - Current_time = 96.0 and step = 1.0 and requested_time = 97.0
22:54:52.108 [Thread-3] INFO  org.cpswt.hla.FederationManager - Current_time = 97.0 and step = 1.0 and requested_time = 98.0
22:54:54.187 [Thread-3] INFO  org.cpswt.hla.FederationManager - Current_time = 98.0 and step = 1.0 and requested_time = 99.0
22:54:56.266 [Thread-3] INFO  org.cpswt.hla.FederationManager - Current_time = 99.0 and step = 1.0 and requested_time = 100.0
22:54:58.350 [Thread-3] INFO  org.cpswt.hla.FederationManager - Federation manager current time = 100.0
22:54:58.350 [Thread-3] INFO  org.cpswt.hla.FederationManager - Current_time = 100.0 and step = 1.0 and requested_time = 101.0
22:55:00.437 [Thread-3] INFO  org.cpswt.hla.FederationManager - Current_time = 101.0 and step = 1.0 and requested_time = 102.0
22:55:02.532 [Thread-3] INFO  org.cpswt.hla.FederationManager - Current_time = 102.0 and step = 1.0 and requested_time = 103.0
22:55:04.617 [Thread-3] INFO  org.cpswt.hla.FederationManager - Current_time = 103.0 and step = 1.0 and requested_time = 104.0
22:55:06.708 [Thread-3] INFO  org.cpswt.hla.FederationManager - Current_time = 104.0 and step = 1.0 and requested_time = 105.0
22:55:08.801 [Thread-3] INFO  org.cpswt.hla.FederationManager - Current_time = 105.0 and step = 1.0 and requested_time = 106.0
22:55:10.897 [Thread-3] INFO  org.cpswt.hla.FederationManager - Current_time = 106.0 and step = 1.0 and requested_time = 107.0
22:55:12.985 [Thread-3] INFO  org.cpswt.hla.FederationManager - Current_time = 107.0 and step = 1.0 and requested_time = 108.0
22:55:15.079 [Thread-3] INFO  org.cpswt.hla.FederationManager - Current_time = 108.0 and step = 1.0 and requested_time = 109.0
22:55:17.167 [Thread-3] INFO  org.cpswt.hla.FederationManager - Current_time = 109.0 and step = 1.0 and requested_time = 110.0
22:55:19.255 [Thread-3] INFO  org.cpswt.hla.FederationManager - Federation manager current time = 110.0
22:55:19.256 [Thread-3] INFO  org.cpswt.hla.FederationManager - Current_time = 110.0 and step = 1.0 and requested_time = 111.0
22:55:21.348 [Thread-3] INFO  org.cpswt.hla.FederationManager - Current_time = 111.0 and step = 1.0 and requested_time = 112.0
22:55:22.455 [Thread-3] INFO  org.cpswt.hla.FederationManager - Current_time = 112.0 and step = 1.0 and requested_time = 113.0
22:55:23.570 [Thread-3] INFO  org.cpswt.hla.FederationManager - Current_time = 113.0 and step = 1.0 and requested_time = 114.0
22:55:24.709 [Thread-3] INFO  org.cpswt.hla.FederationManager - Current_time = 114.0 and step = 1.0 and requested_time = 115.0
22:55:26.808 [Thread-3] INFO  org.cpswt.hla.FederationManager - Current_time = 115.0 and step = 1.0 and requested_time = 116.0
22:55:28.894 [Thread-3] INFO  org.cpswt.hla.FederationManager - Current_time = 116.0 and step = 1.0 and requested_time = 117.0
22:55:30.976 [Thread-3] INFO  org.cpswt.hla.FederationManager - Current_time = 117.0 and step = 1.0 and requested_time = 118.0
22:55:33.084 [Thread-3] INFO  org.cpswt.hla.FederationManager - Current_time = 118.0 and step = 1.0 and requested_time = 119.0
22:55:35.154 [Thread-3] INFO  org.cpswt.hla.FederationManager - Current_time = 119.0 and step = 1.0 and requested_time = 120.0
22:55:37.246 [Thread-3] INFO  org.cpswt.hla.FederationManager - Federation manager current time = 120.0
22:55:37.246 [Thread-3] INFO  org.cpswt.hla.FederationManager - Current_time = 120.0 and step = 1.0 and requested_time = 121.0
22:55:39.328 [Thread-3] INFO  org.cpswt.hla.FederationManager - Current_time = 121.0 and step = 1.0 and requested_time = 122.0
22:55:41.405 [Thread-3] INFO  org.cpswt.hla.FederationManager - Current_time = 122.0 and step = 1.0 and requested_time = 123.0
22:55:43.480 [Thread-3] INFO  org.cpswt.hla.FederationManager - Current_time = 123.0 and step = 1.0 and requested_time = 124.0
22:55:45.564 [Thread-3] INFO  org.cpswt.hla.FederationManager - Current_time = 124.0 and step = 1.0 and requested_time = 125.0
22:55:47.648 [Thread-3] INFO  org.cpswt.hla.FederationManager - Current_time = 125.0 and step = 1.0 and requested_time = 126.0
22:55:49.746 [Thread-3] INFO  org.cpswt.hla.FederationManager - Current_time = 126.0 and step = 1.0 and requested_time = 127.0
22:55:51.822 [Thread-3] INFO  org.cpswt.hla.FederationManager - Current_time = 127.0 and step = 1.0 and requested_time = 128.0
22:55:53.901 [Thread-3] INFO  org.cpswt.hla.FederationManager - Current_time = 128.0 and step = 1.0 and requested_time = 129.0
22:55:55.982 [Thread-3] INFO  org.cpswt.hla.FederationManager - Current_time = 129.0 and step = 1.0 and requested_time = 130.0
22:55:58.070 [Thread-3] INFO  org.cpswt.hla.FederationManager - Federation manager current time = 130.0
22:55:58.070 [Thread-3] INFO  org.cpswt.hla.FederationManager - Current_time = 130.0 and step = 1.0 and requested_time = 131.0
22:56:00.154 [Thread-3] INFO  org.cpswt.hla.FederationManager - Current_time = 131.0 and step = 1.0 and requested_time = 132.0
22:56:02.227 [Thread-3] INFO  org.cpswt.hla.FederationManager - Current_time = 132.0 and step = 1.0 and requested_time = 133.0
22:56:04.303 [Thread-3] INFO  org.cpswt.hla.FederationManager - Current_time = 133.0 and step = 1.0 and requested_time = 134.0
22:56:06.396 [Thread-3] INFO  org.cpswt.hla.FederationManager - Current_time = 134.0 and step = 1.0 and requested_time = 135.0
22:56:08.476 [Thread-3] INFO  org.cpswt.hla.FederationManager - Current_time = 135.0 and step = 1.0 and requested_time = 136.0
22:56:10.564 [Thread-3] INFO  org.cpswt.hla.FederationManager - Current_time = 136.0 and step = 1.0 and requested_time = 137.0
22:56:12.670 [Thread-3] INFO  org.cpswt.hla.FederationManager - Current_time = 137.0 and step = 1.0 and requested_time = 138.0
22:56:14.742 [Thread-3] INFO  org.cpswt.hla.FederationManager - Current_time = 138.0 and step = 1.0 and requested_time = 139.0
22:56:16.828 [Thread-3] INFO  org.cpswt.hla.FederationManager - Current_time = 139.0 and step = 1.0 and requested_time = 140.0
22:56:17.958 [Thread-3] INFO  org.cpswt.hla.FederationManager - Federation manager current time = 140.0
22:56:17.959 [Thread-3] INFO  org.cpswt.hla.FederationManager - Current_time = 140.0 and step = 1.0 and requested_time = 141.0
22:56:20.049 [Thread-3] INFO  org.cpswt.hla.FederationManager - Current_time = 141.0 and step = 1.0 and requested_time = 142.0
22:56:22.131 [Thread-3] INFO  org.cpswt.hla.FederationManager - Current_time = 142.0 and step = 1.0 and requested_time = 143.0
22:56:24.218 [Thread-3] INFO  org.cpswt.hla.FederationManager - Current_time = 143.0 and step = 1.0 and requested_time = 144.0
22:56:26.301 [Thread-3] INFO  org.cpswt.hla.FederationManager - Current_time = 144.0 and step = 1.0 and requested_time = 145.0
22:56:28.377 [Thread-3] INFO  org.cpswt.hla.FederationManager - Current_time = 145.0 and step = 1.0 and requested_time = 146.0
22:56:30.464 [Thread-3] INFO  org.cpswt.hla.FederationManager - Current_time = 146.0 and step = 1.0 and requested_time = 147.0
22:56:32.551 [Thread-3] INFO  org.cpswt.hla.FederationManager - Current_time = 147.0 and step = 1.0 and requested_time = 148.0
22:56:34.641 [Thread-3] INFO  org.cpswt.hla.FederationManager - Current_time = 148.0 and step = 1.0 and requested_time = 149.0
22:56:36.725 [Thread-3] INFO  org.cpswt.hla.FederationManager - Current_time = 149.0 and step = 1.0 and requested_time = 150.0
22:56:38.812 [Thread-3] INFO  org.cpswt.hla.FederationManager - Federation manager current time = 150.0
22:56:38.812 [Thread-3] INFO  org.cpswt.hla.FederationManager - Current_time = 150.0 and step = 1.0 and requested_time = 151.0
22:56:39.939 [Thread-3] INFO  org.cpswt.hla.FederationManager - Current_time = 151.0 and step = 1.0 and requested_time = 152.0
22:56:42.016 [Thread-3] INFO  org.cpswt.hla.FederationManager - Current_time = 152.0 and step = 1.0 and requested_time = 153.0
22:56:44.118 [Thread-3] INFO  org.cpswt.hla.FederationManager - Current_time = 153.0 and step = 1.0 and requested_time = 154.0
22:56:46.188 [Thread-3] INFO  org.cpswt.hla.FederationManager - Current_time = 154.0 and step = 1.0 and requested_time = 155.0
22:56:48.277 [Thread-3] INFO  org.cpswt.hla.FederationManager - Current_time = 155.0 and step = 1.0 and requested_time = 156.0
22:56:50.358 [Thread-3] INFO  org.cpswt.hla.FederationManager - Current_time = 156.0 and step = 1.0 and requested_time = 157.0
22:56:51.457 [Thread-3] INFO  org.cpswt.hla.FederationManager - Current_time = 157.0 and step = 1.0 and requested_time = 158.0
22:56:53.541 [Thread-3] INFO  org.cpswt.hla.FederationManager - Current_time = 158.0 and step = 1.0 and requested_time = 159.0
22:56:55.631 [Thread-3] INFO  org.cpswt.hla.FederationManager - Current_time = 159.0 and step = 1.0 and requested_time = 160.0
22:56:57.725 [Thread-3] INFO  org.cpswt.hla.FederationManager - Federation manager current time = 160.0
22:56:57.725 [Thread-3] INFO  org.cpswt.hla.FederationManager - Current_time = 160.0 and step = 1.0 and requested_time = 161.0
22:56:59.816 [Thread-3] INFO  org.cpswt.hla.FederationManager - Current_time = 161.0 and step = 1.0 and requested_time = 162.0
22:57:01.920 [Thread-3] INFO  org.cpswt.hla.FederationManager - Current_time = 162.0 and step = 1.0 and requested_time = 163.0
22:57:04.006 [Thread-3] INFO  org.cpswt.hla.FederationManager - Current_time = 163.0 and step = 1.0 and requested_time = 164.0
22:57:06.092 [Thread-3] INFO  org.cpswt.hla.FederationManager - Current_time = 164.0 and step = 1.0 and requested_time = 165.0
22:57:08.173 [Thread-3] INFO  org.cpswt.hla.FederationManager - Current_time = 165.0 and step = 1.0 and requested_time = 166.0
22:57:09.275 [Thread-3] INFO  org.cpswt.hla.FederationManager - Current_time = 166.0 and step = 1.0 and requested_time = 167.0
22:57:10.376 [Thread-3] INFO  org.cpswt.hla.FederationManager - Current_time = 167.0 and step = 1.0 and requested_time = 168.0
22:57:12.472 [Thread-3] INFO  org.cpswt.hla.FederationManager - Current_time = 168.0 and step = 1.0 and requested_time = 169.0
22:57:14.566 [Thread-3] INFO  org.cpswt.hla.FederationManager - Current_time = 169.0 and step = 1.0 and requested_time = 170.0
22:57:15.665 [Thread-3] INFO  org.cpswt.hla.FederationManager - Federation manager current time = 170.0
22:57:15.668 [Thread-3] INFO  org.cpswt.hla.FederationManager - Current_time = 170.0 and step = 1.0 and requested_time = 171.0
22:57:17.736 [Thread-3] INFO  org.cpswt.hla.FederationManager - Current_time = 171.0 and step = 1.0 and requested_time = 172.0
22:57:19.821 [Thread-3] INFO  org.cpswt.hla.FederationManager - Current_time = 172.0 and step = 1.0 and requested_time = 173.0
22:57:21.912 [Thread-3] INFO  org.cpswt.hla.FederationManager - Current_time = 173.0 and step = 1.0 and requested_time = 174.0
22:57:24.002 [Thread-3] INFO  org.cpswt.hla.FederationManager - Current_time = 174.0 and step = 1.0 and requested_time = 175.0
22:57:26.076 [Thread-3] INFO  org.cpswt.hla.FederationManager - Current_time = 175.0 and step = 1.0 and requested_time = 176.0
22:57:27.570 [Thread-3] INFO  org.cpswt.hla.FederationManager - Current_time = 176.0 and step = 1.0 and requested_time = 177.0
22:57:28.915 [Thread-3] INFO  org.cpswt.hla.FederationManager - Current_time = 177.0 and step = 1.0 and requested_time = 178.0
22:57:30.099 [Thread-3] INFO  org.cpswt.hla.FederationManager - Current_time = 178.0 and step = 1.0 and requested_time = 179.0
22:57:31.381 [Thread-3] INFO  org.cpswt.hla.FederationManager - Current_time = 179.0 and step = 1.0 and requested_time = 180.0
22:57:32.496 [Thread-3] INFO  org.cpswt.hla.FederationManager - Federation manager current time = 180.0
22:57:32.496 [Thread-3] INFO  org.cpswt.hla.FederationManager - Current_time = 180.0 and step = 1.0 and requested_time = 181.0
22:57:33.595 [Thread-3] INFO  org.cpswt.hla.FederationManager - Current_time = 181.0 and step = 1.0 and requested_time = 182.0
22:57:34.705 [Thread-3] INFO  org.cpswt.hla.FederationManager - Current_time = 182.0 and step = 1.0 and requested_time = 183.0
22:57:36.806 [Thread-3] INFO  org.cpswt.hla.FederationManager - Current_time = 183.0 and step = 1.0 and requested_time = 184.0
22:57:38.911 [Thread-3] INFO  org.cpswt.hla.FederationManager - Current_time = 184.0 and step = 1.0 and requested_time = 185.0
22:57:40.998 [Thread-3] INFO  org.cpswt.hla.FederationManager - Current_time = 185.0 and step = 1.0 and requested_time = 186.0
22:57:43.072 [Thread-3] INFO  org.cpswt.hla.FederationManager - Current_time = 186.0 and step = 1.0 and requested_time = 187.0
22:57:45.149 [Thread-3] INFO  org.cpswt.hla.FederationManager - Current_time = 187.0 and step = 1.0 and requested_time = 188.0
22:57:46.263 [Thread-3] INFO  org.cpswt.hla.FederationManager - Current_time = 188.0 and step = 1.0 and requested_time = 189.0
22:57:48.342 [Thread-3] INFO  org.cpswt.hla.FederationManager - Current_time = 189.0 and step = 1.0 and requested_time = 190.0
22:57:50.434 [Thread-3] INFO  org.cpswt.hla.FederationManager - Federation manager current time = 190.0
22:57:50.434 [Thread-3] INFO  org.cpswt.hla.FederationManager - Current_time = 190.0 and step = 1.0 and requested_time = 191.0
22:57:51.577 [Thread-3] INFO  org.cpswt.hla.FederationManager - Current_time = 191.0 and step = 1.0 and requested_time = 192.0
22:57:53.683 [Thread-3] INFO  org.cpswt.hla.FederationManager - Current_time = 192.0 and step = 1.0 and requested_time = 193.0
22:57:55.768 [Thread-3] INFO  org.cpswt.hla.FederationManager - Current_time = 193.0 and step = 1.0 and requested_time = 194.0
22:57:57.852 [Thread-3] INFO  org.cpswt.hla.FederationManager - Current_time = 194.0 and step = 1.0 and requested_time = 195.0
22:57:58.948 [Thread-3] INFO  org.cpswt.hla.FederationManager - Current_time = 195.0 and step = 1.0 and requested_time = 196.0
22:58:01.042 [Thread-3] INFO  org.cpswt.hla.FederationManager - Current_time = 196.0 and step = 1.0 and requested_time = 197.0
22:58:03.122 [Thread-3] INFO  org.cpswt.hla.FederationManager - Current_time = 197.0 and step = 1.0 and requested_time = 198.0
22:58:04.317 [Thread-3] INFO  org.cpswt.hla.FederationManager - Current_time = 198.0 and step = 1.0 and requested_time = 199.0
22:58:06.414 [Thread-3] INFO  org.cpswt.hla.FederationManager - Current_time = 199.0 and step = 1.0 and requested_time = 200.0
22:58:07.518 [Thread-3] INFO  org.cpswt.hla.FederationManager - Federation manager current time = 200.0
22:58:07.518 [Thread-3] INFO  org.cpswt.hla.FederationManager - Current_time = 200.0 and step = 1.0 and requested_time = 201.0
22:58:09.607 [Thread-3] INFO  org.cpswt.hla.FederationManager - Current_time = 201.0 and step = 1.0 and requested_time = 202.0
22:58:11.685 [Thread-3] INFO  org.cpswt.hla.FederationManager - Current_time = 202.0 and step = 1.0 and requested_time = 203.0
22:58:12.842 [Thread-3] INFO  org.cpswt.hla.FederationManager - Current_time = 203.0 and step = 1.0 and requested_time = 204.0
22:58:14.925 [Thread-3] INFO  org.cpswt.hla.FederationManager - Current_time = 204.0 and step = 1.0 and requested_time = 205.0
22:58:17.011 [Thread-3] INFO  org.cpswt.hla.FederationManager - Current_time = 205.0 and step = 1.0 and requested_time = 206.0
22:58:18.111 [Thread-3] INFO  org.cpswt.hla.FederationManager - Current_time = 206.0 and step = 1.0 and requested_time = 207.0
22:58:20.192 [Thread-3] INFO  org.cpswt.hla.FederationManager - Current_time = 207.0 and step = 1.0 and requested_time = 208.0
22:58:22.296 [Thread-3] INFO  org.cpswt.hla.FederationManager - Current_time = 208.0 and step = 1.0 and requested_time = 209.0
22:58:24.376 [Thread-3] INFO  org.cpswt.hla.FederationManager - Current_time = 209.0 and step = 1.0 and requested_time = 210.0
22:58:26.464 [Thread-3] INFO  org.cpswt.hla.FederationManager - Federation manager current time = 210.0
22:58:26.464 [Thread-3] INFO  org.cpswt.hla.FederationManager - Current_time = 210.0 and step = 1.0 and requested_time = 211.0
22:58:28.561 [Thread-3] INFO  org.cpswt.hla.FederationManager - Current_time = 211.0 and step = 1.0 and requested_time = 212.0
22:58:30.640 [Thread-3] INFO  org.cpswt.hla.FederationManager - Current_time = 212.0 and step = 1.0 and requested_time = 213.0
22:58:32.724 [Thread-3] INFO  org.cpswt.hla.FederationManager - Current_time = 213.0 and step = 1.0 and requested_time = 214.0
22:58:33.831 [Thread-3] INFO  org.cpswt.hla.FederationManager - Current_time = 214.0 and step = 1.0 and requested_time = 215.0
22:58:34.928 [Thread-3] INFO  org.cpswt.hla.FederationManager - Current_time = 215.0 and step = 1.0 and requested_time = 216.0
22:58:36.031 [Thread-3] INFO  org.cpswt.hla.FederationManager - Current_time = 216.0 and step = 1.0 and requested_time = 217.0
22:58:37.141 [Thread-3] INFO  org.cpswt.hla.FederationManager - Current_time = 217.0 and step = 1.0 and requested_time = 218.0
22:58:38.243 [Thread-3] INFO  org.cpswt.hla.FederationManager - Current_time = 218.0 and step = 1.0 and requested_time = 219.0
22:58:39.348 [Thread-3] INFO  org.cpswt.hla.FederationManager - Current_time = 219.0 and step = 1.0 and requested_time = 220.0
22:58:41.438 [Thread-3] INFO  org.cpswt.hla.FederationManager - Federation manager current time = 220.0
22:58:41.438 [Thread-3] INFO  org.cpswt.hla.FederationManager - Current_time = 220.0 and step = 1.0 and requested_time = 221.0
22:58:42.532 [Thread-3] INFO  org.cpswt.hla.FederationManager - Current_time = 221.0 and step = 1.0 and requested_time = 222.0
22:58:44.615 [Thread-3] INFO  org.cpswt.hla.FederationManager - Current_time = 222.0 and step = 1.0 and requested_time = 223.0
22:58:45.718 [Thread-3] INFO  org.cpswt.hla.FederationManager - Current_time = 223.0 and step = 1.0 and requested_time = 224.0
22:58:47.807 [Thread-3] INFO  org.cpswt.hla.FederationManager - Current_time = 224.0 and step = 1.0 and requested_time = 225.0
22:58:49.889 [Thread-3] INFO  org.cpswt.hla.FederationManager - Current_time = 225.0 and step = 1.0 and requested_time = 226.0
22:58:51.980 [Thread-3] INFO  org.cpswt.hla.FederationManager - Current_time = 226.0 and step = 1.0 and requested_time = 227.0
22:58:54.060 [Thread-3] INFO  org.cpswt.hla.FederationManager - Current_time = 227.0 and step = 1.0 and requested_time = 228.0
22:58:56.178 [Thread-3] INFO  org.cpswt.hla.FederationManager - Current_time = 228.0 and step = 1.0 and requested_time = 229.0
22:58:58.252 [Thread-3] INFO  org.cpswt.hla.FederationManager - Current_time = 229.0 and step = 1.0 and requested_time = 230.0
22:59:00.340 [Thread-3] INFO  org.cpswt.hla.FederationManager - Federation manager current time = 230.0
22:59:00.340 [Thread-3] INFO  org.cpswt.hla.FederationManager - Current_time = 230.0 and step = 1.0 and requested_time = 231.0
22:59:02.432 [Thread-3] INFO  org.cpswt.hla.FederationManager - Current_time = 231.0 and step = 1.0 and requested_time = 232.0
22:59:04.523 [Thread-3] INFO  org.cpswt.hla.FederationManager - Current_time = 232.0 and step = 1.0 and requested_time = 233.0
22:59:06.603 [Thread-3] INFO  org.cpswt.hla.FederationManager - Current_time = 233.0 and step = 1.0 and requested_time = 234.0
22:59:08.697 [Thread-3] INFO  org.cpswt.hla.FederationManager - Current_time = 234.0 and step = 1.0 and requested_time = 235.0
22:59:10.782 [Thread-3] INFO  org.cpswt.hla.FederationManager - Current_time = 235.0 and step = 1.0 and requested_time = 236.0
22:59:12.860 [Thread-3] INFO  org.cpswt.hla.FederationManager - Current_time = 236.0 and step = 1.0 and requested_time = 237.0
22:59:14.959 [Thread-3] INFO  org.cpswt.hla.FederationManager - Current_time = 237.0 and step = 1.0 and requested_time = 238.0
22:59:17.044 [Thread-3] INFO  org.cpswt.hla.FederationManager - Current_time = 238.0 and step = 1.0 and requested_time = 239.0
22:59:19.126 [Thread-3] INFO  org.cpswt.hla.FederationManager - Current_time = 239.0 and step = 1.0 and requested_time = 240.0
22:59:21.213 [Thread-3] INFO  org.cpswt.hla.FederationManager - Federation manager current time = 240.0
22:59:21.214 [Thread-3] INFO  org.cpswt.hla.FederationManager - Current_time = 240.0 and step = 1.0 and requested_time = 241.0
22:59:22.583 [Thread-3] INFO  org.cpswt.hla.FederationManager - Current_time = 241.0 and step = 1.0 and requested_time = 242.0
22:59:23.690 [Thread-3] INFO  org.cpswt.hla.FederationManager - Current_time = 242.0 and step = 1.0 and requested_time = 243.0
22:59:25.773 [Thread-3] INFO  org.cpswt.hla.FederationManager - Current_time = 243.0 and step = 1.0 and requested_time = 244.0
22:59:26.875 [Thread-3] INFO  org.cpswt.hla.FederationManager - Current_time = 244.0 and step = 1.0 and requested_time = 245.0
22:59:28.957 [Thread-3] INFO  org.cpswt.hla.FederationManager - Current_time = 245.0 and step = 1.0 and requested_time = 246.0
22:59:31.050 [Thread-3] INFO  org.cpswt.hla.FederationManager - Current_time = 246.0 and step = 1.0 and requested_time = 247.0
22:59:33.128 [Thread-3] INFO  org.cpswt.hla.FederationManager - Current_time = 247.0 and step = 1.0 and requested_time = 248.0
22:59:35.222 [Thread-3] INFO  org.cpswt.hla.FederationManager - Current_time = 248.0 and step = 1.0 and requested_time = 249.0
22:59:37.322 [Thread-3] INFO  org.cpswt.hla.FederationManager - Current_time = 249.0 and step = 1.0 and requested_time = 250.0
22:59:39.424 [Thread-3] INFO  org.cpswt.hla.FederationManager - Federation manager current time = 250.0
22:59:39.424 [Thread-3] INFO  org.cpswt.hla.FederationManager - Current_time = 250.0 and step = 1.0 and requested_time = 251.0
22:59:41.507 [Thread-3] INFO  org.cpswt.hla.FederationManager - Current_time = 251.0 and step = 1.0 and requested_time = 252.0
22:59:43.589 [Thread-3] INFO  org.cpswt.hla.FederationManager - Current_time = 252.0 and step = 1.0 and requested_time = 253.0
22:59:45.668 [Thread-3] INFO  org.cpswt.hla.FederationManager - Current_time = 253.0 and step = 1.0 and requested_time = 254.0
22:59:46.768 [Thread-3] INFO  org.cpswt.hla.FederationManager - Current_time = 254.0 and step = 1.0 and requested_time = 255.0
22:59:48.857 [Thread-3] INFO  org.cpswt.hla.FederationManager - Current_time = 255.0 and step = 1.0 and requested_time = 256.0
22:59:50.941 [Thread-3] INFO  org.cpswt.hla.FederationManager - Current_time = 256.0 and step = 1.0 and requested_time = 257.0
22:59:53.041 [Thread-3] INFO  org.cpswt.hla.FederationManager - Current_time = 257.0 and step = 1.0 and requested_time = 258.0
22:59:55.118 [Thread-3] INFO  org.cpswt.hla.FederationManager - Current_time = 258.0 and step = 1.0 and requested_time = 259.0
22:59:57.214 [Thread-3] INFO  org.cpswt.hla.FederationManager - Current_time = 259.0 and step = 1.0 and requested_time = 260.0
22:59:59.299 [Thread-3] INFO  org.cpswt.hla.FederationManager - Federation manager current time = 260.0
22:59:59.299 [Thread-3] INFO  org.cpswt.hla.FederationManager - Current_time = 260.0 and step = 1.0 and requested_time = 261.0
23:00:01.377 [Thread-3] INFO  org.cpswt.hla.FederationManager - Current_time = 261.0 and step = 1.0 and requested_time = 262.0
23:00:03.470 [Thread-3] INFO  org.cpswt.hla.FederationManager - Current_time = 262.0 and step = 1.0 and requested_time = 263.0
23:00:05.572 [Thread-3] INFO  org.cpswt.hla.FederationManager - Current_time = 263.0 and step = 1.0 and requested_time = 264.0
23:00:07.654 [Thread-3] INFO  org.cpswt.hla.FederationManager - Current_time = 264.0 and step = 1.0 and requested_time = 265.0
23:00:09.753 [Thread-3] INFO  org.cpswt.hla.FederationManager - Current_time = 265.0 and step = 1.0 and requested_time = 266.0
23:00:11.845 [Thread-3] INFO  org.cpswt.hla.FederationManager - Current_time = 266.0 and step = 1.0 and requested_time = 267.0
23:00:13.930 [Thread-3] INFO  org.cpswt.hla.FederationManager - Current_time = 267.0 and step = 1.0 and requested_time = 268.0
23:00:16.007 [Thread-3] INFO  org.cpswt.hla.FederationManager - Current_time = 268.0 and step = 1.0 and requested_time = 269.0
23:00:17.110 [Thread-3] INFO  org.cpswt.hla.FederationManager - Current_time = 269.0 and step = 1.0 and requested_time = 270.0
23:00:19.189 [Thread-3] INFO  org.cpswt.hla.FederationManager - Federation manager current time = 270.0
23:00:19.189 [Thread-3] INFO  org.cpswt.hla.FederationManager - Current_time = 270.0 and step = 1.0 and requested_time = 271.0
23:00:21.273 [Thread-3] INFO  org.cpswt.hla.FederationManager - Current_time = 271.0 and step = 1.0 and requested_time = 272.0
23:00:23.360 [Thread-3] INFO  org.cpswt.hla.FederationManager - Current_time = 272.0 and step = 1.0 and requested_time = 273.0
23:00:25.440 [Thread-3] INFO  org.cpswt.hla.FederationManager - Current_time = 273.0 and step = 1.0 and requested_time = 274.0
23:00:27.525 [Thread-3] INFO  org.cpswt.hla.FederationManager - Current_time = 274.0 and step = 1.0 and requested_time = 275.0
23:00:29.609 [Thread-3] INFO  org.cpswt.hla.FederationManager - Current_time = 275.0 and step = 1.0 and requested_time = 276.0
23:00:31.688 [Thread-3] INFO  org.cpswt.hla.FederationManager - Current_time = 276.0 and step = 1.0 and requested_time = 277.0
23:00:33.797 [Thread-3] INFO  org.cpswt.hla.FederationManager - Current_time = 277.0 and step = 1.0 and requested_time = 278.0
23:00:35.870 [Thread-3] INFO  org.cpswt.hla.FederationManager - Current_time = 278.0 and step = 1.0 and requested_time = 279.0
23:00:37.969 [Thread-3] INFO  org.cpswt.hla.FederationManager - Current_time = 279.0 and step = 1.0 and requested_time = 280.0
23:00:40.044 [Thread-3] INFO  org.cpswt.hla.FederationManager - Federation manager current time = 280.0
23:00:40.044 [Thread-3] INFO  org.cpswt.hla.FederationManager - Current_time = 280.0 and step = 1.0 and requested_time = 281.0
23:00:42.122 [Thread-3] INFO  org.cpswt.hla.FederationManager - Current_time = 281.0 and step = 1.0 and requested_time = 282.0
23:00:44.223 [Thread-3] INFO  org.cpswt.hla.FederationManager - Current_time = 282.0 and step = 1.0 and requested_time = 283.0
23:00:45.327 [Thread-3] INFO  org.cpswt.hla.FederationManager - Current_time = 283.0 and step = 1.0 and requested_time = 284.0
23:00:47.410 [Thread-3] INFO  org.cpswt.hla.FederationManager - Current_time = 284.0 and step = 1.0 and requested_time = 285.0
23:00:49.487 [Thread-3] INFO  org.cpswt.hla.FederationManager - Current_time = 285.0 and step = 1.0 and requested_time = 286.0
23:00:50.580 [Thread-3] INFO  org.cpswt.hla.FederationManager - Current_time = 286.0 and step = 1.0 and requested_time = 287.0
23:00:52.679 [Thread-3] INFO  org.cpswt.hla.FederationManager - Current_time = 287.0 and step = 1.0 and requested_time = 288.0
23:00:54.758 [Thread-3] INFO  org.cpswt.hla.FederationManager - Current_time = 288.0 and step = 1.0 and requested_time = 289.0
23:00:56.842 [Thread-3] INFO  org.cpswt.hla.FederationManager - Current_time = 289.0 and step = 1.0 and requested_time = 290.0
23:00:57.944 [Thread-3] INFO  org.cpswt.hla.FederationManager - Federation manager current time = 290.0
23:00:57.944 [Thread-3] INFO  org.cpswt.hla.FederationManager - Current_time = 290.0 and step = 1.0 and requested_time = 291.0
23:01:00.036 [Thread-3] INFO  org.cpswt.hla.FederationManager - Current_time = 291.0 and step = 1.0 and requested_time = 292.0
23:01:02.111 [Thread-3] INFO  org.cpswt.hla.FederationManager - Current_time = 292.0 and step = 1.0 and requested_time = 293.0
23:01:04.188 [Thread-3] INFO  org.cpswt.hla.FederationManager - Current_time = 293.0 and step = 1.0 and requested_time = 294.0
23:01:05.283 [Thread-3] INFO  org.cpswt.hla.FederationManager - Current_time = 294.0 and step = 1.0 and requested_time = 295.0
23:01:07.370 [Thread-3] INFO  org.cpswt.hla.FederationManager - Current_time = 295.0 and step = 1.0 and requested_time = 296.0
23:01:08.465 [Thread-3] INFO  org.cpswt.hla.FederationManager - Current_time = 296.0 and step = 1.0 and requested_time = 297.0
23:01:10.543 [Thread-3] INFO  org.cpswt.hla.FederationManager - Current_time = 297.0 and step = 1.0 and requested_time = 298.0
23:01:12.634 [Thread-3] INFO  org.cpswt.hla.FederationManager - Current_time = 298.0 and step = 1.0 and requested_time = 299.0
23:01:13.772 [Thread-3] INFO  org.cpswt.hla.FederationManager - Current_time = 299.0 and step = 1.0 and requested_time = 300.0
23:01:15.855 [Thread-3] INFO  org.cpswt.hla.FederationManager - Federation manager current time = 300.0
23:01:15.855 [Thread-3] INFO  org.cpswt.hla.FederationManager - Current_time = 300.0 and step = 1.0 and requested_time = 301.0
23:01:17.937 [Thread-3] INFO  org.cpswt.hla.FederationManager - Current_time = 301.0 and step = 1.0 and requested_time = 302.0
23:01:20.018 [Thread-3] INFO  org.cpswt.hla.FederationManager - Current_time = 302.0 and step = 1.0 and requested_time = 303.0
23:01:22.105 [Thread-3] INFO  org.cpswt.hla.FederationManager - Current_time = 303.0 and step = 1.0 and requested_time = 304.0
23:01:24.189 [Thread-3] INFO  org.cpswt.hla.FederationManager - Current_time = 304.0 and step = 1.0 and requested_time = 305.0
23:01:26.293 [Thread-3] INFO  org.cpswt.hla.FederationManager - Current_time = 305.0 and step = 1.0 and requested_time = 306.0
23:01:28.387 [Thread-3] INFO  org.cpswt.hla.FederationManager - Current_time = 306.0 and step = 1.0 and requested_time = 307.0
23:01:30.492 [Thread-3] INFO  org.cpswt.hla.FederationManager - Current_time = 307.0 and step = 1.0 and requested_time = 308.0
23:01:32.578 [Thread-3] INFO  org.cpswt.hla.FederationManager - Current_time = 308.0 and step = 1.0 and requested_time = 309.0
23:01:34.652 [Thread-3] INFO  org.cpswt.hla.FederationManager - Current_time = 309.0 and step = 1.0 and requested_time = 310.0
23:01:36.744 [Thread-3] INFO  org.cpswt.hla.FederationManager - Federation manager current time = 310.0
23:01:36.745 [Thread-3] INFO  org.cpswt.hla.FederationManager - Current_time = 310.0 and step = 1.0 and requested_time = 311.0
23:01:38.824 [Thread-3] INFO  org.cpswt.hla.FederationManager - Current_time = 311.0 and step = 1.0 and requested_time = 312.0
23:01:40.912 [Thread-3] INFO  org.cpswt.hla.FederationManager - Current_time = 312.0 and step = 1.0 and requested_time = 313.0
23:01:42.994 [Thread-3] INFO  org.cpswt.hla.FederationManager - Current_time = 313.0 and step = 1.0 and requested_time = 314.0
23:01:45.075 [Thread-3] INFO  org.cpswt.hla.FederationManager - Current_time = 314.0 and step = 1.0 and requested_time = 315.0
23:01:47.156 [Thread-3] INFO  org.cpswt.hla.FederationManager - Current_time = 315.0 and step = 1.0 and requested_time = 316.0
23:01:48.263 [Thread-3] INFO  org.cpswt.hla.FederationManager - Current_time = 316.0 and step = 1.0 and requested_time = 317.0
23:01:50.344 [Thread-3] INFO  org.cpswt.hla.FederationManager - Current_time = 317.0 and step = 1.0 and requested_time = 318.0
23:01:51.455 [Thread-3] INFO  org.cpswt.hla.FederationManager - Current_time = 318.0 and step = 1.0 and requested_time = 319.0
23:01:52.593 [Thread-3] INFO  org.cpswt.hla.FederationManager - Current_time = 319.0 and step = 1.0 and requested_time = 320.0
23:01:54.680 [Thread-3] INFO  org.cpswt.hla.FederationManager - Federation manager current time = 320.0
23:01:54.684 [Thread-3] INFO  org.cpswt.hla.FederationManager - Current_time = 320.0 and step = 1.0 and requested_time = 321.0
23:01:56.769 [Thread-3] INFO  org.cpswt.hla.FederationManager - Current_time = 321.0 and step = 1.0 and requested_time = 322.0
23:01:58.841 [Thread-3] INFO  org.cpswt.hla.FederationManager - Current_time = 322.0 and step = 1.0 and requested_time = 323.0
23:02:00.924 [Thread-3] INFO  org.cpswt.hla.FederationManager - Current_time = 323.0 and step = 1.0 and requested_time = 324.0
23:02:03.003 [Thread-3] INFO  org.cpswt.hla.FederationManager - Current_time = 324.0 and step = 1.0 and requested_time = 325.0
23:02:05.095 [Thread-3] INFO  org.cpswt.hla.FederationManager - Current_time = 325.0 and step = 1.0 and requested_time = 326.0
23:02:07.174 [Thread-3] INFO  org.cpswt.hla.FederationManager - Current_time = 326.0 and step = 1.0 and requested_time = 327.0
23:02:09.263 [Thread-3] INFO  org.cpswt.hla.FederationManager - Current_time = 327.0 and step = 1.0 and requested_time = 328.0
23:02:10.364 [Thread-3] INFO  org.cpswt.hla.FederationManager - Current_time = 328.0 and step = 1.0 and requested_time = 329.0
23:02:12.466 [Thread-3] INFO  org.cpswt.hla.FederationManager - Current_time = 329.0 and step = 1.0 and requested_time = 330.0
23:02:14.219 [Thread-3] INFO  org.cpswt.hla.FederationManager - Federation manager current time = 330.0
23:02:14.219 [Thread-3] INFO  org.cpswt.hla.FederationManager - Current_time = 330.0 and step = 1.0 and requested_time = 331.0
23:02:16.312 [Thread-3] INFO  org.cpswt.hla.FederationManager - Current_time = 331.0 and step = 1.0 and requested_time = 332.0
23:02:18.394 [Thread-3] INFO  org.cpswt.hla.FederationManager - Current_time = 332.0 and step = 1.0 and requested_time = 333.0
23:02:20.481 [Thread-3] INFO  org.cpswt.hla.FederationManager - Current_time = 333.0 and step = 1.0 and requested_time = 334.0
23:02:22.564 [Thread-3] INFO  org.cpswt.hla.FederationManager - Current_time = 334.0 and step = 1.0 and requested_time = 335.0
23:02:23.945 [Thread-3] INFO  org.cpswt.hla.FederationManager - Current_time = 335.0 and step = 1.0 and requested_time = 336.0
23:02:26.026 [Thread-3] INFO  org.cpswt.hla.FederationManager - Current_time = 336.0 and step = 1.0 and requested_time = 337.0
23:02:28.116 [Thread-3] INFO  org.cpswt.hla.FederationManager - Current_time = 337.0 and step = 1.0 and requested_time = 338.0
23:02:30.222 [Thread-3] INFO  org.cpswt.hla.FederationManager - Current_time = 338.0 and step = 1.0 and requested_time = 339.0
23:02:32.299 [Thread-3] INFO  org.cpswt.hla.FederationManager - Current_time = 339.0 and step = 1.0 and requested_time = 340.0
23:02:34.406 [Thread-3] INFO  org.cpswt.hla.FederationManager - Federation manager current time = 340.0
23:02:34.406 [Thread-3] INFO  org.cpswt.hla.FederationManager - Current_time = 340.0 and step = 1.0 and requested_time = 341.0
23:02:36.480 [Thread-3] INFO  org.cpswt.hla.FederationManager - Current_time = 341.0 and step = 1.0 and requested_time = 342.0
23:02:38.562 [Thread-3] INFO  org.cpswt.hla.FederationManager - Current_time = 342.0 and step = 1.0 and requested_time = 343.0
23:02:40.652 [Thread-3] INFO  org.cpswt.hla.FederationManager - Current_time = 343.0 and step = 1.0 and requested_time = 344.0
23:02:42.742 [Thread-3] INFO  org.cpswt.hla.FederationManager - Current_time = 344.0 and step = 1.0 and requested_time = 345.0
23:02:44.826 [Thread-3] INFO  org.cpswt.hla.FederationManager - Current_time = 345.0 and step = 1.0 and requested_time = 346.0
23:02:45.933 [Thread-3] INFO  org.cpswt.hla.FederationManager - Current_time = 346.0 and step = 1.0 and requested_time = 347.0
23:02:48.012 [Thread-3] INFO  org.cpswt.hla.FederationManager - Current_time = 347.0 and step = 1.0 and requested_time = 348.0
23:02:50.110 [Thread-3] INFO  org.cpswt.hla.FederationManager - Current_time = 348.0 and step = 1.0 and requested_time = 349.0
23:02:51.235 [Thread-3] INFO  org.cpswt.hla.FederationManager - Current_time = 349.0 and step = 1.0 and requested_time = 350.0
23:02:53.319 [Thread-3] INFO  org.cpswt.hla.FederationManager - Federation manager current time = 350.0
23:02:53.319 [Thread-3] INFO  org.cpswt.hla.FederationManager - Current_time = 350.0 and step = 1.0 and requested_time = 351.0
23:02:55.396 [Thread-3] INFO  org.cpswt.hla.FederationManager - Current_time = 351.0 and step = 1.0 and requested_time = 352.0
23:02:57.493 [Thread-3] INFO  org.cpswt.hla.FederationManager - Current_time = 352.0 and step = 1.0 and requested_time = 353.0
23:02:59.589 [Thread-3] INFO  org.cpswt.hla.FederationManager - Current_time = 353.0 and step = 1.0 and requested_time = 354.0
23:03:01.678 [Thread-3] INFO  org.cpswt.hla.FederationManager - Current_time = 354.0 and step = 1.0 and requested_time = 355.0
23:03:03.759 [Thread-3] INFO  org.cpswt.hla.FederationManager - Current_time = 355.0 and step = 1.0 and requested_time = 356.0
23:03:05.842 [Thread-3] INFO  org.cpswt.hla.FederationManager - Current_time = 356.0 and step = 1.0 and requested_time = 357.0
23:03:07.920 [Thread-3] INFO  org.cpswt.hla.FederationManager - Current_time = 357.0 and step = 1.0 and requested_time = 358.0
23:03:09.023 [Thread-3] INFO  org.cpswt.hla.FederationManager - Current_time = 358.0 and step = 1.0 and requested_time = 359.0
23:03:11.108 [Thread-3] INFO  org.cpswt.hla.FederationManager - Current_time = 359.0 and step = 1.0 and requested_time = 360.0
23:03:12.213 [Thread-3] INFO  org.cpswt.hla.FederationManager - Federation manager current time = 360.0
23:03:12.213 [Thread-3] INFO  org.cpswt.hla.FederationManager - Current_time = 360.0 and step = 1.0 and requested_time = 361.0
23:03:14.293 [Thread-3] INFO  org.cpswt.hla.FederationManager - Current_time = 361.0 and step = 1.0 and requested_time = 362.0
23:03:16.376 [Thread-3] INFO  org.cpswt.hla.FederationManager - Current_time = 362.0 and step = 1.0 and requested_time = 363.0
23:03:18.458 [Thread-3] INFO  org.cpswt.hla.FederationManager - Current_time = 363.0 and step = 1.0 and requested_time = 364.0
23:03:19.560 [Thread-3] INFO  org.cpswt.hla.FederationManager - Current_time = 364.0 and step = 1.0 and requested_time = 365.0
23:03:21.636 [Thread-3] INFO  org.cpswt.hla.FederationManager - Current_time = 365.0 and step = 1.0 and requested_time = 366.0
23:03:23.729 [Thread-3] INFO  org.cpswt.hla.FederationManager - Current_time = 366.0 and step = 1.0 and requested_time = 367.0
23:03:25.814 [Thread-3] INFO  org.cpswt.hla.FederationManager - Current_time = 367.0 and step = 1.0 and requested_time = 368.0
23:03:27.897 [Thread-3] INFO  org.cpswt.hla.FederationManager - Current_time = 368.0 and step = 1.0 and requested_time = 369.0
23:03:29.977 [Thread-3] INFO  org.cpswt.hla.FederationManager - Current_time = 369.0 and step = 1.0 and requested_time = 370.0
23:03:32.056 [Thread-3] INFO  org.cpswt.hla.FederationManager - Federation manager current time = 370.0
23:03:32.059 [Thread-3] INFO  org.cpswt.hla.FederationManager - Current_time = 370.0 and step = 1.0 and requested_time = 371.0
23:03:34.142 [Thread-3] INFO  org.cpswt.hla.FederationManager - Current_time = 371.0 and step = 1.0 and requested_time = 372.0
23:03:36.239 [Thread-3] INFO  org.cpswt.hla.FederationManager - Current_time = 372.0 and step = 1.0 and requested_time = 373.0
23:03:38.318 [Thread-3] INFO  org.cpswt.hla.FederationManager - Current_time = 373.0 and step = 1.0 and requested_time = 374.0
23:03:40.407 [Thread-3] INFO  org.cpswt.hla.FederationManager - Current_time = 374.0 and step = 1.0 and requested_time = 375.0
23:03:41.521 [Thread-3] INFO  org.cpswt.hla.FederationManager - Current_time = 375.0 and step = 1.0 and requested_time = 376.0
23:03:43.624 [Thread-3] INFO  org.cpswt.hla.FederationManager - Current_time = 376.0 and step = 1.0 and requested_time = 377.0
23:03:44.761 [Thread-3] INFO  org.cpswt.hla.FederationManager - Current_time = 377.0 and step = 1.0 and requested_time = 378.0
23:03:45.893 [Thread-3] INFO  org.cpswt.hla.FederationManager - Current_time = 378.0 and step = 1.0 and requested_time = 379.0
23:03:47.979 [Thread-3] INFO  org.cpswt.hla.FederationManager - Current_time = 379.0 and step = 1.0 and requested_time = 380.0
23:03:50.054 [Thread-3] INFO  org.cpswt.hla.FederationManager - Federation manager current time = 380.0
23:03:50.054 [Thread-3] INFO  org.cpswt.hla.FederationManager - Current_time = 380.0 and step = 1.0 and requested_time = 381.0
23:03:52.149 [Thread-3] INFO  org.cpswt.hla.FederationManager - Current_time = 381.0 and step = 1.0 and requested_time = 382.0
23:03:54.239 [Thread-3] INFO  org.cpswt.hla.FederationManager - Current_time = 382.0 and step = 1.0 and requested_time = 383.0
23:03:56.326 [Thread-3] INFO  org.cpswt.hla.FederationManager - Current_time = 383.0 and step = 1.0 and requested_time = 384.0
23:03:58.419 [Thread-3] INFO  org.cpswt.hla.FederationManager - Current_time = 384.0 and step = 1.0 and requested_time = 385.0
23:04:00.499 [Thread-3] INFO  org.cpswt.hla.FederationManager - Current_time = 385.0 and step = 1.0 and requested_time = 386.0
23:04:02.574 [Thread-3] INFO  org.cpswt.hla.FederationManager - Current_time = 386.0 and step = 1.0 and requested_time = 387.0
23:04:03.679 [Thread-3] INFO  org.cpswt.hla.FederationManager - Current_time = 387.0 and step = 1.0 and requested_time = 388.0
23:04:05.778 [Thread-3] INFO  org.cpswt.hla.FederationManager - Current_time = 388.0 and step = 1.0 and requested_time = 389.0
23:04:07.864 [Thread-3] INFO  org.cpswt.hla.FederationManager - Current_time = 389.0 and step = 1.0 and requested_time = 390.0
23:04:09.943 [Thread-3] INFO  org.cpswt.hla.FederationManager - Federation manager current time = 390.0
23:04:09.943 [Thread-3] INFO  org.cpswt.hla.FederationManager - Current_time = 390.0 and step = 1.0 and requested_time = 391.0
23:04:12.043 [Thread-3] INFO  org.cpswt.hla.FederationManager - Current_time = 391.0 and step = 1.0 and requested_time = 392.0
23:04:14.124 [Thread-3] INFO  org.cpswt.hla.FederationManager - Current_time = 392.0 and step = 1.0 and requested_time = 393.0
23:04:16.227 [Thread-3] INFO  org.cpswt.hla.FederationManager - Current_time = 393.0 and step = 1.0 and requested_time = 394.0
23:04:18.310 [Thread-3] INFO  org.cpswt.hla.FederationManager - Current_time = 394.0 and step = 1.0 and requested_time = 395.0
23:04:20.388 [Thread-3] INFO  org.cpswt.hla.FederationManager - Current_time = 395.0 and step = 1.0 and requested_time = 396.0
23:04:22.484 [Thread-3] INFO  org.cpswt.hla.FederationManager - Current_time = 396.0 and step = 1.0 and requested_time = 397.0
23:04:24.568 [Thread-3] INFO  org.cpswt.hla.FederationManager - Current_time = 397.0 and step = 1.0 and requested_time = 398.0
23:04:25.672 [Thread-3] INFO  org.cpswt.hla.FederationManager - Current_time = 398.0 and step = 1.0 and requested_time = 399.0
23:04:27.760 [Thread-3] INFO  org.cpswt.hla.FederationManager - Current_time = 399.0 and step = 1.0 and requested_time = 400.0
23:04:29.852 [Thread-3] INFO  org.cpswt.hla.FederationManager - Federation manager current time = 400.0
23:04:29.852 [Thread-3] INFO  org.cpswt.hla.FederationManager - Current_time = 400.0 and step = 1.0 and requested_time = 401.0
23:04:31.924 [Thread-3] INFO  org.cpswt.hla.FederationManager - Current_time = 401.0 and step = 1.0 and requested_time = 402.0
23:04:33.038 [Thread-3] INFO  org.cpswt.hla.FederationManager - Current_time = 402.0 and step = 1.0 and requested_time = 403.0
23:04:35.120 [Thread-3] INFO  org.cpswt.hla.FederationManager - Current_time = 403.0 and step = 1.0 and requested_time = 404.0
23:04:36.225 [Thread-3] INFO  org.cpswt.hla.FederationManager - Current_time = 404.0 and step = 1.0 and requested_time = 405.0
23:04:38.302 [Thread-3] INFO  org.cpswt.hla.FederationManager - Current_time = 405.0 and step = 1.0 and requested_time = 406.0
23:04:40.375 [Thread-3] INFO  org.cpswt.hla.FederationManager - Current_time = 406.0 and step = 1.0 and requested_time = 407.0
23:04:41.479 [Thread-3] INFO  org.cpswt.hla.FederationManager - Current_time = 407.0 and step = 1.0 and requested_time = 408.0
23:04:43.568 [Thread-3] INFO  org.cpswt.hla.FederationManager - Current_time = 408.0 and step = 1.0 and requested_time = 409.0
23:04:45.650 [Thread-3] INFO  org.cpswt.hla.FederationManager - Current_time = 409.0 and step = 1.0 and requested_time = 410.0
23:04:47.731 [Thread-3] INFO  org.cpswt.hla.FederationManager - Federation manager current time = 410.0
23:04:47.731 [Thread-3] INFO  org.cpswt.hla.FederationManager - Current_time = 410.0 and step = 1.0 and requested_time = 411.0
23:04:48.826 [Thread-3] INFO  org.cpswt.hla.FederationManager - Current_time = 411.0 and step = 1.0 and requested_time = 412.0
23:04:50.914 [Thread-3] INFO  org.cpswt.hla.FederationManager - Current_time = 412.0 and step = 1.0 and requested_time = 413.0
23:04:53.002 [Thread-3] INFO  org.cpswt.hla.FederationManager - Current_time = 413.0 and step = 1.0 and requested_time = 414.0
23:04:55.106 [Thread-3] INFO  org.cpswt.hla.FederationManager - Current_time = 414.0 and step = 1.0 and requested_time = 415.0
23:04:56.206 [Thread-3] INFO  org.cpswt.hla.FederationManager - Current_time = 415.0 and step = 1.0 and requested_time = 416.0
23:04:58.299 [Thread-3] INFO  org.cpswt.hla.FederationManager - Current_time = 416.0 and step = 1.0 and requested_time = 417.0
23:05:00.378 [Thread-3] INFO  org.cpswt.hla.FederationManager - Current_time = 417.0 and step = 1.0 and requested_time = 418.0
23:05:02.480 [Thread-3] INFO  org.cpswt.hla.FederationManager - Current_time = 418.0 and step = 1.0 and requested_time = 419.0
23:05:04.559 [Thread-3] INFO  org.cpswt.hla.FederationManager - Current_time = 419.0 and step = 1.0 and requested_time = 420.0
23:05:06.638 [Thread-3] INFO  org.cpswt.hla.FederationManager - Federation manager current time = 420.0
23:05:06.638 [Thread-3] INFO  org.cpswt.hla.FederationManager - Current_time = 420.0 and step = 1.0 and requested_time = 421.0
23:05:08.729 [Thread-3] INFO  org.cpswt.hla.FederationManager - Current_time = 421.0 and step = 1.0 and requested_time = 422.0
23:05:09.826 [Thread-3] INFO  org.cpswt.hla.FederationManager - Current_time = 422.0 and step = 1.0 and requested_time = 423.0
23:05:10.926 [Thread-3] INFO  org.cpswt.hla.FederationManager - Current_time = 423.0 and step = 1.0 and requested_time = 424.0
23:05:13.030 [Thread-3] INFO  org.cpswt.hla.FederationManager - Current_time = 424.0 and step = 1.0 and requested_time = 425.0
23:05:15.125 [Thread-3] INFO  org.cpswt.hla.FederationManager - Current_time = 425.0 and step = 1.0 and requested_time = 426.0
23:05:17.222 [Thread-3] INFO  org.cpswt.hla.FederationManager - Current_time = 426.0 and step = 1.0 and requested_time = 427.0
23:05:19.312 [Thread-3] INFO  org.cpswt.hla.FederationManager - Current_time = 427.0 and step = 1.0 and requested_time = 428.0
23:05:21.401 [Thread-3] INFO  org.cpswt.hla.FederationManager - Current_time = 428.0 and step = 1.0 and requested_time = 429.0
23:05:22.511 [Thread-3] INFO  org.cpswt.hla.FederationManager - Current_time = 429.0 and step = 1.0 and requested_time = 430.0
23:05:24.589 [Thread-3] INFO  org.cpswt.hla.FederationManager - Federation manager current time = 430.0
23:05:24.589 [Thread-3] INFO  org.cpswt.hla.FederationManager - Current_time = 430.0 and step = 1.0 and requested_time = 431.0
23:05:26.670 [Thread-3] INFO  org.cpswt.hla.FederationManager - Current_time = 431.0 and step = 1.0 and requested_time = 432.0
23:05:28.759 [Thread-3] INFO  org.cpswt.hla.FederationManager - Current_time = 432.0 and step = 1.0 and requested_time = 433.0
23:05:30.846 [Thread-3] INFO  org.cpswt.hla.FederationManager - Current_time = 433.0 and step = 1.0 and requested_time = 434.0
23:05:32.921 [Thread-3] INFO  org.cpswt.hla.FederationManager - Current_time = 434.0 and step = 1.0 and requested_time = 435.0
23:05:35.010 [Thread-3] INFO  org.cpswt.hla.FederationManager - Current_time = 435.0 and step = 1.0 and requested_time = 436.0
23:05:37.085 [Thread-3] INFO  org.cpswt.hla.FederationManager - Current_time = 436.0 and step = 1.0 and requested_time = 437.0
23:05:38.195 [Thread-3] INFO  org.cpswt.hla.FederationManager - Current_time = 437.0 and step = 1.0 and requested_time = 438.0
23:05:40.264 [Thread-3] INFO  org.cpswt.hla.FederationManager - Current_time = 438.0 and step = 1.0 and requested_time = 439.0
23:05:42.348 [Thread-3] INFO  org.cpswt.hla.FederationManager - Current_time = 439.0 and step = 1.0 and requested_time = 440.0
23:05:44.440 [Thread-3] INFO  org.cpswt.hla.FederationManager - Federation manager current time = 440.0
23:05:44.440 [Thread-3] INFO  org.cpswt.hla.FederationManager - Current_time = 440.0 and step = 1.0 and requested_time = 441.0
23:05:46.523 [Thread-3] INFO  org.cpswt.hla.FederationManager - Current_time = 441.0 and step = 1.0 and requested_time = 442.0
23:05:48.611 [Thread-3] INFO  org.cpswt.hla.FederationManager - Current_time = 442.0 and step = 1.0 and requested_time = 443.0
23:05:50.692 [Thread-3] INFO  org.cpswt.hla.FederationManager - Current_time = 443.0 and step = 1.0 and requested_time = 444.0
23:05:52.772 [Thread-3] INFO  org.cpswt.hla.FederationManager - Current_time = 444.0 and step = 1.0 and requested_time = 445.0
23:05:54.876 [Thread-3] INFO  org.cpswt.hla.FederationManager - Current_time = 445.0 and step = 1.0 and requested_time = 446.0
23:05:56.959 [Thread-3] INFO  org.cpswt.hla.FederationManager - Current_time = 446.0 and step = 1.0 and requested_time = 447.0
23:05:59.047 [Thread-3] INFO  org.cpswt.hla.FederationManager - Current_time = 447.0 and step = 1.0 and requested_time = 448.0
23:06:01.124 [Thread-3] INFO  org.cpswt.hla.FederationManager - Current_time = 448.0 and step = 1.0 and requested_time = 449.0
23:06:03.207 [Thread-3] INFO  org.cpswt.hla.FederationManager - Current_time = 449.0 and step = 1.0 and requested_time = 450.0
23:06:05.290 [Thread-3] INFO  org.cpswt.hla.FederationManager - Federation manager current time = 450.0
23:06:05.291 [Thread-3] INFO  org.cpswt.hla.FederationManager - Current_time = 450.0 and step = 1.0 and requested_time = 451.0
23:06:07.374 [Thread-3] INFO  org.cpswt.hla.FederationManager - Current_time = 451.0 and step = 1.0 and requested_time = 452.0
23:06:08.480 [Thread-3] INFO  org.cpswt.hla.FederationManager - Current_time = 452.0 and step = 1.0 and requested_time = 453.0
23:06:10.567 [Thread-3] INFO  org.cpswt.hla.FederationManager - Current_time = 453.0 and step = 1.0 and requested_time = 454.0
23:06:12.658 [Thread-3] INFO  org.cpswt.hla.FederationManager - Current_time = 454.0 and step = 1.0 and requested_time = 455.0
23:06:14.753 [Thread-3] INFO  org.cpswt.hla.FederationManager - Current_time = 455.0 and step = 1.0 and requested_time = 456.0
23:06:16.845 [Thread-3] INFO  org.cpswt.hla.FederationManager - Current_time = 456.0 and step = 1.0 and requested_time = 457.0
23:06:18.927 [Thread-3] INFO  org.cpswt.hla.FederationManager - Current_time = 457.0 and step = 1.0 and requested_time = 458.0
23:06:21.007 [Thread-3] INFO  org.cpswt.hla.FederationManager - Current_time = 458.0 and step = 1.0 and requested_time = 459.0
23:06:23.091 [Thread-3] INFO  org.cpswt.hla.FederationManager - Current_time = 459.0 and step = 1.0 and requested_time = 460.0
23:06:25.199 [Thread-3] INFO  org.cpswt.hla.FederationManager - Federation manager current time = 460.0
23:06:25.199 [Thread-3] INFO  org.cpswt.hla.FederationManager - Current_time = 460.0 and step = 1.0 and requested_time = 461.0
23:06:27.288 [Thread-3] INFO  org.cpswt.hla.FederationManager - Current_time = 461.0 and step = 1.0 and requested_time = 462.0
23:06:28.414 [Thread-3] INFO  org.cpswt.hla.FederationManager - Current_time = 462.0 and step = 1.0 and requested_time = 463.0
23:06:30.494 [Thread-3] INFO  org.cpswt.hla.FederationManager - Current_time = 463.0 and step = 1.0 and requested_time = 464.0
23:06:32.575 [Thread-3] INFO  org.cpswt.hla.FederationManager - Current_time = 464.0 and step = 1.0 and requested_time = 465.0
23:06:34.659 [Thread-3] INFO  org.cpswt.hla.FederationManager - Current_time = 465.0 and step = 1.0 and requested_time = 466.0
23:06:36.743 [Thread-3] INFO  org.cpswt.hla.FederationManager - Current_time = 466.0 and step = 1.0 and requested_time = 467.0
23:06:38.831 [Thread-3] INFO  org.cpswt.hla.FederationManager - Current_time = 467.0 and step = 1.0 and requested_time = 468.0
23:06:40.921 [Thread-3] INFO  org.cpswt.hla.FederationManager - Current_time = 468.0 and step = 1.0 and requested_time = 469.0
23:06:43.004 [Thread-3] INFO  org.cpswt.hla.FederationManager - Current_time = 469.0 and step = 1.0 and requested_time = 470.0
23:06:45.084 [Thread-3] INFO  org.cpswt.hla.FederationManager - Federation manager current time = 470.0
23:06:45.084 [Thread-3] INFO  org.cpswt.hla.FederationManager - Current_time = 470.0 and step = 1.0 and requested_time = 471.0
23:06:47.183 [Thread-3] INFO  org.cpswt.hla.FederationManager - Current_time = 471.0 and step = 1.0 and requested_time = 472.0
23:06:49.240 [Thread-3] INFO  org.cpswt.hla.FederationManager - Current_time = 472.0 and step = 1.0 and requested_time = 473.0
23:06:51.309 [Thread-3] INFO  org.cpswt.hla.FederationManager - Current_time = 473.0 and step = 1.0 and requested_time = 474.0
23:06:53.404 [Thread-3] INFO  org.cpswt.hla.FederationManager - Current_time = 474.0 and step = 1.0 and requested_time = 475.0
23:06:55.498 [Thread-3] INFO  org.cpswt.hla.FederationManager - Current_time = 475.0 and step = 1.0 and requested_time = 476.0
23:06:57.584 [Thread-3] INFO  org.cpswt.hla.FederationManager - Current_time = 476.0 and step = 1.0 and requested_time = 477.0
23:06:59.672 [Thread-3] INFO  org.cpswt.hla.FederationManager - Current_time = 477.0 and step = 1.0 and requested_time = 478.0
23:07:01.776 [Thread-3] INFO  org.cpswt.hla.FederationManager - Current_time = 478.0 and step = 1.0 and requested_time = 479.0
23:07:03.859 [Thread-3] INFO  org.cpswt.hla.FederationManager - Current_time = 479.0 and step = 1.0 and requested_time = 480.0
23:07:05.943 [Thread-3] INFO  org.cpswt.hla.FederationManager - Federation manager current time = 480.0
23:07:05.943 [Thread-3] INFO  org.cpswt.hla.FederationManager - Current_time = 480.0 and step = 1.0 and requested_time = 481.0
23:07:07.085 [Thread-3] INFO  org.cpswt.hla.FederationManager - Current_time = 481.0 and step = 1.0 and requested_time = 482.0
23:07:09.172 [Thread-3] INFO  org.cpswt.hla.FederationManager - Current_time = 482.0 and step = 1.0 and requested_time = 483.0
23:07:11.249 [Thread-3] INFO  org.cpswt.hla.FederationManager - Current_time = 483.0 and step = 1.0 and requested_time = 484.0
23:07:13.345 [Thread-3] INFO  org.cpswt.hla.FederationManager - Current_time = 484.0 and step = 1.0 and requested_time = 485.0
23:07:15.451 [Thread-3] INFO  org.cpswt.hla.FederationManager - Current_time = 485.0 and step = 1.0 and requested_time = 486.0
23:07:17.529 [Thread-3] INFO  org.cpswt.hla.FederationManager - Current_time = 486.0 and step = 1.0 and requested_time = 487.0
23:07:19.623 [Thread-3] INFO  org.cpswt.hla.FederationManager - Current_time = 487.0 and step = 1.0 and requested_time = 488.0
23:07:20.720 [Thread-3] INFO  org.cpswt.hla.FederationManager - Current_time = 488.0 and step = 1.0 and requested_time = 489.0
23:07:22.803 [Thread-3] INFO  org.cpswt.hla.FederationManager - Current_time = 489.0 and step = 1.0 and requested_time = 490.0
23:07:24.883 [Thread-3] INFO  org.cpswt.hla.FederationManager - Federation manager current time = 490.0
23:07:24.883 [Thread-3] INFO  org.cpswt.hla.FederationManager - Current_time = 490.0 and step = 1.0 and requested_time = 491.0
23:07:25.976 [Thread-3] INFO  org.cpswt.hla.FederationManager - Current_time = 491.0 and step = 1.0 and requested_time = 492.0
23:07:28.053 [Thread-3] INFO  org.cpswt.hla.FederationManager - Current_time = 492.0 and step = 1.0 and requested_time = 493.0
23:07:30.141 [Thread-3] INFO  org.cpswt.hla.FederationManager - Current_time = 493.0 and step = 1.0 and requested_time = 494.0
23:07:32.223 [Thread-3] INFO  org.cpswt.hla.FederationManager - Current_time = 494.0 and step = 1.0 and requested_time = 495.0
23:07:34.306 [Thread-3] INFO  org.cpswt.hla.FederationManager - Current_time = 495.0 and step = 1.0 and requested_time = 496.0
23:07:36.388 [Thread-3] INFO  org.cpswt.hla.FederationManager - Current_time = 496.0 and step = 1.0 and requested_time = 497.0
23:07:38.484 [Thread-3] INFO  org.cpswt.hla.FederationManager - Current_time = 497.0 and step = 1.0 and requested_time = 498.0
23:07:40.573 [Thread-3] INFO  org.cpswt.hla.FederationManager - Current_time = 498.0 and step = 1.0 and requested_time = 499.0
23:07:42.663 [Thread-3] INFO  org.cpswt.hla.FederationManager - Current_time = 499.0 and step = 1.0 and requested_time = 500.0
23:07:44.750 [Thread-3] INFO  org.cpswt.hla.FederationManager - Federation manager current time = 500.0
23:07:44.750 [Thread-3] INFO  org.cpswt.hla.FederationManager - Current_time = 500.0 and step = 1.0 and requested_time = 501.0
23:07:46.836 [Thread-3] INFO  org.cpswt.hla.FederationManager - Current_time = 501.0 and step = 1.0 and requested_time = 502.0
23:07:48.916 [Thread-3] INFO  org.cpswt.hla.FederationManager - Current_time = 502.0 and step = 1.0 and requested_time = 503.0
23:07:50.020 [Thread-3] INFO  org.cpswt.hla.FederationManager - Current_time = 503.0 and step = 1.0 and requested_time = 504.0
23:07:52.106 [Thread-3] INFO  org.cpswt.hla.FederationManager - Current_time = 504.0 and step = 1.0 and requested_time = 505.0
23:07:54.203 [Thread-3] INFO  org.cpswt.hla.FederationManager - Current_time = 505.0 and step = 1.0 and requested_time = 506.0
23:07:56.289 [Thread-3] INFO  org.cpswt.hla.FederationManager - Current_time = 506.0 and step = 1.0 and requested_time = 507.0
23:07:58.374 [Thread-3] INFO  org.cpswt.hla.FederationManager - Current_time = 507.0 and step = 1.0 and requested_time = 508.0
23:08:00.468 [Thread-3] INFO  org.cpswt.hla.FederationManager - Current_time = 508.0 and step = 1.0 and requested_time = 509.0
23:08:02.553 [Thread-3] INFO  org.cpswt.hla.FederationManager - Current_time = 509.0 and step = 1.0 and requested_time = 510.0
23:08:03.652 [Thread-3] INFO  org.cpswt.hla.FederationManager - Federation manager current time = 510.0
23:08:03.652 [Thread-3] INFO  org.cpswt.hla.FederationManager - Current_time = 510.0 and step = 1.0 and requested_time = 511.0
23:08:05.736 [Thread-3] INFO  org.cpswt.hla.FederationManager - Current_time = 511.0 and step = 1.0 and requested_time = 512.0
23:08:07.821 [Thread-3] INFO  org.cpswt.hla.FederationManager - Current_time = 512.0 and step = 1.0 and requested_time = 513.0
23:08:09.909 [Thread-3] INFO  org.cpswt.hla.FederationManager - Current_time = 513.0 and step = 1.0 and requested_time = 514.0
23:08:11.982 [Thread-3] INFO  org.cpswt.hla.FederationManager - Current_time = 514.0 and step = 1.0 and requested_time = 515.0
23:08:14.067 [Thread-3] INFO  org.cpswt.hla.FederationManager - Current_time = 515.0 and step = 1.0 and requested_time = 516.0
23:08:16.153 [Thread-3] INFO  org.cpswt.hla.FederationManager - Current_time = 516.0 and step = 1.0 and requested_time = 517.0
23:08:17.255 [Thread-3] INFO  org.cpswt.hla.FederationManager - Current_time = 517.0 and step = 1.0 and requested_time = 518.0
23:08:19.330 [Thread-3] INFO  org.cpswt.hla.FederationManager - Current_time = 518.0 and step = 1.0 and requested_time = 519.0
23:08:21.414 [Thread-3] INFO  org.cpswt.hla.FederationManager - Current_time = 519.0 and step = 1.0 and requested_time = 520.0
23:08:23.508 [Thread-3] INFO  org.cpswt.hla.FederationManager - Federation manager current time = 520.0
23:08:23.508 [Thread-3] INFO  org.cpswt.hla.FederationManager - Current_time = 520.0 and step = 1.0 and requested_time = 521.0
23:08:25.605 [Thread-3] INFO  org.cpswt.hla.FederationManager - Current_time = 521.0 and step = 1.0 and requested_time = 522.0
23:08:26.701 [Thread-3] INFO  org.cpswt.hla.FederationManager - Current_time = 522.0 and step = 1.0 and requested_time = 523.0
23:08:27.863 [Thread-3] INFO  org.cpswt.hla.FederationManager - Current_time = 523.0 and step = 1.0 and requested_time = 524.0
23:08:29.968 [Thread-3] INFO  org.cpswt.hla.FederationManager - Current_time = 524.0 and step = 1.0 and requested_time = 525.0
23:08:32.044 [Thread-3] INFO  org.cpswt.hla.FederationManager - Current_time = 525.0 and step = 1.0 and requested_time = 526.0
23:08:34.126 [Thread-3] INFO  org.cpswt.hla.FederationManager - Current_time = 526.0 and step = 1.0 and requested_time = 527.0
23:08:36.190 [Thread-3] INFO  org.cpswt.hla.FederationManager - Current_time = 527.0 and step = 1.0 and requested_time = 528.0
23:08:38.263 [Thread-3] INFO  org.cpswt.hla.FederationManager - Current_time = 528.0 and step = 1.0 and requested_time = 529.0
23:08:40.351 [Thread-3] INFO  org.cpswt.hla.FederationManager - Current_time = 529.0 and step = 1.0 and requested_time = 530.0
23:08:42.438 [Thread-3] INFO  org.cpswt.hla.FederationManager - Federation manager current time = 530.0
23:08:42.439 [Thread-3] INFO  org.cpswt.hla.FederationManager - Current_time = 530.0 and step = 1.0 and requested_time = 531.0
23:08:44.536 [Thread-3] INFO  org.cpswt.hla.FederationManager - Current_time = 531.0 and step = 1.0 and requested_time = 532.0
23:08:46.619 [Thread-3] INFO  org.cpswt.hla.FederationManager - Current_time = 532.0 and step = 1.0 and requested_time = 533.0
23:08:47.747 [Thread-3] INFO  org.cpswt.hla.FederationManager - Current_time = 533.0 and step = 1.0 and requested_time = 534.0
23:08:49.856 [Thread-3] INFO  org.cpswt.hla.FederationManager - Current_time = 534.0 and step = 1.0 and requested_time = 535.0
23:08:51.932 [Thread-3] INFO  org.cpswt.hla.FederationManager - Current_time = 535.0 and step = 1.0 and requested_time = 536.0
23:08:53.035 [Thread-3] INFO  org.cpswt.hla.FederationManager - Current_time = 536.0 and step = 1.0 and requested_time = 537.0
23:08:55.119 [Thread-3] INFO  org.cpswt.hla.FederationManager - Current_time = 537.0 and step = 1.0 and requested_time = 538.0
23:08:57.198 [Thread-3] INFO  org.cpswt.hla.FederationManager - Current_time = 538.0 and step = 1.0 and requested_time = 539.0
23:08:59.282 [Thread-3] INFO  org.cpswt.hla.FederationManager - Current_time = 539.0 and step = 1.0 and requested_time = 540.0
23:09:01.359 [Thread-3] INFO  org.cpswt.hla.FederationManager - Federation manager current time = 540.0
23:09:01.359 [Thread-3] INFO  org.cpswt.hla.FederationManager - Current_time = 540.0 and step = 1.0 and requested_time = 541.0
23:09:02.475 [Thread-3] INFO  org.cpswt.hla.FederationManager - Current_time = 541.0 and step = 1.0 and requested_time = 542.0
23:09:04.553 [Thread-3] INFO  org.cpswt.hla.FederationManager - Current_time = 542.0 and step = 1.0 and requested_time = 543.0
23:09:06.629 [Thread-3] INFO  org.cpswt.hla.FederationManager - Current_time = 543.0 and step = 1.0 and requested_time = 544.0
23:09:08.719 [Thread-3] INFO  org.cpswt.hla.FederationManager - Current_time = 544.0 and step = 1.0 and requested_time = 545.0
23:09:09.817 [Thread-3] INFO  org.cpswt.hla.FederationManager - Current_time = 545.0 and step = 1.0 and requested_time = 546.0
23:09:11.905 [Thread-3] INFO  org.cpswt.hla.FederationManager - Current_time = 546.0 and step = 1.0 and requested_time = 547.0
23:09:13.053 [Thread-3] INFO  org.cpswt.hla.FederationManager - Current_time = 547.0 and step = 1.0 and requested_time = 548.0
23:09:15.142 [Thread-3] INFO  org.cpswt.hla.FederationManager - Current_time = 548.0 and step = 1.0 and requested_time = 549.0
23:09:17.232 [Thread-3] INFO  org.cpswt.hla.FederationManager - Current_time = 549.0 and step = 1.0 and requested_time = 550.0
23:09:19.320 [Thread-3] INFO  org.cpswt.hla.FederationManager - Federation manager current time = 550.0
23:09:19.320 [Thread-3] INFO  org.cpswt.hla.FederationManager - Current_time = 550.0 and step = 1.0 and requested_time = 551.0
23:09:21.411 [Thread-3] INFO  org.cpswt.hla.FederationManager - Current_time = 551.0 and step = 1.0 and requested_time = 552.0
23:09:23.504 [Thread-3] INFO  org.cpswt.hla.FederationManager - Current_time = 552.0 and step = 1.0 and requested_time = 553.0
23:09:25.597 [Thread-3] INFO  org.cpswt.hla.FederationManager - Current_time = 553.0 and step = 1.0 and requested_time = 554.0
23:09:27.674 [Thread-3] INFO  org.cpswt.hla.FederationManager - Current_time = 554.0 and step = 1.0 and requested_time = 555.0
23:09:29.759 [Thread-3] INFO  org.cpswt.hla.FederationManager - Current_time = 555.0 and step = 1.0 and requested_time = 556.0
23:09:31.834 [Thread-3] INFO  org.cpswt.hla.FederationManager - Current_time = 556.0 and step = 1.0 and requested_time = 557.0
23:09:32.941 [Thread-3] INFO  org.cpswt.hla.FederationManager - Current_time = 557.0 and step = 1.0 and requested_time = 558.0
23:09:35.020 [Thread-3] INFO  org.cpswt.hla.FederationManager - Current_time = 558.0 and step = 1.0 and requested_time = 559.0
23:09:37.097 [Thread-3] INFO  org.cpswt.hla.FederationManager - Current_time = 559.0 and step = 1.0 and requested_time = 560.0
23:09:39.186 [Thread-3] INFO  org.cpswt.hla.FederationManager - Federation manager current time = 560.0
23:09:39.186 [Thread-3] INFO  org.cpswt.hla.FederationManager - Current_time = 560.0 and step = 1.0 and requested_time = 561.0
23:09:41.282 [Thread-3] INFO  org.cpswt.hla.FederationManager - Current_time = 561.0 and step = 1.0 and requested_time = 562.0
23:09:43.359 [Thread-3] INFO  org.cpswt.hla.FederationManager - Current_time = 562.0 and step = 1.0 and requested_time = 563.0
23:09:44.456 [Thread-3] INFO  org.cpswt.hla.FederationManager - Current_time = 563.0 and step = 1.0 and requested_time = 564.0
23:09:46.538 [Thread-3] INFO  org.cpswt.hla.FederationManager - Current_time = 564.0 and step = 1.0 and requested_time = 565.0
23:09:48.622 [Thread-3] INFO  org.cpswt.hla.FederationManager - Current_time = 565.0 and step = 1.0 and requested_time = 566.0
23:09:50.706 [Thread-3] INFO  org.cpswt.hla.FederationManager - Current_time = 566.0 and step = 1.0 and requested_time = 567.0
23:09:52.804 [Thread-3] INFO  org.cpswt.hla.FederationManager - Current_time = 567.0 and step = 1.0 and requested_time = 568.0
23:09:54.889 [Thread-3] INFO  org.cpswt.hla.FederationManager - Current_time = 568.0 and step = 1.0 and requested_time = 569.0
23:09:56.976 [Thread-3] INFO  org.cpswt.hla.FederationManager - Current_time = 569.0 and step = 1.0 and requested_time = 570.0
23:09:59.064 [Thread-3] INFO  org.cpswt.hla.FederationManager - Federation manager current time = 570.0
23:09:59.064 [Thread-3] INFO  org.cpswt.hla.FederationManager - Current_time = 570.0 and step = 1.0 and requested_time = 571.0
23:10:00.172 [Thread-3] INFO  org.cpswt.hla.FederationManager - Current_time = 571.0 and step = 1.0 and requested_time = 572.0
23:10:02.255 [Thread-3] INFO  org.cpswt.hla.FederationManager - Current_time = 572.0 and step = 1.0 and requested_time = 573.0
23:10:04.338 [Thread-3] INFO  org.cpswt.hla.FederationManager - Current_time = 573.0 and step = 1.0 and requested_time = 574.0
23:10:06.422 [Thread-3] INFO  org.cpswt.hla.FederationManager - Current_time = 574.0 and step = 1.0 and requested_time = 575.0
23:10:07.519 [Thread-3] INFO  org.cpswt.hla.FederationManager - Current_time = 575.0 and step = 1.0 and requested_time = 576.0
23:10:08.655 [Thread-3] INFO  org.cpswt.hla.FederationManager - Current_time = 576.0 and step = 1.0 and requested_time = 577.0
WARN  [VERIFY_SUSPECT.TimerThread,EPMultipleSims_v3,vagrant-10719] portico.lrc.jgroups: Detected that federate [Socket-f904eccc-959b-4760-8d0f-3791a3187365] may have crashed, investigating...
WARN  [Regular] portico.lrc.jgroups: Federate [Socket-f904eccc-959b-4760-8d0f-3791a3187365] has crashed. Sending fake resignation because it was too rude to.
