[INFO] Scanning for projects...
[INFO]                                                                         
[INFO] ------------------------------------------------------------------------
[INFO] Building EPMultipleSims_v3_exec 0.1.0-SNAPSHOT
[INFO] ------------------------------------------------------------------------
[INFO] 
[INFO] --- exec-maven-plugin:1.5.0:java (default-cli) @ EPMultipleSims_v3_exec ---

-------------------------------------------------------------------
GMS: address=vagrant-53695, cluster=EPMultipleSims_v3, physical address=192.168.1.41:56657
-------------------------------------------------------------------
23:48:27.808 [org.webgme.guest.market.Market.main()] INFO  org.webgme.guest.market.Market - waiting on readyToPopulate...
23:49:27.195 [org.webgme.guest.market.Market.main()] INFO  org.webgme.guest.market.Market - ...synchronized on readyToPopulate
23:49:27.196 [org.webgme.guest.market.Market.main()] INFO  org.webgme.guest.market.Market - waiting on readyToRun...
23:49:27.449 [org.webgme.guest.market.Market.main()] INFO  org.webgme.guest.market.Market - ...synchronized on readyToRun
23:49:27.450 [org.webgme.guest.market.Market.main()] INFO  org.webgme.guest.market.Market - started logical time progression
send from market to controller loop
dataStrings[simID] = price@10.0,
Send sendMarketInfo interaction: price@10.0,
send from market to controller loop
dataStrings[simID] = price@10.0,
Send sendMarketInfo interaction: price@10.0,
send from market to controller loop
dataStrings[simID] = price@10.0,
Send sendMarketInfo interaction: price@10.0,
send from market to controller loop
dataStrings[simID] = price@10.0,
Send sendMarketInfo interaction: price@10.0,
send from market to controller loop
dataStrings[simID] = price@10.0,
Send sendMarketInfo interaction: price@10.0,
send from market to controller loop
dataStrings[simID] = price@10.0,
Send sendMarketInfo interaction: price@10.0,
send from market to controller loop
dataStrings[simID] = price@10.0,
Send sendMarketInfo interaction: price@10.0,
send from market to controller loop
dataStrings[simID] = price@10.0,
Send sendMarketInfo interaction: price@10.0,
send from market to controller loop
dataStrings[simID] = price@10.0,
Send sendMarketInfo interaction: price@10.0,
send from market to controller loop
dataStrings[simID] = price@10.0,
Send sendMarketInfo interaction: price@10.0,
send from market to controller loop
dataStrings[simID] = price@10.0,
Send sendMarketInfo interaction: price@10.0,
send from market to controller loop
dataStrings[simID] = price@10.0,
Send sendMarketInfo interaction: price@10.0,
send from market to controller loop
dataStrings[simID] = price@10.0,
Send sendMarketInfo interaction: price@10.0,
send from market to controller loop
dataStrings[simID] = price@10.0,
Send sendMarketInfo interaction: price@10.0,
send from market to controller loop
dataStrings[simID] = price@10.0,
Send sendMarketInfo interaction: price@10.0,
send from market to controller loop
dataStrings[simID] = price@10.0,
Send sendMarketInfo interaction: price@10.0,
send from market to controller loop
dataStrings[simID] = price@10.0,
Send sendMarketInfo interaction: price@10.0,
send from market to controller loop
dataStrings[simID] = price@10.0,
Send sendMarketInfo interaction: price@10.0,
send from market to controller loop
dataStrings[simID] = price@10.0,
Send sendMarketInfo interaction: price@10.0,
send from market to controller loop
dataStrings[simID] = price@10.0,
Send sendMarketInfo interaction: price@10.0,
send from market to controller loop
dataStrings[simID] = price@10.0,
Send sendMarketInfo interaction: price@10.0,
send from market to controller loop
dataStrings[simID] = price@10.0,
Send sendMarketInfo interaction: price@10.0,
send from market to controller loop
dataStrings[simID] = price@10.0,
Send sendMarketInfo interaction: price@10.0,
send from market to controller loop
dataStrings[simID] = price@10.0,
Send sendMarketInfo interaction: price@10.0,
send from market to controller loop
dataStrings[simID] = price@10.0,
Send sendMarketInfo interaction: price@10.0,
send from market to controller loop
dataStrings[simID] = price@10.0,
Send sendMarketInfo interaction: price@10.0,
send from market to controller loop
dataStrings[simID] = price@10.0,
Send sendMarketInfo interaction: price@10.0,
send from market to controller loop
dataStrings[simID] = price@10.0,
Send sendMarketInfo interaction: price@10.0,
send from market to controller loop
dataStrings[simID] = price@10.0,
Send sendMarketInfo interaction: price@10.0,
send from market to controller loop
dataStrings[simID] = price@10.0,
Send sendMarketInfo interaction: price@10.0,
send from market to controller loop
dataStrings[simID] = price@10.0,
Send sendMarketInfo interaction: price@10.0,
send from market to controller loop
dataStrings[simID] = price@10.0,
Send sendMarketInfo interaction: price@10.0,
send from market to controller loop
dataStrings[simID] = price@10.0,
Send sendMarketInfo interaction: price@10.0,
send from market to controller loop
dataStrings[simID] = price@10.0,
Send sendMarketInfo interaction: price@10.0,
send from market to controller loop
dataStrings[simID] = price@10.0,
Send sendMarketInfo interaction: price@10.0,
send from market to controller loop
dataStrings[simID] = price@10.0,
Send sendMarketInfo interaction: price@10.0,
send from market to controller loop
dataStrings[simID] = price@10.0,
Send sendMarketInfo interaction: price@10.0,
send from market to controller loop
dataStrings[simID] = price@10.0,
Send sendMarketInfo interaction: price@10.0,
send from market to controller loop
dataStrings[simID] = price@10.0,
Send sendMarketInfo interaction: price@10.0,
send from market to controller loop
dataStrings[simID] = price@10.0,
Send sendMarketInfo interaction: price@10.0,
send from market to controller loop
dataStrings[simID] = price@10.0,
Send sendMarketInfo interaction: price@10.0,
send from market to controller loop
dataStrings[simID] = price@10.0,
Send sendMarketInfo interaction: price@10.0,
send from market to controller loop
dataStrings[simID] = price@10.0,
Send sendMarketInfo interaction: price@10.0,
send from market to controller loop
dataStrings[simID] = price@10.0,
Send sendMarketInfo interaction: price@10.0,
send from market to controller loop
dataStrings[simID] = price@10.0,
Send sendMarketInfo interaction: price@10.0,
send from market to controller loop
dataStrings[simID] = price@10.0,
Send sendMarketInfo interaction: price@10.0,
send from market to controller loop
dataStrings[simID] = price@10.0,
Send sendMarketInfo interaction: price@10.0,
send from market to controller loop
dataStrings[simID] = price@10.0,
Send sendMarketInfo interaction: price@10.0,
send from market to controller loop
dataStrings[simID] = price@10.0,
Send sendMarketInfo interaction: price@10.0,
send from market to controller loop
dataStrings[simID] = price@10.0,
Send sendMarketInfo interaction: price@10.0,
send from market to controller loop
dataStrings[simID] = price@10.0,
Send sendMarketInfo interaction: price@10.0,
send from market to controller loop
dataStrings[simID] = price@10.0,
Send sendMarketInfo interaction: price@10.0,
send from market to controller loop
dataStrings[simID] = price@10.0,
Send sendMarketInfo interaction: price@10.0,
send from market to controller loop
dataStrings[simID] = price@10.0,
Send sendMarketInfo interaction: price@10.0,
send from market to controller loop
dataStrings[simID] = price@10.0,
Send sendMarketInfo interaction: price@10.0,
send from market to controller loop
dataStrings[simID] = price@10.0,
Send sendMarketInfo interaction: price@10.0,
send from market to controller loop
dataStrings[simID] = price@10.0,
Send sendMarketInfo interaction: price@10.0,
send from market to controller loop
dataStrings[simID] = price@10.0,
Send sendMarketInfo interaction: price@10.0,
send from market to controller loop
dataStrings[simID] = price@10.0,
Send sendMarketInfo interaction: price@10.0,
send from market to controller loop
dataStrings[simID] = price@10.0,
Send sendMarketInfo interaction: price@10.0,
send from market to controller loop
dataStrings[simID] = price@10.0,
Send sendMarketInfo interaction: price@10.0,
send from market to controller loop
dataStrings[simID] = price@10.0,
Send sendMarketInfo interaction: price@10.0,
send from market to controller loop
dataStrings[simID] = price@10.0,
Send sendMarketInfo interaction: price@10.0,
send from market to controller loop
dataStrings[simID] = price@10.0,
Send sendMarketInfo interaction: price@10.0,
send from market to controller loop
dataStrings[simID] = price@10.0,
Send sendMarketInfo interaction: price@10.0,
send from market to controller loop
dataStrings[simID] = price@10.0,
Send sendMarketInfo interaction: price@10.0,
send from market to controller loop
dataStrings[simID] = price@10.0,
Send sendMarketInfo interaction: price@10.0,
send from market to controller loop
dataStrings[simID] = price@10.0,
Send sendMarketInfo interaction: price@10.0,
send from market to controller loop
dataStrings[simID] = price@10.0,
Send sendMarketInfo interaction: price@10.0,
send from market to controller loop
dataStrings[simID] = price@10.0,
Send sendMarketInfo interaction: price@10.0,
send from market to controller loop
dataStrings[simID] = price@10.0,
Send sendMarketInfo interaction: price@10.0,
send from market to controller loop
dataStrings[simID] = price@10.0,
Send sendMarketInfo interaction: price@10.0,
send from market to controller loop
dataStrings[simID] = price@10.0,
Send sendMarketInfo interaction: price@10.0,
send from market to controller loop
dataStrings[simID] = price@10.0,
Send sendMarketInfo interaction: price@10.0,
send from market to controller loop
dataStrings[simID] = price@10.0,
Send sendMarketInfo interaction: price@10.0,
send from market to controller loop
dataStrings[simID] = price@10.0,
Send sendMarketInfo interaction: price@10.0,
send from market to controller loop
dataStrings[simID] = price@10.0,
Send sendMarketInfo interaction: price@10.0,
send from market to controller loop
dataStrings[simID] = price@10.0,
Send sendMarketInfo interaction: price@10.0,
send from market to controller loop
dataStrings[simID] = price@10.0,
Send sendMarketInfo interaction: price@10.0,
send from market to controller loop
dataStrings[simID] = price@10.0,
Send sendMarketInfo interaction: price@10.0,
send from market to controller loop
dataStrings[simID] = price@10.0,
Send sendMarketInfo interaction: price@10.0,
send from market to controller loop
dataStrings[simID] = price@10.0,
Send sendMarketInfo interaction: price@10.0,
send from market to controller loop
dataStrings[simID] = price@10.0,
Send sendMarketInfo interaction: price@10.0,
send from market to controller loop
dataStrings[simID] = price@10.0,
Send sendMarketInfo interaction: price@10.0,
send from market to controller loop
dataStrings[simID] = price@10.0,
Send sendMarketInfo interaction: price@10.0,
send from market to controller loop
dataStrings[simID] = price@10.0,
Send sendMarketInfo interaction: price@10.0,
send from market to controller loop
dataStrings[simID] = price@10.0,
Send sendMarketInfo interaction: price@10.0,
send from market to controller loop
dataStrings[simID] = price@10.0,
Send sendMarketInfo interaction: price@10.0,
send from market to controller loop
dataStrings[simID] = price@10.0,
Send sendMarketInfo interaction: price@10.0,
send from market to controller loop
dataStrings[simID] = price@10.0,
Send sendMarketInfo interaction: price@10.0,
send from market to controller loop
dataStrings[simID] = price@10.0,
Send sendMarketInfo interaction: price@10.0,
send from market to controller loop
dataStrings[simID] = price@10.0,
Send sendMarketInfo interaction: price@10.0,
send from market to controller loop
dataStrings[simID] = price@10.0,
Send sendMarketInfo interaction: price@10.0,
send from market to controller loop
dataStrings[simID] = price@10.0,
Send sendMarketInfo interaction: price@10.0,
send from market to controller loop
dataStrings[simID] = price@10.0,
Send sendMarketInfo interaction: price@10.0,
send from market to controller loop
dataStrings[simID] = price@10.0,
Send sendMarketInfo interaction: price@10.0,
send from market to controller loop
dataStrings[simID] = price@10.0,
Send sendMarketInfo interaction: price@10.0,
send from market to controller loop
dataStrings[simID] = price@10.0,
Send sendMarketInfo interaction: price@10.0,
send from market to controller loop
dataStrings[simID] = price@10.0,
Send sendMarketInfo interaction: price@10.0,
send from market to controller loop
dataStrings[simID] = price@10.0,
Send sendMarketInfo interaction: price@10.0,
send from market to controller loop
dataStrings[simID] = price@10.0,
Send sendMarketInfo interaction: price@10.0,
send from market to controller loop
dataStrings[simID] = price@10.0,
Send sendMarketInfo interaction: price@10.0,
send from market to controller loop
dataStrings[simID] = price@10.0,
Send sendMarketInfo interaction: price@10.0,
send from market to controller loop
dataStrings[simID] = price@10.0,
Send sendMarketInfo interaction: price@10.0,
send from market to controller loop
dataStrings[simID] = price@10.0,
Send sendMarketInfo interaction: price@10.0,
send from market to controller loop
dataStrings[simID] = price@10.0,
Send sendMarketInfo interaction: price@10.0,
send from market to controller loop
dataStrings[simID] = price@10.0,
Send sendMarketInfo interaction: price@10.0,
send from market to controller loop
dataStrings[simID] = price@10.0,
Send sendMarketInfo interaction: price@10.0,
send from market to controller loop
dataStrings[simID] = price@10.0,
Send sendMarketInfo interaction: price@10.0,
send from market to controller loop
dataStrings[simID] = price@10.0,
Send sendMarketInfo interaction: price@10.0,
send from market to controller loop
dataStrings[simID] = price@10.0,
Send sendMarketInfo interaction: price@10.0,
send from market to controller loop
dataStrings[simID] = price@10.0,
Send sendMarketInfo interaction: price@10.0,
send from market to controller loop
dataStrings[simID] = price@10.0,
Send sendMarketInfo interaction: price@10.0,
send from market to controller loop
dataStrings[simID] = price@10.0,
Send sendMarketInfo interaction: price@10.0,
send from market to controller loop
dataStrings[simID] = price@10.0,
Send sendMarketInfo interaction: price@10.0,
send from market to controller loop
dataStrings[simID] = price@10.0,
Send sendMarketInfo interaction: price@10.0,
send from market to controller loop
dataStrings[simID] = price@10.0,
Send sendMarketInfo interaction: price@10.0,
send from market to controller loop
dataStrings[simID] = price@10.0,
Send sendMarketInfo interaction: price@10.0,
send from market to controller loop
dataStrings[simID] = price@10.0,
Send sendMarketInfo interaction: price@10.0,
send from market to controller loop
dataStrings[simID] = price@10.0,
Send sendMarketInfo interaction: price@10.0,
send from market to controller loop
dataStrings[simID] = price@10.0,
Send sendMarketInfo interaction: price@10.0,
send from market to controller loop
dataStrings[simID] = price@10.0,
Send sendMarketInfo interaction: price@10.0,
send from market to controller loop
dataStrings[simID] = price@10.0,
Send sendMarketInfo interaction: price@10.0,
send from market to controller loop
dataStrings[simID] = price@10.0,
Send sendMarketInfo interaction: price@10.0,
send from market to controller loop
dataStrings[simID] = price@10.0,
Send sendMarketInfo interaction: price@10.0,
send from market to controller loop
dataStrings[simID] = price@10.0,
Send sendMarketInfo interaction: price@10.0,
send from market to controller loop
dataStrings[simID] = price@10.0,
Send sendMarketInfo interaction: price@10.0,
send from market to controller loop
dataStrings[simID] = price@10.0,
Send sendMarketInfo interaction: price@10.0,
send from market to controller loop
dataStrings[simID] = price@10.0,
Send sendMarketInfo interaction: price@10.0,
send from market to controller loop
dataStrings[simID] = price@10.0,
Send sendMarketInfo interaction: price@10.0,
send from market to controller loop
dataStrings[simID] = price@10.0,
Send sendMarketInfo interaction: price@10.0,
send from market to controller loop
dataStrings[simID] = price@10.0,
Send sendMarketInfo interaction: price@10.0,
send from market to controller loop
dataStrings[simID] = price@10.0,
Send sendMarketInfo interaction: price@10.0,
send from market to controller loop
dataStrings[simID] = price@10.0,
Send sendMarketInfo interaction: price@10.0,
send from market to controller loop
dataStrings[simID] = price@10.0,
Send sendMarketInfo interaction: price@10.0,
send from market to controller loop
dataStrings[simID] = price@10.0,
Send sendMarketInfo interaction: price@10.0,
send from market to controller loop
dataStrings[simID] = price@10.0,
Send sendMarketInfo interaction: price@10.0,
send from market to controller loop
dataStrings[simID] = price@10.0,
Send sendMarketInfo interaction: price@10.0,
send from market to controller loop
dataStrings[simID] = price@10.0,
Send sendMarketInfo interaction: price@10.0,
send from market to controller loop
dataStrings[simID] = price@10.0,
Send sendMarketInfo interaction: price@10.0,
send from market to controller loop
dataStrings[simID] = price@10.0,
Send sendMarketInfo interaction: price@10.0,
send from market to controller loop
dataStrings[simID] = price@10.0,
Send sendMarketInfo interaction: price@10.0,
send from market to controller loop
dataStrings[simID] = price@10.0,
Send sendMarketInfo interaction: price@10.0,
send from market to controller loop
dataStrings[simID] = price@10.0,
Send sendMarketInfo interaction: price@10.0,
send from market to controller loop
dataStrings[simID] = price@10.0,
Send sendMarketInfo interaction: price@10.0,
send from market to controller loop
dataStrings[simID] = price@10.0,
Send sendMarketInfo interaction: price@10.0,
send from market to controller loop
dataStrings[simID] = price@10.0,
Send sendMarketInfo interaction: price@10.0,
send from market to controller loop
dataStrings[simID] = price@10.0,
Send sendMarketInfo interaction: price@10.0,
send from market to controller loop
dataStrings[simID] = price@10.0,
Send sendMarketInfo interaction: price@10.0,
send from market to controller loop
dataStrings[simID] = price@10.0,
Send sendMarketInfo interaction: price@10.0,
send from market to controller loop
dataStrings[simID] = price@10.0,
Send sendMarketInfo interaction: price@10.0,
send from market to controller loop
dataStrings[simID] = price@10.0,
Send sendMarketInfo interaction: price@10.0,
send from market to controller loop
dataStrings[simID] = price@10.0,
Send sendMarketInfo interaction: price@10.0,
send from market to controller loop
dataStrings[simID] = price@10.0,
Send sendMarketInfo interaction: price@10.0,
send from market to controller loop
dataStrings[simID] = price@10.0,
Send sendMarketInfo interaction: price@10.0,
send from market to controller loop
dataStrings[simID] = price@10.0,
Send sendMarketInfo interaction: price@10.0,
send from market to controller loop
dataStrings[simID] = price@10.0,
Send sendMarketInfo interaction: price@10.0,
send from market to controller loop
dataStrings[simID] = price@10.0,
Send sendMarketInfo interaction: price@10.0,
send from market to controller loop
dataStrings[simID] = price@10.0,
Send sendMarketInfo interaction: price@10.0,
send from market to controller loop
dataStrings[simID] = price@10.0,
Send sendMarketInfo interaction: price@10.0,
send from market to controller loop
dataStrings[simID] = price@10.0,
Send sendMarketInfo interaction: price@10.0,
send from market to controller loop
dataStrings[simID] = price@10.0,
Send sendMarketInfo interaction: price@10.0,
send from market to controller loop
dataStrings[simID] = price@10.0,
Send sendMarketInfo interaction: price@10.0,
send from market to controller loop
dataStrings[simID] = price@10.0,
Send sendMarketInfo interaction: price@10.0,
send from market to controller loop
dataStrings[simID] = price@10.0,
Send sendMarketInfo interaction: price@10.0,
send from market to controller loop
dataStrings[simID] = price@10.0,
Send sendMarketInfo interaction: price@10.0,
send from market to controller loop
dataStrings[simID] = price@10.0,
Send sendMarketInfo interaction: price@10.0,
send from market to controller loop
dataStrings[simID] = price@10.0,
Send sendMarketInfo interaction: price@10.0,
send from market to controller loop
dataStrings[simID] = price@10.0,
Send sendMarketInfo interaction: price@10.0,
send from market to controller loop
dataStrings[simID] = price@10.0,
Send sendMarketInfo interaction: price@10.0,
send from market to controller loop
dataStrings[simID] = price@10.0,
Send sendMarketInfo interaction: price@10.0,
send from market to controller loop
dataStrings[simID] = price@10.0,
Send sendMarketInfo interaction: price@10.0,
send from market to controller loop
dataStrings[simID] = price@10.0,
Send sendMarketInfo interaction: price@10.0,
send from market to controller loop
dataStrings[simID] = price@10.0,
Send sendMarketInfo interaction: price@10.0,
send from market to controller loop
dataStrings[simID] = price@10.0,
Send sendMarketInfo interaction: price@10.0,
send from market to controller loop
dataStrings[simID] = price@10.0,
Send sendMarketInfo interaction: price@10.0,
send from market to controller loop
dataStrings[simID] = price@10.0,
Send sendMarketInfo interaction: price@10.0,
send from market to controller loop
dataStrings[simID] = price@10.0,
Send sendMarketInfo interaction: price@10.0,
send from market to controller loop
dataStrings[simID] = price@10.0,
Send sendMarketInfo interaction: price@10.0,
send from market to controller loop
dataStrings[simID] = price@10.0,
Send sendMarketInfo interaction: price@10.0,
send from market to controller loop
dataStrings[simID] = price@10.0,
Send sendMarketInfo interaction: price@10.0,
send from market to controller loop
dataStrings[simID] = price@10.0,
Send sendMarketInfo interaction: price@10.0,
send from market to controller loop
dataStrings[simID] = price@10.0,
Send sendMarketInfo interaction: price@10.0,
send from market to controller loop
dataStrings[simID] = price@10.0,
Send sendMarketInfo interaction: price@10.0,
send from market to controller loop
dataStrings[simID] = price@10.0,
Send sendMarketInfo interaction: price@10.0,
send from market to controller loop
dataStrings[simID] = price@10.0,
Send sendMarketInfo interaction: price@10.0,
send from market to controller loop
dataStrings[simID] = price@10.0,
Send sendMarketInfo interaction: price@10.0,
send from market to controller loop
dataStrings[simID] = price@10.0,
Send sendMarketInfo interaction: price@10.0,
send from market to controller loop
dataStrings[simID] = price@10.0,
Send sendMarketInfo interaction: price@10.0,
send from market to controller loop
dataStrings[simID] = price@10.0,
Send sendMarketInfo interaction: price@10.0,
send from market to controller loop
dataStrings[simID] = price@10.0,
Send sendMarketInfo interaction: price@10.0,
send from market to controller loop
dataStrings[simID] = price@10.0,
Send sendMarketInfo interaction: price@10.0,
send from market to controller loop
dataStrings[simID] = price@10.0,
Send sendMarketInfo interaction: price@10.0,
