[INFO] Scanning for projects...
[INFO]                                                                         
[INFO] ------------------------------------------------------------------------
[INFO] Building EPMultipleSims_v3_exec 0.1.0-SNAPSHOT
[INFO] ------------------------------------------------------------------------
[INFO] 
[INFO] --- exec-maven-plugin:1.5.0:java (default-cli) @ EPMultipleSims_v3_exec ---

-------------------------------------------------------------------
GMS: address=vagrant-5867, cluster=EPMultipleSims_v3, physical address=192.168.1.41:55699
-------------------------------------------------------------------
23:35:51.603 [org.webgme.guest.market.Market.main()] INFO  org.webgme.guest.market.Market - waiting on readyToPopulate...
23:39:08.314 [org.webgme.guest.market.Market.main()] INFO  org.webgme.guest.market.Market - ...synchronized on readyToPopulate
23:39:08.314 [org.webgme.guest.market.Market.main()] INFO  org.webgme.guest.market.Market - waiting on readyToRun...
23:39:08.567 [org.webgme.guest.market.Market.main()] INFO  org.webgme.guest.market.Market - ...synchronized on readyToRun
23:39:08.572 [org.webgme.guest.market.Market.main()] INFO  org.webgme.guest.market.Market - started logical time progression
send from market to controller loop
dataStrings[simID] = price@10.0,
Send sendMarketInfo interaction: price@10.0,
send from market to controller loop
dataStrings[simID] = price@10.0,
Send sendMarketInfo interaction: price@10.0,
send from market to controller loop
dataStrings[simID] = price@10.0,
Send sendMarketInfo interaction: price@10.0,
send from market to controller loop
dataStrings[simID] = price@10.0,
Send sendMarketInfo interaction: price@10.0,
send from market to controller loop
dataStrings[simID] = price@10.0,
Send sendMarketInfo interaction: price@10.0,
send from market to controller loop
dataStrings[simID] = price@10.0,
Send sendMarketInfo interaction: price@10.0,
send from market to controller loop
dataStrings[simID] = price@10.0,
Send sendMarketInfo interaction: price@10.0,
send from market to controller loop
dataStrings[simID] = price@10.0,
Send sendMarketInfo interaction: price@10.0,
send from market to controller loop
dataStrings[simID] = price@10.0,
Send sendMarketInfo interaction: price@10.0,
send from market to controller loop
dataStrings[simID] = price@10.0,
Send sendMarketInfo interaction: price@10.0,
send from market to controller loop
dataStrings[simID] = price@10.0,
Send sendMarketInfo interaction: price@10.0,
send from market to controller loop
dataStrings[simID] = price@10.0,
Send sendMarketInfo interaction: price@10.0,
send from market to controller loop
dataStrings[simID] = price@10.0,
Send sendMarketInfo interaction: price@10.0,
send from market to controller loop
dataStrings[simID] = price@10.0,
Send sendMarketInfo interaction: price@10.0,
send from market to controller loop
dataStrings[simID] = price@10.0,
Send sendMarketInfo interaction: price@10.0,
send from market to controller loop
dataStrings[simID] = price@10.0,
Send sendMarketInfo interaction: price@10.0,
send from market to controller loop
dataStrings[simID] = price@10.0,
Send sendMarketInfo interaction: price@10.0,
send from market to controller loop
dataStrings[simID] = price@10.0,
Send sendMarketInfo interaction: price@10.0,
send from market to controller loop
dataStrings[simID] = price@10.0,
Send sendMarketInfo interaction: price@10.0,
send from market to controller loop
dataStrings[simID] = price@10.0,
Send sendMarketInfo interaction: price@10.0,
send from market to controller loop
dataStrings[simID] = price@10.0,
Send sendMarketInfo interaction: price@10.0,
send from market to controller loop
dataStrings[simID] = price@10.0,
Send sendMarketInfo interaction: price@10.0,
send from market to controller loop
dataStrings[simID] = price@10.0,
Send sendMarketInfo interaction: price@10.0,
send from market to controller loop
dataStrings[simID] = price@10.0,
Send sendMarketInfo interaction: price@10.0,
send from market to controller loop
dataStrings[simID] = price@10.0,
Send sendMarketInfo interaction: price@10.0,
send from market to controller loop
dataStrings[simID] = price@10.0,
Send sendMarketInfo interaction: price@10.0,
send from market to controller loop
dataStrings[simID] = price@10.0,
Send sendMarketInfo interaction: price@10.0,
send from market to controller loop
dataStrings[simID] = price@10.0,
Send sendMarketInfo interaction: price@10.0,
send from market to controller loop
dataStrings[simID] = price@10.0,
Send sendMarketInfo interaction: price@10.0,
send from market to controller loop
dataStrings[simID] = price@10.0,
Send sendMarketInfo interaction: price@10.0,
send from market to controller loop
dataStrings[simID] = price@10.0,
Send sendMarketInfo interaction: price@10.0,
send from market to controller loop
dataStrings[simID] = price@10.0,
Send sendMarketInfo interaction: price@10.0,
send from market to controller loop
dataStrings[simID] = price@10.0,
Send sendMarketInfo interaction: price@10.0,
send from market to controller loop
dataStrings[simID] = price@10.0,
Send sendMarketInfo interaction: price@10.0,
send from market to controller loop
dataStrings[simID] = price@10.0,
Send sendMarketInfo interaction: price@10.0,
send from market to controller loop
dataStrings[simID] = price@10.0,
Send sendMarketInfo interaction: price@10.0,
send from market to controller loop
dataStrings[simID] = price@10.0,
Send sendMarketInfo interaction: price@10.0,
send from market to controller loop
dataStrings[simID] = price@10.0,
Send sendMarketInfo interaction: price@10.0,
send from market to controller loop
dataStrings[simID] = price@10.0,
Send sendMarketInfo interaction: price@10.0,
send from market to controller loop
dataStrings[simID] = price@10.0,
Send sendMarketInfo interaction: price@10.0,
send from market to controller loop
dataStrings[simID] = price@10.0,
Send sendMarketInfo interaction: price@10.0,
send from market to controller loop
dataStrings[simID] = price@10.0,
Send sendMarketInfo interaction: price@10.0,
send from market to controller loop
dataStrings[simID] = price@10.0,
Send sendMarketInfo interaction: price@10.0,
send from market to controller loop
dataStrings[simID] = price@10.0,
Send sendMarketInfo interaction: price@10.0,
send from market to controller loop
dataStrings[simID] = price@10.0,
Send sendMarketInfo interaction: price@10.0,
send from market to controller loop
dataStrings[simID] = price@10.0,
Send sendMarketInfo interaction: price@10.0,
send from market to controller loop
dataStrings[simID] = price@10.0,
Send sendMarketInfo interaction: price@10.0,
send from market to controller loop
dataStrings[simID] = price@10.0,
Send sendMarketInfo interaction: price@10.0,
send from market to controller loop
dataStrings[simID] = price@10.0,
Send sendMarketInfo interaction: price@10.0,
send from market to controller loop
dataStrings[simID] = price@10.0,
Send sendMarketInfo interaction: price@10.0,
send from market to controller loop
dataStrings[simID] = price@10.0,
Send sendMarketInfo interaction: price@10.0,
send from market to controller loop
dataStrings[simID] = price@10.0,
Send sendMarketInfo interaction: price@10.0,
send from market to controller loop
dataStrings[simID] = price@10.0,
Send sendMarketInfo interaction: price@10.0,
send from market to controller loop
dataStrings[simID] = price@10.0,
Send sendMarketInfo interaction: price@10.0,
send from market to controller loop
dataStrings[simID] = price@10.0,
Send sendMarketInfo interaction: price@10.0,
send from market to controller loop
dataStrings[simID] = price@10.0,
Send sendMarketInfo interaction: price@10.0,
send from market to controller loop
dataStrings[simID] = price@10.0,
Send sendMarketInfo interaction: price@10.0,
send from market to controller loop
dataStrings[simID] = price@10.0,
Send sendMarketInfo interaction: price@10.0,
send from market to controller loop
dataStrings[simID] = price@10.0,
Send sendMarketInfo interaction: price@10.0,
send from market to controller loop
dataStrings[simID] = price@10.0,
Send sendMarketInfo interaction: price@10.0,
send from market to controller loop
dataStrings[simID] = price@10.0,
Send sendMarketInfo interaction: price@10.0,
send from market to controller loop
dataStrings[simID] = price@10.0,
Send sendMarketInfo interaction: price@10.0,
send from market to controller loop
dataStrings[simID] = price@10.0,
Send sendMarketInfo interaction: price@10.0,
send from market to controller loop
dataStrings[simID] = price@10.0,
Send sendMarketInfo interaction: price@10.0,
send from market to controller loop
dataStrings[simID] = price@10.0,
Send sendMarketInfo interaction: price@10.0,
send from market to controller loop
dataStrings[simID] = price@10.0,
Send sendMarketInfo interaction: price@10.0,
send from market to controller loop
dataStrings[simID] = price@10.0,
Send sendMarketInfo interaction: price@10.0,
send from market to controller loop
dataStrings[simID] = price@10.0,
Send sendMarketInfo interaction: price@10.0,
send from market to controller loop
dataStrings[simID] = price@10.0,
Send sendMarketInfo interaction: price@10.0,
send from market to controller loop
dataStrings[simID] = price@10.0,
Send sendMarketInfo interaction: price@10.0,
send from market to controller loop
dataStrings[simID] = price@10.0,
Send sendMarketInfo interaction: price@10.0,
send from market to controller loop
dataStrings[simID] = price@10.0,
Send sendMarketInfo interaction: price@10.0,
send from market to controller loop
dataStrings[simID] = price@10.0,
Send sendMarketInfo interaction: price@10.0,
send from market to controller loop
dataStrings[simID] = price@10.0,
Send sendMarketInfo interaction: price@10.0,
send from market to controller loop
dataStrings[simID] = price@10.0,
Send sendMarketInfo interaction: price@10.0,
send from market to controller loop
dataStrings[simID] = price@10.0,
Send sendMarketInfo interaction: price@10.0,
send from market to controller loop
dataStrings[simID] = price@10.0,
Send sendMarketInfo interaction: price@10.0,
send from market to controller loop
dataStrings[simID] = price@10.0,
Send sendMarketInfo interaction: price@10.0,
send from market to controller loop
dataStrings[simID] = price@10.0,
Send sendMarketInfo interaction: price@10.0,
send from market to controller loop
dataStrings[simID] = price@10.0,
Send sendMarketInfo interaction: price@10.0,
send from market to controller loop
dataStrings[simID] = price@10.0,
Send sendMarketInfo interaction: price@10.0,
send from market to controller loop
dataStrings[simID] = price@10.0,
Send sendMarketInfo interaction: price@10.0,
send from market to controller loop
dataStrings[simID] = price@10.0,
Send sendMarketInfo interaction: price@10.0,
send from market to controller loop
dataStrings[simID] = price@10.0,
Send sendMarketInfo interaction: price@10.0,
send from market to controller loop
dataStrings[simID] = price@10.0,
Send sendMarketInfo interaction: price@10.0,
send from market to controller loop
dataStrings[simID] = price@10.0,
Send sendMarketInfo interaction: price@10.0,
send from market to controller loop
dataStrings[simID] = price@10.0,
Send sendMarketInfo interaction: price@10.0,
send from market to controller loop
dataStrings[simID] = price@10.0,
Send sendMarketInfo interaction: price@10.0,
send from market to controller loop
dataStrings[simID] = price@10.0,
Send sendMarketInfo interaction: price@10.0,
send from market to controller loop
dataStrings[simID] = price@10.0,
Send sendMarketInfo interaction: price@10.0,
send from market to controller loop
dataStrings[simID] = price@10.0,
Send sendMarketInfo interaction: price@10.0,
send from market to controller loop
dataStrings[simID] = price@10.0,
Send sendMarketInfo interaction: price@10.0,
send from market to controller loop
dataStrings[simID] = price@10.0,
Send sendMarketInfo interaction: price@10.0,
send from market to controller loop
dataStrings[simID] = price@10.0,
Send sendMarketInfo interaction: price@10.0,
send from market to controller loop
dataStrings[simID] = price@10.0,
Send sendMarketInfo interaction: price@10.0,
send from market to controller loop
dataStrings[simID] = price@10.0,
Send sendMarketInfo interaction: price@10.0,
send from market to controller loop
dataStrings[simID] = price@10.0,
Send sendMarketInfo interaction: price@10.0,
send from market to controller loop
dataStrings[simID] = price@10.0,
Send sendMarketInfo interaction: price@10.0,
send from market to controller loop
dataStrings[simID] = price@10.0,
Send sendMarketInfo interaction: price@10.0,
send from market to controller loop
dataStrings[simID] = price@10.0,
Send sendMarketInfo interaction: price@10.0,
send from market to controller loop
dataStrings[simID] = price@10.0,
Send sendMarketInfo interaction: price@10.0,
send from market to controller loop
dataStrings[simID] = price@10.0,
Send sendMarketInfo interaction: price@10.0,
send from market to controller loop
dataStrings[simID] = price@10.0,
Send sendMarketInfo interaction: price@10.0,
send from market to controller loop
dataStrings[simID] = price@10.0,
Send sendMarketInfo interaction: price@10.0,
send from market to controller loop
dataStrings[simID] = price@10.0,
Send sendMarketInfo interaction: price@10.0,
send from market to controller loop
dataStrings[simID] = price@10.0,
Send sendMarketInfo interaction: price@10.0,
send from market to controller loop
dataStrings[simID] = price@10.0,
Send sendMarketInfo interaction: price@10.0,
send from market to controller loop
dataStrings[simID] = price@10.0,
Send sendMarketInfo interaction: price@10.0,
send from market to controller loop
dataStrings[simID] = price@10.0,
Send sendMarketInfo interaction: price@10.0,
send from market to controller loop
dataStrings[simID] = price@10.0,
Send sendMarketInfo interaction: price@10.0,
send from market to controller loop
dataStrings[simID] = price@10.0,
Send sendMarketInfo interaction: price@10.0,
send from market to controller loop
dataStrings[simID] = price@10.0,
Send sendMarketInfo interaction: price@10.0,
send from market to controller loop
dataStrings[simID] = price@10.0,
Send sendMarketInfo interaction: price@10.0,
send from market to controller loop
dataStrings[simID] = price@10.0,
Send sendMarketInfo interaction: price@10.0,
send from market to controller loop
dataStrings[simID] = price@10.0,
Send sendMarketInfo interaction: price@10.0,
send from market to controller loop
dataStrings[simID] = price@10.0,
Send sendMarketInfo interaction: price@10.0,
send from market to controller loop
dataStrings[simID] = price@10.0,
Send sendMarketInfo interaction: price@10.0,
send from market to controller loop
dataStrings[simID] = price@10.0,
Send sendMarketInfo interaction: price@10.0,
send from market to controller loop
dataStrings[simID] = price@10.0,
Send sendMarketInfo interaction: price@10.0,
send from market to controller loop
dataStrings[simID] = price@10.0,
Send sendMarketInfo interaction: price@10.0,
send from market to controller loop
dataStrings[simID] = price@10.0,
Send sendMarketInfo interaction: price@10.0,
send from market to controller loop
dataStrings[simID] = price@10.0,
Send sendMarketInfo interaction: price@10.0,
send from market to controller loop
dataStrings[simID] = price@10.0,
Send sendMarketInfo interaction: price@10.0,
send from market to controller loop
dataStrings[simID] = price@10.0,
Send sendMarketInfo interaction: price@10.0,
send from market to controller loop
dataStrings[simID] = price@10.0,
Send sendMarketInfo interaction: price@10.0,
send from market to controller loop
dataStrings[simID] = price@10.0,
Send sendMarketInfo interaction: price@10.0,
send from market to controller loop
dataStrings[simID] = price@10.0,
Send sendMarketInfo interaction: price@10.0,
send from market to controller loop
dataStrings[simID] = price@10.0,
Send sendMarketInfo interaction: price@10.0,
send from market to controller loop
dataStrings[simID] = price@10.0,
Send sendMarketInfo interaction: price@10.0,
send from market to controller loop
dataStrings[simID] = price@10.0,
Send sendMarketInfo interaction: price@10.0,
send from market to controller loop
dataStrings[simID] = price@10.0,
Send sendMarketInfo interaction: price@10.0,
send from market to controller loop
dataStrings[simID] = price@10.0,
Send sendMarketInfo interaction: price@10.0,
send from market to controller loop
dataStrings[simID] = price@10.0,
Send sendMarketInfo interaction: price@10.0,
send from market to controller loop
dataStrings[simID] = price@10.0,
Send sendMarketInfo interaction: price@10.0,
send from market to controller loop
dataStrings[simID] = price@10.0,
Send sendMarketInfo interaction: price@10.0,
send from market to controller loop
dataStrings[simID] = price@10.0,
Send sendMarketInfo interaction: price@10.0,
send from market to controller loop
dataStrings[simID] = price@10.0,
Send sendMarketInfo interaction: price@10.0,
send from market to controller loop
dataStrings[simID] = price@10.0,
Send sendMarketInfo interaction: price@10.0,
send from market to controller loop
dataStrings[simID] = price@10.0,
Send sendMarketInfo interaction: price@10.0,
send from market to controller loop
dataStrings[simID] = price@10.0,
Send sendMarketInfo interaction: price@10.0,
send from market to controller loop
dataStrings[simID] = price@10.0,
Send sendMarketInfo interaction: price@10.0,
send from market to controller loop
dataStrings[simID] = price@10.0,
Send sendMarketInfo interaction: price@10.0,
send from market to controller loop
dataStrings[simID] = price@10.0,
Send sendMarketInfo interaction: price@10.0,
send from market to controller loop
dataStrings[simID] = price@10.0,
Send sendMarketInfo interaction: price@10.0,
send from market to controller loop
dataStrings[simID] = price@10.0,
Send sendMarketInfo interaction: price@10.0,
