[INFO] Scanning for projects...
[INFO]                                                                         
[INFO] ------------------------------------------------------------------------
[INFO] Building EPMultipleSims_v3_exec 0.1.0-SNAPSHOT
[INFO] ------------------------------------------------------------------------
[INFO] 
[INFO] --- exec-maven-plugin:1.5.0:java (default-cli) @ EPMultipleSims_v3_exec ---

-------------------------------------------------------------------
GMS: address=vagrant-32624, cluster=EPMultipleSims_v3, physical address=192.168.1.41:46575
-------------------------------------------------------------------
23:23:39.030 [org.webgme.guest.market.Market.main()] INFO  org.webgme.guest.market.Market - waiting on readyToPopulate...
23:27:16.767 [org.webgme.guest.market.Market.main()] INFO  org.webgme.guest.market.Market - ...synchronized on readyToPopulate
23:27:16.767 [org.webgme.guest.market.Market.main()] INFO  org.webgme.guest.market.Market - waiting on readyToRun...
23:27:17.019 [org.webgme.guest.market.Market.main()] INFO  org.webgme.guest.market.Market - ...synchronized on readyToRun
23:27:17.021 [org.webgme.guest.market.Market.main()] INFO  org.webgme.guest.market.Market - started logical time progression
send from market to controller loop
dataStrings[simID] = price@10.0,
Send sendMarketInfo interaction: price@10.0,
send from market to controller loop
dataStrings[simID] = price@10.0,
Send sendMarketInfo interaction: price@10.0,
send from market to controller loop
dataStrings[simID] = price@10.0,
Send sendMarketInfo interaction: price@10.0,
send from market to controller loop
dataStrings[simID] = price@10.0,
Send sendMarketInfo interaction: price@10.0,
send from market to controller loop
dataStrings[simID] = price@10.0,
Send sendMarketInfo interaction: price@10.0,
send from market to controller loop
dataStrings[simID] = price@10.0,
Send sendMarketInfo interaction: price@10.0,
send from market to controller loop
dataStrings[simID] = price@10.0,
Send sendMarketInfo interaction: price@10.0,
send from market to controller loop
dataStrings[simID] = price@10.0,
Send sendMarketInfo interaction: price@10.0,
send from market to controller loop
dataStrings[simID] = price@10.0,
Send sendMarketInfo interaction: price@10.0,
send from market to controller loop
dataStrings[simID] = price@10.0,
Send sendMarketInfo interaction: price@10.0,
send from market to controller loop
dataStrings[simID] = price@10.0,
Send sendMarketInfo interaction: price@10.0,
send from market to controller loop
dataStrings[simID] = price@10.0,
Send sendMarketInfo interaction: price@10.0,
send from market to controller loop
dataStrings[simID] = price@10.0,
Send sendMarketInfo interaction: price@10.0,
send from market to controller loop
dataStrings[simID] = price@10.0,
Send sendMarketInfo interaction: price@10.0,
send from market to controller loop
dataStrings[simID] = price@10.0,
Send sendMarketInfo interaction: price@10.0,
send from market to controller loop
dataStrings[simID] = price@10.0,
Send sendMarketInfo interaction: price@10.0,
send from market to controller loop
dataStrings[simID] = price@10.0,
Send sendMarketInfo interaction: price@10.0,
send from market to controller loop
dataStrings[simID] = price@10.0,
Send sendMarketInfo interaction: price@10.0,
send from market to controller loop
dataStrings[simID] = price@10.0,
Send sendMarketInfo interaction: price@10.0,
send from market to controller loop
dataStrings[simID] = price@10.0,
Send sendMarketInfo interaction: price@10.0,
send from market to controller loop
dataStrings[simID] = price@10.0,
Send sendMarketInfo interaction: price@10.0,
send from market to controller loop
dataStrings[simID] = price@10.0,
Send sendMarketInfo interaction: price@10.0,
send from market to controller loop
dataStrings[simID] = price@10.0,
Send sendMarketInfo interaction: price@10.0,
send from market to controller loop
dataStrings[simID] = price@10.0,
Send sendMarketInfo interaction: price@10.0,
send from market to controller loop
dataStrings[simID] = price@10.0,
Send sendMarketInfo interaction: price@10.0,
send from market to controller loop
dataStrings[simID] = price@10.0,
Send sendMarketInfo interaction: price@10.0,
send from market to controller loop
dataStrings[simID] = price@10.0,
Send sendMarketInfo interaction: price@10.0,
send from market to controller loop
dataStrings[simID] = price@10.0,
Send sendMarketInfo interaction: price@10.0,
send from market to controller loop
dataStrings[simID] = price@10.0,
Send sendMarketInfo interaction: price@10.0,
send from market to controller loop
dataStrings[simID] = price@10.0,
Send sendMarketInfo interaction: price@10.0,
send from market to controller loop
dataStrings[simID] = price@10.0,
Send sendMarketInfo interaction: price@10.0,
send from market to controller loop
dataStrings[simID] = price@10.0,
Send sendMarketInfo interaction: price@10.0,
send from market to controller loop
dataStrings[simID] = price@10.0,
Send sendMarketInfo interaction: price@10.0,
send from market to controller loop
dataStrings[simID] = price@10.0,
Send sendMarketInfo interaction: price@10.0,
send from market to controller loop
dataStrings[simID] = price@10.0,
Send sendMarketInfo interaction: price@10.0,
send from market to controller loop
dataStrings[simID] = price@10.0,
Send sendMarketInfo interaction: price@10.0,
send from market to controller loop
dataStrings[simID] = price@10.0,
Send sendMarketInfo interaction: price@10.0,
send from market to controller loop
dataStrings[simID] = price@10.0,
Send sendMarketInfo interaction: price@10.0,
send from market to controller loop
dataStrings[simID] = price@10.0,
Send sendMarketInfo interaction: price@10.0,
send from market to controller loop
dataStrings[simID] = price@10.0,
Send sendMarketInfo interaction: price@10.0,
send from market to controller loop
dataStrings[simID] = price@10.0,
Send sendMarketInfo interaction: price@10.0,
send from market to controller loop
dataStrings[simID] = price@10.0,
Send sendMarketInfo interaction: price@10.0,
send from market to controller loop
dataStrings[simID] = price@10.0,
Send sendMarketInfo interaction: price@10.0,
send from market to controller loop
dataStrings[simID] = price@10.0,
Send sendMarketInfo interaction: price@10.0,
send from market to controller loop
dataStrings[simID] = price@10.0,
Send sendMarketInfo interaction: price@10.0,
send from market to controller loop
dataStrings[simID] = price@10.0,
Send sendMarketInfo interaction: price@10.0,
send from market to controller loop
dataStrings[simID] = price@10.0,
Send sendMarketInfo interaction: price@10.0,
send from market to controller loop
dataStrings[simID] = price@10.0,
Send sendMarketInfo interaction: price@10.0,
send from market to controller loop
dataStrings[simID] = price@10.0,
Send sendMarketInfo interaction: price@10.0,
