[INFO] Scanning for projects...
[INFO]                                                                         
[INFO] ------------------------------------------------------------------------
[INFO] Building EPMultipleSims_v3_exec 0.1.0-SNAPSHOT
[INFO] ------------------------------------------------------------------------
[INFO] 
[INFO] --- exec-maven-plugin:1.5.0:java (default-cli) @ EPMultipleSims_v3_exec ---

-------------------------------------------------------------------
GMS: address=vagrant-24747, cluster=EPMultipleSims_v3, physical address=192.168.1.41:35310
-------------------------------------------------------------------
23:23:50.910 [org.webgme.guest.reader.Reader.main()] INFO  org.webgme.guest.reader.Reader - waiting on readyToPopulate...
23:27:16.825 [org.webgme.guest.reader.Reader.main()] INFO  org.webgme.guest.reader.Reader - ...synchronized on readyToPopulate
23:27:16.826 [org.webgme.guest.reader.Reader.main()] INFO  org.webgme.guest.reader.Reader - waiting on readyToRun...
23:27:17.086 [org.webgme.guest.reader.Reader.main()] INFO  org.webgme.guest.reader.Reader - ...synchronized on readyToRun
23:27:17.089 [org.webgme.guest.reader.Reader.main()] INFO  org.webgme.guest.reader.Reader - started logical time progression
send from market to controller loop
Send sendReaderInfo interaction: null to socket #0
23:27:17.090 [org.webgme.guest.reader.Reader.main()] ERROR org.cpswt.hla.InteractionRoot - could not send interaction
java.lang.NullPointerException: null
	at org.cpswt.hla.InteractionRoot.createSuppliedDatamembers(InteractionRoot.java:1045) ~[Controller-0.1.0-SNAPSHOT.jar:?]
	at org.cpswt.hla.InteractionRoot.sendInteraction(InteractionRoot.java:1063) [Controller-0.1.0-SNAPSHOT.jar:?]
	at org.webgme.guest.reader.Reader.execute(Reader.java:109) [Reader-0.1.0-SNAPSHOT.jar:?]
	at org.webgme.guest.reader.Reader.main(Reader.java:152) [Reader-0.1.0-SNAPSHOT.jar:?]
	at sun.reflect.NativeMethodAccessorImpl.invoke0(Native Method) ~[?:1.8.0_181]
	at sun.reflect.NativeMethodAccessorImpl.invoke(NativeMethodAccessorImpl.java:62) ~[?:1.8.0_181]
	at sun.reflect.DelegatingMethodAccessorImpl.invoke(DelegatingMethodAccessorImpl.java:43) ~[?:1.8.0_181]
	at java.lang.reflect.Method.invoke(Method.java:498) ~[?:1.8.0_181]
	at org.codehaus.mojo.exec.ExecJavaMojo$1.run(ExecJavaMojo.java:294) [exec-maven-plugin-1.5.0.jar:?]
	at java.lang.Thread.run(Thread.java:748) [?:1.8.0_181]
send from market to controller loop
Send sendReaderInfo interaction: null to socket #0
23:27:19.151 [org.webgme.guest.reader.Reader.main()] ERROR org.cpswt.hla.InteractionRoot - could not send interaction
java.lang.NullPointerException: null
	at org.cpswt.hla.InteractionRoot.createSuppliedDatamembers(InteractionRoot.java:1045) ~[Controller-0.1.0-SNAPSHOT.jar:?]
	at org.cpswt.hla.InteractionRoot.sendInteraction(InteractionRoot.java:1063) [Controller-0.1.0-SNAPSHOT.jar:?]
	at org.webgme.guest.reader.Reader.execute(Reader.java:109) [Reader-0.1.0-SNAPSHOT.jar:?]
	at org.webgme.guest.reader.Reader.main(Reader.java:152) [Reader-0.1.0-SNAPSHOT.jar:?]
	at sun.reflect.NativeMethodAccessorImpl.invoke0(Native Method) ~[?:1.8.0_181]
	at sun.reflect.NativeMethodAccessorImpl.invoke(NativeMethodAccessorImpl.java:62) ~[?:1.8.0_181]
	at sun.reflect.DelegatingMethodAccessorImpl.invoke(DelegatingMethodAccessorImpl.java:43) ~[?:1.8.0_181]
	at java.lang.reflect.Method.invoke(Method.java:498) ~[?:1.8.0_181]
	at org.codehaus.mojo.exec.ExecJavaMojo$1.run(ExecJavaMojo.java:294) [exec-maven-plugin-1.5.0.jar:?]
	at java.lang.Thread.run(Thread.java:748) [?:1.8.0_181]
send from market to controller loop
Send sendReaderInfo interaction: null to socket #0
23:27:21.278 [org.webgme.guest.reader.Reader.main()] ERROR org.cpswt.hla.InteractionRoot - could not send interaction
java.lang.NullPointerException: null
	at org.cpswt.hla.InteractionRoot.createSuppliedDatamembers(InteractionRoot.java:1045) ~[Controller-0.1.0-SNAPSHOT.jar:?]
	at org.cpswt.hla.InteractionRoot.sendInteraction(InteractionRoot.java:1063) [Controller-0.1.0-SNAPSHOT.jar:?]
	at org.webgme.guest.reader.Reader.execute(Reader.java:109) [Reader-0.1.0-SNAPSHOT.jar:?]
	at org.webgme.guest.reader.Reader.main(Reader.java:152) [Reader-0.1.0-SNAPSHOT.jar:?]
	at sun.reflect.NativeMethodAccessorImpl.invoke0(Native Method) ~[?:1.8.0_181]
	at sun.reflect.NativeMethodAccessorImpl.invoke(NativeMethodAccessorImpl.java:62) ~[?:1.8.0_181]
	at sun.reflect.DelegatingMethodAccessorImpl.invoke(DelegatingMethodAccessorImpl.java:43) ~[?:1.8.0_181]
	at java.lang.reflect.Method.invoke(Method.java:498) ~[?:1.8.0_181]
	at org.codehaus.mojo.exec.ExecJavaMojo$1.run(ExecJavaMojo.java:294) [exec-maven-plugin-1.5.0.jar:?]
	at java.lang.Thread.run(Thread.java:748) [?:1.8.0_181]
send from market to controller loop
Send sendReaderInfo interaction: null to socket #0
23:27:23.359 [org.webgme.guest.reader.Reader.main()] ERROR org.cpswt.hla.InteractionRoot - could not send interaction
java.lang.NullPointerException: null
	at org.cpswt.hla.InteractionRoot.createSuppliedDatamembers(InteractionRoot.java:1045) ~[Controller-0.1.0-SNAPSHOT.jar:?]
	at org.cpswt.hla.InteractionRoot.sendInteraction(InteractionRoot.java:1063) [Controller-0.1.0-SNAPSHOT.jar:?]
	at org.webgme.guest.reader.Reader.execute(Reader.java:109) [Reader-0.1.0-SNAPSHOT.jar:?]
	at org.webgme.guest.reader.Reader.main(Reader.java:152) [Reader-0.1.0-SNAPSHOT.jar:?]
	at sun.reflect.NativeMethodAccessorImpl.invoke0(Native Method) ~[?:1.8.0_181]
	at sun.reflect.NativeMethodAccessorImpl.invoke(NativeMethodAccessorImpl.java:62) ~[?:1.8.0_181]
	at sun.reflect.DelegatingMethodAccessorImpl.invoke(DelegatingMethodAccessorImpl.java:43) ~[?:1.8.0_181]
	at java.lang.reflect.Method.invoke(Method.java:498) ~[?:1.8.0_181]
	at org.codehaus.mojo.exec.ExecJavaMojo$1.run(ExecJavaMojo.java:294) [exec-maven-plugin-1.5.0.jar:?]
	at java.lang.Thread.run(Thread.java:748) [?:1.8.0_181]
send from market to controller loop
Send sendReaderInfo interaction: null to socket #0
23:27:25.454 [org.webgme.guest.reader.Reader.main()] ERROR org.cpswt.hla.InteractionRoot - could not send interaction
java.lang.NullPointerException: null
	at org.cpswt.hla.InteractionRoot.createSuppliedDatamembers(InteractionRoot.java:1045) ~[Controller-0.1.0-SNAPSHOT.jar:?]
	at org.cpswt.hla.InteractionRoot.sendInteraction(InteractionRoot.java:1063) [Controller-0.1.0-SNAPSHOT.jar:?]
	at org.webgme.guest.reader.Reader.execute(Reader.java:109) [Reader-0.1.0-SNAPSHOT.jar:?]
	at org.webgme.guest.reader.Reader.main(Reader.java:152) [Reader-0.1.0-SNAPSHOT.jar:?]
	at sun.reflect.NativeMethodAccessorImpl.invoke0(Native Method) ~[?:1.8.0_181]
	at sun.reflect.NativeMethodAccessorImpl.invoke(NativeMethodAccessorImpl.java:62) ~[?:1.8.0_181]
	at sun.reflect.DelegatingMethodAccessorImpl.invoke(DelegatingMethodAccessorImpl.java:43) ~[?:1.8.0_181]
	at java.lang.reflect.Method.invoke(Method.java:498) ~[?:1.8.0_181]
	at org.codehaus.mojo.exec.ExecJavaMojo$1.run(ExecJavaMojo.java:294) [exec-maven-plugin-1.5.0.jar:?]
	at java.lang.Thread.run(Thread.java:748) [?:1.8.0_181]
send from market to controller loop
Send sendReaderInfo interaction: null to socket #0
23:27:27.546 [org.webgme.guest.reader.Reader.main()] ERROR org.cpswt.hla.InteractionRoot - could not send interaction
java.lang.NullPointerException: null
	at org.cpswt.hla.InteractionRoot.createSuppliedDatamembers(InteractionRoot.java:1045) ~[Controller-0.1.0-SNAPSHOT.jar:?]
	at org.cpswt.hla.InteractionRoot.sendInteraction(InteractionRoot.java:1063) [Controller-0.1.0-SNAPSHOT.jar:?]
	at org.webgme.guest.reader.Reader.execute(Reader.java:109) [Reader-0.1.0-SNAPSHOT.jar:?]
	at org.webgme.guest.reader.Reader.main(Reader.java:152) [Reader-0.1.0-SNAPSHOT.jar:?]
	at sun.reflect.NativeMethodAccessorImpl.invoke0(Native Method) ~[?:1.8.0_181]
	at sun.reflect.NativeMethodAccessorImpl.invoke(NativeMethodAccessorImpl.java:62) ~[?:1.8.0_181]
	at sun.reflect.DelegatingMethodAccessorImpl.invoke(DelegatingMethodAccessorImpl.java:43) ~[?:1.8.0_181]
	at java.lang.reflect.Method.invoke(Method.java:498) ~[?:1.8.0_181]
	at org.codehaus.mojo.exec.ExecJavaMojo$1.run(ExecJavaMojo.java:294) [exec-maven-plugin-1.5.0.jar:?]
	at java.lang.Thread.run(Thread.java:748) [?:1.8.0_181]
send from market to controller loop
Send sendReaderInfo interaction: null to socket #0
23:27:29.642 [org.webgme.guest.reader.Reader.main()] ERROR org.cpswt.hla.InteractionRoot - could not send interaction
java.lang.NullPointerException: null
	at org.cpswt.hla.InteractionRoot.createSuppliedDatamembers(InteractionRoot.java:1045) ~[Controller-0.1.0-SNAPSHOT.jar:?]
	at org.cpswt.hla.InteractionRoot.sendInteraction(InteractionRoot.java:1063) [Controller-0.1.0-SNAPSHOT.jar:?]
	at org.webgme.guest.reader.Reader.execute(Reader.java:109) [Reader-0.1.0-SNAPSHOT.jar:?]
	at org.webgme.guest.reader.Reader.main(Reader.java:152) [Reader-0.1.0-SNAPSHOT.jar:?]
	at sun.reflect.NativeMethodAccessorImpl.invoke0(Native Method) ~[?:1.8.0_181]
	at sun.reflect.NativeMethodAccessorImpl.invoke(NativeMethodAccessorImpl.java:62) ~[?:1.8.0_181]
	at sun.reflect.DelegatingMethodAccessorImpl.invoke(DelegatingMethodAccessorImpl.java:43) ~[?:1.8.0_181]
	at java.lang.reflect.Method.invoke(Method.java:498) ~[?:1.8.0_181]
	at org.codehaus.mojo.exec.ExecJavaMojo$1.run(ExecJavaMojo.java:294) [exec-maven-plugin-1.5.0.jar:?]
	at java.lang.Thread.run(Thread.java:748) [?:1.8.0_181]
send from market to controller loop
Send sendReaderInfo interaction: null to socket #0
23:27:31.749 [org.webgme.guest.reader.Reader.main()] ERROR org.cpswt.hla.InteractionRoot - could not send interaction
java.lang.NullPointerException: null
	at org.cpswt.hla.InteractionRoot.createSuppliedDatamembers(InteractionRoot.java:1045) ~[Controller-0.1.0-SNAPSHOT.jar:?]
	at org.cpswt.hla.InteractionRoot.sendInteraction(InteractionRoot.java:1063) [Controller-0.1.0-SNAPSHOT.jar:?]
	at org.webgme.guest.reader.Reader.execute(Reader.java:109) [Reader-0.1.0-SNAPSHOT.jar:?]
	at org.webgme.guest.reader.Reader.main(Reader.java:152) [Reader-0.1.0-SNAPSHOT.jar:?]
	at sun.reflect.NativeMethodAccessorImpl.invoke0(Native Method) ~[?:1.8.0_181]
	at sun.reflect.NativeMethodAccessorImpl.invoke(NativeMethodAccessorImpl.java:62) ~[?:1.8.0_181]
	at sun.reflect.DelegatingMethodAccessorImpl.invoke(DelegatingMethodAccessorImpl.java:43) ~[?:1.8.0_181]
	at java.lang.reflect.Method.invoke(Method.java:498) ~[?:1.8.0_181]
	at org.codehaus.mojo.exec.ExecJavaMojo$1.run(ExecJavaMojo.java:294) [exec-maven-plugin-1.5.0.jar:?]
	at java.lang.Thread.run(Thread.java:748) [?:1.8.0_181]
send from market to controller loop
Send sendReaderInfo interaction: null to socket #0
23:27:33.837 [org.webgme.guest.reader.Reader.main()] ERROR org.cpswt.hla.InteractionRoot - could not send interaction
java.lang.NullPointerException: null
	at org.cpswt.hla.InteractionRoot.createSuppliedDatamembers(InteractionRoot.java:1045) ~[Controller-0.1.0-SNAPSHOT.jar:?]
	at org.cpswt.hla.InteractionRoot.sendInteraction(InteractionRoot.java:1063) [Controller-0.1.0-SNAPSHOT.jar:?]
	at org.webgme.guest.reader.Reader.execute(Reader.java:109) [Reader-0.1.0-SNAPSHOT.jar:?]
	at org.webgme.guest.reader.Reader.main(Reader.java:152) [Reader-0.1.0-SNAPSHOT.jar:?]
	at sun.reflect.NativeMethodAccessorImpl.invoke0(Native Method) ~[?:1.8.0_181]
	at sun.reflect.NativeMethodAccessorImpl.invoke(NativeMethodAccessorImpl.java:62) ~[?:1.8.0_181]
	at sun.reflect.DelegatingMethodAccessorImpl.invoke(DelegatingMethodAccessorImpl.java:43) ~[?:1.8.0_181]
	at java.lang.reflect.Method.invoke(Method.java:498) ~[?:1.8.0_181]
	at org.codehaus.mojo.exec.ExecJavaMojo$1.run(ExecJavaMojo.java:294) [exec-maven-plugin-1.5.0.jar:?]
	at java.lang.Thread.run(Thread.java:748) [?:1.8.0_181]
send from market to controller loop
Send sendReaderInfo interaction: null to socket #0
23:27:35.922 [org.webgme.guest.reader.Reader.main()] ERROR org.cpswt.hla.InteractionRoot - could not send interaction
java.lang.NullPointerException: null
	at org.cpswt.hla.InteractionRoot.createSuppliedDatamembers(InteractionRoot.java:1045) ~[Controller-0.1.0-SNAPSHOT.jar:?]
	at org.cpswt.hla.InteractionRoot.sendInteraction(InteractionRoot.java:1063) [Controller-0.1.0-SNAPSHOT.jar:?]
	at org.webgme.guest.reader.Reader.execute(Reader.java:109) [Reader-0.1.0-SNAPSHOT.jar:?]
	at org.webgme.guest.reader.Reader.main(Reader.java:152) [Reader-0.1.0-SNAPSHOT.jar:?]
	at sun.reflect.NativeMethodAccessorImpl.invoke0(Native Method) ~[?:1.8.0_181]
	at sun.reflect.NativeMethodAccessorImpl.invoke(NativeMethodAccessorImpl.java:62) ~[?:1.8.0_181]
	at sun.reflect.DelegatingMethodAccessorImpl.invoke(DelegatingMethodAccessorImpl.java:43) ~[?:1.8.0_181]
	at java.lang.reflect.Method.invoke(Method.java:498) ~[?:1.8.0_181]
	at org.codehaus.mojo.exec.ExecJavaMojo$1.run(ExecJavaMojo.java:294) [exec-maven-plugin-1.5.0.jar:?]
	at java.lang.Thread.run(Thread.java:748) [?:1.8.0_181]
send from market to controller loop
Send sendReaderInfo interaction: null to socket #0
23:27:38.008 [org.webgme.guest.reader.Reader.main()] ERROR org.cpswt.hla.InteractionRoot - could not send interaction
java.lang.NullPointerException: null
	at org.cpswt.hla.InteractionRoot.createSuppliedDatamembers(InteractionRoot.java:1045) ~[Controller-0.1.0-SNAPSHOT.jar:?]
	at org.cpswt.hla.InteractionRoot.sendInteraction(InteractionRoot.java:1063) [Controller-0.1.0-SNAPSHOT.jar:?]
	at org.webgme.guest.reader.Reader.execute(Reader.java:109) [Reader-0.1.0-SNAPSHOT.jar:?]
	at org.webgme.guest.reader.Reader.main(Reader.java:152) [Reader-0.1.0-SNAPSHOT.jar:?]
	at sun.reflect.NativeMethodAccessorImpl.invoke0(Native Method) ~[?:1.8.0_181]
	at sun.reflect.NativeMethodAccessorImpl.invoke(NativeMethodAccessorImpl.java:62) ~[?:1.8.0_181]
	at sun.reflect.DelegatingMethodAccessorImpl.invoke(DelegatingMethodAccessorImpl.java:43) ~[?:1.8.0_181]
	at java.lang.reflect.Method.invoke(Method.java:498) ~[?:1.8.0_181]
	at org.codehaus.mojo.exec.ExecJavaMojo$1.run(ExecJavaMojo.java:294) [exec-maven-plugin-1.5.0.jar:?]
	at java.lang.Thread.run(Thread.java:748) [?:1.8.0_181]
send from market to controller loop
Send sendReaderInfo interaction: null to socket #0
23:27:40.097 [org.webgme.guest.reader.Reader.main()] ERROR org.cpswt.hla.InteractionRoot - could not send interaction
java.lang.NullPointerException: null
	at org.cpswt.hla.InteractionRoot.createSuppliedDatamembers(InteractionRoot.java:1045) ~[Controller-0.1.0-SNAPSHOT.jar:?]
	at org.cpswt.hla.InteractionRoot.sendInteraction(InteractionRoot.java:1063) [Controller-0.1.0-SNAPSHOT.jar:?]
	at org.webgme.guest.reader.Reader.execute(Reader.java:109) [Reader-0.1.0-SNAPSHOT.jar:?]
	at org.webgme.guest.reader.Reader.main(Reader.java:152) [Reader-0.1.0-SNAPSHOT.jar:?]
	at sun.reflect.NativeMethodAccessorImpl.invoke0(Native Method) ~[?:1.8.0_181]
	at sun.reflect.NativeMethodAccessorImpl.invoke(NativeMethodAccessorImpl.java:62) ~[?:1.8.0_181]
	at sun.reflect.DelegatingMethodAccessorImpl.invoke(DelegatingMethodAccessorImpl.java:43) ~[?:1.8.0_181]
	at java.lang.reflect.Method.invoke(Method.java:498) ~[?:1.8.0_181]
	at org.codehaus.mojo.exec.ExecJavaMojo$1.run(ExecJavaMojo.java:294) [exec-maven-plugin-1.5.0.jar:?]
	at java.lang.Thread.run(Thread.java:748) [?:1.8.0_181]
send from market to controller loop
Send sendReaderInfo interaction: null to socket #0
23:27:42.192 [org.webgme.guest.reader.Reader.main()] ERROR org.cpswt.hla.InteractionRoot - could not send interaction
java.lang.NullPointerException: null
	at org.cpswt.hla.InteractionRoot.createSuppliedDatamembers(InteractionRoot.java:1045) ~[Controller-0.1.0-SNAPSHOT.jar:?]
	at org.cpswt.hla.InteractionRoot.sendInteraction(InteractionRoot.java:1063) [Controller-0.1.0-SNAPSHOT.jar:?]
	at org.webgme.guest.reader.Reader.execute(Reader.java:109) [Reader-0.1.0-SNAPSHOT.jar:?]
	at org.webgme.guest.reader.Reader.main(Reader.java:152) [Reader-0.1.0-SNAPSHOT.jar:?]
	at sun.reflect.NativeMethodAccessorImpl.invoke0(Native Method) ~[?:1.8.0_181]
	at sun.reflect.NativeMethodAccessorImpl.invoke(NativeMethodAccessorImpl.java:62) ~[?:1.8.0_181]
	at sun.reflect.DelegatingMethodAccessorImpl.invoke(DelegatingMethodAccessorImpl.java:43) ~[?:1.8.0_181]
	at java.lang.reflect.Method.invoke(Method.java:498) ~[?:1.8.0_181]
	at org.codehaus.mojo.exec.ExecJavaMojo$1.run(ExecJavaMojo.java:294) [exec-maven-plugin-1.5.0.jar:?]
	at java.lang.Thread.run(Thread.java:748) [?:1.8.0_181]
send from market to controller loop
Send sendReaderInfo interaction: null to socket #0
23:27:44.280 [org.webgme.guest.reader.Reader.main()] ERROR org.cpswt.hla.InteractionRoot - could not send interaction
java.lang.NullPointerException: null
	at org.cpswt.hla.InteractionRoot.createSuppliedDatamembers(InteractionRoot.java:1045) ~[Controller-0.1.0-SNAPSHOT.jar:?]
	at org.cpswt.hla.InteractionRoot.sendInteraction(InteractionRoot.java:1063) [Controller-0.1.0-SNAPSHOT.jar:?]
	at org.webgme.guest.reader.Reader.execute(Reader.java:109) [Reader-0.1.0-SNAPSHOT.jar:?]
	at org.webgme.guest.reader.Reader.main(Reader.java:152) [Reader-0.1.0-SNAPSHOT.jar:?]
	at sun.reflect.NativeMethodAccessorImpl.invoke0(Native Method) ~[?:1.8.0_181]
	at sun.reflect.NativeMethodAccessorImpl.invoke(NativeMethodAccessorImpl.java:62) ~[?:1.8.0_181]
	at sun.reflect.DelegatingMethodAccessorImpl.invoke(DelegatingMethodAccessorImpl.java:43) ~[?:1.8.0_181]
	at java.lang.reflect.Method.invoke(Method.java:498) ~[?:1.8.0_181]
	at org.codehaus.mojo.exec.ExecJavaMojo$1.run(ExecJavaMojo.java:294) [exec-maven-plugin-1.5.0.jar:?]
	at java.lang.Thread.run(Thread.java:748) [?:1.8.0_181]
send from market to controller loop
Send sendReaderInfo interaction: null to socket #0
23:27:46.383 [org.webgme.guest.reader.Reader.main()] ERROR org.cpswt.hla.InteractionRoot - could not send interaction
java.lang.NullPointerException: null
	at org.cpswt.hla.InteractionRoot.createSuppliedDatamembers(InteractionRoot.java:1045) ~[Controller-0.1.0-SNAPSHOT.jar:?]
	at org.cpswt.hla.InteractionRoot.sendInteraction(InteractionRoot.java:1063) [Controller-0.1.0-SNAPSHOT.jar:?]
	at org.webgme.guest.reader.Reader.execute(Reader.java:109) [Reader-0.1.0-SNAPSHOT.jar:?]
	at org.webgme.guest.reader.Reader.main(Reader.java:152) [Reader-0.1.0-SNAPSHOT.jar:?]
	at sun.reflect.NativeMethodAccessorImpl.invoke0(Native Method) ~[?:1.8.0_181]
	at sun.reflect.NativeMethodAccessorImpl.invoke(NativeMethodAccessorImpl.java:62) ~[?:1.8.0_181]
	at sun.reflect.DelegatingMethodAccessorImpl.invoke(DelegatingMethodAccessorImpl.java:43) ~[?:1.8.0_181]
	at java.lang.reflect.Method.invoke(Method.java:498) ~[?:1.8.0_181]
	at org.codehaus.mojo.exec.ExecJavaMojo$1.run(ExecJavaMojo.java:294) [exec-maven-plugin-1.5.0.jar:?]
	at java.lang.Thread.run(Thread.java:748) [?:1.8.0_181]
send from market to controller loop
Send sendReaderInfo interaction: null to socket #0
23:27:47.507 [org.webgme.guest.reader.Reader.main()] ERROR org.cpswt.hla.InteractionRoot - could not send interaction
java.lang.NullPointerException: null
	at org.cpswt.hla.InteractionRoot.createSuppliedDatamembers(InteractionRoot.java:1045) ~[Controller-0.1.0-SNAPSHOT.jar:?]
	at org.cpswt.hla.InteractionRoot.sendInteraction(InteractionRoot.java:1063) [Controller-0.1.0-SNAPSHOT.jar:?]
	at org.webgme.guest.reader.Reader.execute(Reader.java:109) [Reader-0.1.0-SNAPSHOT.jar:?]
	at org.webgme.guest.reader.Reader.main(Reader.java:152) [Reader-0.1.0-SNAPSHOT.jar:?]
	at sun.reflect.NativeMethodAccessorImpl.invoke0(Native Method) ~[?:1.8.0_181]
	at sun.reflect.NativeMethodAccessorImpl.invoke(NativeMethodAccessorImpl.java:62) ~[?:1.8.0_181]
	at sun.reflect.DelegatingMethodAccessorImpl.invoke(DelegatingMethodAccessorImpl.java:43) ~[?:1.8.0_181]
	at java.lang.reflect.Method.invoke(Method.java:498) ~[?:1.8.0_181]
	at org.codehaus.mojo.exec.ExecJavaMojo$1.run(ExecJavaMojo.java:294) [exec-maven-plugin-1.5.0.jar:?]
	at java.lang.Thread.run(Thread.java:748) [?:1.8.0_181]
send from market to controller loop
Send sendReaderInfo interaction: null to socket #0
23:27:49.600 [org.webgme.guest.reader.Reader.main()] ERROR org.cpswt.hla.InteractionRoot - could not send interaction
java.lang.NullPointerException: null
	at org.cpswt.hla.InteractionRoot.createSuppliedDatamembers(InteractionRoot.java:1045) ~[Controller-0.1.0-SNAPSHOT.jar:?]
	at org.cpswt.hla.InteractionRoot.sendInteraction(InteractionRoot.java:1063) [Controller-0.1.0-SNAPSHOT.jar:?]
	at org.webgme.guest.reader.Reader.execute(Reader.java:109) [Reader-0.1.0-SNAPSHOT.jar:?]
	at org.webgme.guest.reader.Reader.main(Reader.java:152) [Reader-0.1.0-SNAPSHOT.jar:?]
	at sun.reflect.NativeMethodAccessorImpl.invoke0(Native Method) ~[?:1.8.0_181]
	at sun.reflect.NativeMethodAccessorImpl.invoke(NativeMethodAccessorImpl.java:62) ~[?:1.8.0_181]
	at sun.reflect.DelegatingMethodAccessorImpl.invoke(DelegatingMethodAccessorImpl.java:43) ~[?:1.8.0_181]
	at java.lang.reflect.Method.invoke(Method.java:498) ~[?:1.8.0_181]
	at org.codehaus.mojo.exec.ExecJavaMojo$1.run(ExecJavaMojo.java:294) [exec-maven-plugin-1.5.0.jar:?]
	at java.lang.Thread.run(Thread.java:748) [?:1.8.0_181]
send from market to controller loop
Send sendReaderInfo interaction: null to socket #0
23:27:51.704 [org.webgme.guest.reader.Reader.main()] ERROR org.cpswt.hla.InteractionRoot - could not send interaction
java.lang.NullPointerException: null
	at org.cpswt.hla.InteractionRoot.createSuppliedDatamembers(InteractionRoot.java:1045) ~[Controller-0.1.0-SNAPSHOT.jar:?]
	at org.cpswt.hla.InteractionRoot.sendInteraction(InteractionRoot.java:1063) [Controller-0.1.0-SNAPSHOT.jar:?]
	at org.webgme.guest.reader.Reader.execute(Reader.java:109) [Reader-0.1.0-SNAPSHOT.jar:?]
	at org.webgme.guest.reader.Reader.main(Reader.java:152) [Reader-0.1.0-SNAPSHOT.jar:?]
	at sun.reflect.NativeMethodAccessorImpl.invoke0(Native Method) ~[?:1.8.0_181]
	at sun.reflect.NativeMethodAccessorImpl.invoke(NativeMethodAccessorImpl.java:62) ~[?:1.8.0_181]
	at sun.reflect.DelegatingMethodAccessorImpl.invoke(DelegatingMethodAccessorImpl.java:43) ~[?:1.8.0_181]
	at java.lang.reflect.Method.invoke(Method.java:498) ~[?:1.8.0_181]
	at org.codehaus.mojo.exec.ExecJavaMojo$1.run(ExecJavaMojo.java:294) [exec-maven-plugin-1.5.0.jar:?]
	at java.lang.Thread.run(Thread.java:748) [?:1.8.0_181]
send from market to controller loop
Send sendReaderInfo interaction: null to socket #0
23:27:52.810 [org.webgme.guest.reader.Reader.main()] ERROR org.cpswt.hla.InteractionRoot - could not send interaction
java.lang.NullPointerException: null
	at org.cpswt.hla.InteractionRoot.createSuppliedDatamembers(InteractionRoot.java:1045) ~[Controller-0.1.0-SNAPSHOT.jar:?]
	at org.cpswt.hla.InteractionRoot.sendInteraction(InteractionRoot.java:1063) [Controller-0.1.0-SNAPSHOT.jar:?]
	at org.webgme.guest.reader.Reader.execute(Reader.java:109) [Reader-0.1.0-SNAPSHOT.jar:?]
	at org.webgme.guest.reader.Reader.main(Reader.java:152) [Reader-0.1.0-SNAPSHOT.jar:?]
	at sun.reflect.NativeMethodAccessorImpl.invoke0(Native Method) ~[?:1.8.0_181]
	at sun.reflect.NativeMethodAccessorImpl.invoke(NativeMethodAccessorImpl.java:62) ~[?:1.8.0_181]
	at sun.reflect.DelegatingMethodAccessorImpl.invoke(DelegatingMethodAccessorImpl.java:43) ~[?:1.8.0_181]
	at java.lang.reflect.Method.invoke(Method.java:498) ~[?:1.8.0_181]
	at org.codehaus.mojo.exec.ExecJavaMojo$1.run(ExecJavaMojo.java:294) [exec-maven-plugin-1.5.0.jar:?]
	at java.lang.Thread.run(Thread.java:748) [?:1.8.0_181]
send from market to controller loop
Send sendReaderInfo interaction: null to socket #0
23:27:54.890 [org.webgme.guest.reader.Reader.main()] ERROR org.cpswt.hla.InteractionRoot - could not send interaction
java.lang.NullPointerException: null
	at org.cpswt.hla.InteractionRoot.createSuppliedDatamembers(InteractionRoot.java:1045) ~[Controller-0.1.0-SNAPSHOT.jar:?]
	at org.cpswt.hla.InteractionRoot.sendInteraction(InteractionRoot.java:1063) [Controller-0.1.0-SNAPSHOT.jar:?]
	at org.webgme.guest.reader.Reader.execute(Reader.java:109) [Reader-0.1.0-SNAPSHOT.jar:?]
	at org.webgme.guest.reader.Reader.main(Reader.java:152) [Reader-0.1.0-SNAPSHOT.jar:?]
	at sun.reflect.NativeMethodAccessorImpl.invoke0(Native Method) ~[?:1.8.0_181]
	at sun.reflect.NativeMethodAccessorImpl.invoke(NativeMethodAccessorImpl.java:62) ~[?:1.8.0_181]
	at sun.reflect.DelegatingMethodAccessorImpl.invoke(DelegatingMethodAccessorImpl.java:43) ~[?:1.8.0_181]
	at java.lang.reflect.Method.invoke(Method.java:498) ~[?:1.8.0_181]
	at org.codehaus.mojo.exec.ExecJavaMojo$1.run(ExecJavaMojo.java:294) [exec-maven-plugin-1.5.0.jar:?]
	at java.lang.Thread.run(Thread.java:748) [?:1.8.0_181]
send from market to controller loop
Send sendReaderInfo interaction: null to socket #0
23:27:56.986 [org.webgme.guest.reader.Reader.main()] ERROR org.cpswt.hla.InteractionRoot - could not send interaction
java.lang.NullPointerException: null
	at org.cpswt.hla.InteractionRoot.createSuppliedDatamembers(InteractionRoot.java:1045) ~[Controller-0.1.0-SNAPSHOT.jar:?]
	at org.cpswt.hla.InteractionRoot.sendInteraction(InteractionRoot.java:1063) [Controller-0.1.0-SNAPSHOT.jar:?]
	at org.webgme.guest.reader.Reader.execute(Reader.java:109) [Reader-0.1.0-SNAPSHOT.jar:?]
	at org.webgme.guest.reader.Reader.main(Reader.java:152) [Reader-0.1.0-SNAPSHOT.jar:?]
	at sun.reflect.NativeMethodAccessorImpl.invoke0(Native Method) ~[?:1.8.0_181]
	at sun.reflect.NativeMethodAccessorImpl.invoke(NativeMethodAccessorImpl.java:62) ~[?:1.8.0_181]
	at sun.reflect.DelegatingMethodAccessorImpl.invoke(DelegatingMethodAccessorImpl.java:43) ~[?:1.8.0_181]
	at java.lang.reflect.Method.invoke(Method.java:498) ~[?:1.8.0_181]
	at org.codehaus.mojo.exec.ExecJavaMojo$1.run(ExecJavaMojo.java:294) [exec-maven-plugin-1.5.0.jar:?]
	at java.lang.Thread.run(Thread.java:748) [?:1.8.0_181]
send from market to controller loop
Send sendReaderInfo interaction: null to socket #0
23:27:58.087 [org.webgme.guest.reader.Reader.main()] ERROR org.cpswt.hla.InteractionRoot - could not send interaction
java.lang.NullPointerException: null
	at org.cpswt.hla.InteractionRoot.createSuppliedDatamembers(InteractionRoot.java:1045) ~[Controller-0.1.0-SNAPSHOT.jar:?]
	at org.cpswt.hla.InteractionRoot.sendInteraction(InteractionRoot.java:1063) [Controller-0.1.0-SNAPSHOT.jar:?]
	at org.webgme.guest.reader.Reader.execute(Reader.java:109) [Reader-0.1.0-SNAPSHOT.jar:?]
	at org.webgme.guest.reader.Reader.main(Reader.java:152) [Reader-0.1.0-SNAPSHOT.jar:?]
	at sun.reflect.NativeMethodAccessorImpl.invoke0(Native Method) ~[?:1.8.0_181]
	at sun.reflect.NativeMethodAccessorImpl.invoke(NativeMethodAccessorImpl.java:62) ~[?:1.8.0_181]
	at sun.reflect.DelegatingMethodAccessorImpl.invoke(DelegatingMethodAccessorImpl.java:43) ~[?:1.8.0_181]
	at java.lang.reflect.Method.invoke(Method.java:498) ~[?:1.8.0_181]
	at org.codehaus.mojo.exec.ExecJavaMojo$1.run(ExecJavaMojo.java:294) [exec-maven-plugin-1.5.0.jar:?]
	at java.lang.Thread.run(Thread.java:748) [?:1.8.0_181]
send from market to controller loop
Send sendReaderInfo interaction: null to socket #0
23:28:00.193 [org.webgme.guest.reader.Reader.main()] ERROR org.cpswt.hla.InteractionRoot - could not send interaction
java.lang.NullPointerException: null
	at org.cpswt.hla.InteractionRoot.createSuppliedDatamembers(InteractionRoot.java:1045) ~[Controller-0.1.0-SNAPSHOT.jar:?]
	at org.cpswt.hla.InteractionRoot.sendInteraction(InteractionRoot.java:1063) [Controller-0.1.0-SNAPSHOT.jar:?]
	at org.webgme.guest.reader.Reader.execute(Reader.java:109) [Reader-0.1.0-SNAPSHOT.jar:?]
	at org.webgme.guest.reader.Reader.main(Reader.java:152) [Reader-0.1.0-SNAPSHOT.jar:?]
	at sun.reflect.NativeMethodAccessorImpl.invoke0(Native Method) ~[?:1.8.0_181]
	at sun.reflect.NativeMethodAccessorImpl.invoke(NativeMethodAccessorImpl.java:62) ~[?:1.8.0_181]
	at sun.reflect.DelegatingMethodAccessorImpl.invoke(DelegatingMethodAccessorImpl.java:43) ~[?:1.8.0_181]
	at java.lang.reflect.Method.invoke(Method.java:498) ~[?:1.8.0_181]
	at org.codehaus.mojo.exec.ExecJavaMojo$1.run(ExecJavaMojo.java:294) [exec-maven-plugin-1.5.0.jar:?]
	at java.lang.Thread.run(Thread.java:748) [?:1.8.0_181]
send from market to controller loop
Send sendReaderInfo interaction: null to socket #0
23:28:02.284 [org.webgme.guest.reader.Reader.main()] ERROR org.cpswt.hla.InteractionRoot - could not send interaction
java.lang.NullPointerException: null
	at org.cpswt.hla.InteractionRoot.createSuppliedDatamembers(InteractionRoot.java:1045) ~[Controller-0.1.0-SNAPSHOT.jar:?]
	at org.cpswt.hla.InteractionRoot.sendInteraction(InteractionRoot.java:1063) [Controller-0.1.0-SNAPSHOT.jar:?]
	at org.webgme.guest.reader.Reader.execute(Reader.java:109) [Reader-0.1.0-SNAPSHOT.jar:?]
	at org.webgme.guest.reader.Reader.main(Reader.java:152) [Reader-0.1.0-SNAPSHOT.jar:?]
	at sun.reflect.NativeMethodAccessorImpl.invoke0(Native Method) ~[?:1.8.0_181]
	at sun.reflect.NativeMethodAccessorImpl.invoke(NativeMethodAccessorImpl.java:62) ~[?:1.8.0_181]
	at sun.reflect.DelegatingMethodAccessorImpl.invoke(DelegatingMethodAccessorImpl.java:43) ~[?:1.8.0_181]
	at java.lang.reflect.Method.invoke(Method.java:498) ~[?:1.8.0_181]
	at org.codehaus.mojo.exec.ExecJavaMojo$1.run(ExecJavaMojo.java:294) [exec-maven-plugin-1.5.0.jar:?]
	at java.lang.Thread.run(Thread.java:748) [?:1.8.0_181]
send from market to controller loop
Send sendReaderInfo interaction: null to socket #0
23:28:04.371 [org.webgme.guest.reader.Reader.main()] ERROR org.cpswt.hla.InteractionRoot - could not send interaction
java.lang.NullPointerException: null
	at org.cpswt.hla.InteractionRoot.createSuppliedDatamembers(InteractionRoot.java:1045) ~[Controller-0.1.0-SNAPSHOT.jar:?]
	at org.cpswt.hla.InteractionRoot.sendInteraction(InteractionRoot.java:1063) [Controller-0.1.0-SNAPSHOT.jar:?]
	at org.webgme.guest.reader.Reader.execute(Reader.java:109) [Reader-0.1.0-SNAPSHOT.jar:?]
	at org.webgme.guest.reader.Reader.main(Reader.java:152) [Reader-0.1.0-SNAPSHOT.jar:?]
	at sun.reflect.NativeMethodAccessorImpl.invoke0(Native Method) ~[?:1.8.0_181]
	at sun.reflect.NativeMethodAccessorImpl.invoke(NativeMethodAccessorImpl.java:62) ~[?:1.8.0_181]
	at sun.reflect.DelegatingMethodAccessorImpl.invoke(DelegatingMethodAccessorImpl.java:43) ~[?:1.8.0_181]
	at java.lang.reflect.Method.invoke(Method.java:498) ~[?:1.8.0_181]
	at org.codehaus.mojo.exec.ExecJavaMojo$1.run(ExecJavaMojo.java:294) [exec-maven-plugin-1.5.0.jar:?]
	at java.lang.Thread.run(Thread.java:748) [?:1.8.0_181]
send from market to controller loop
Send sendReaderInfo interaction: null to socket #0
23:28:05.532 [org.webgme.guest.reader.Reader.main()] ERROR org.cpswt.hla.InteractionRoot - could not send interaction
java.lang.NullPointerException: null
	at org.cpswt.hla.InteractionRoot.createSuppliedDatamembers(InteractionRoot.java:1045) ~[Controller-0.1.0-SNAPSHOT.jar:?]
	at org.cpswt.hla.InteractionRoot.sendInteraction(InteractionRoot.java:1063) [Controller-0.1.0-SNAPSHOT.jar:?]
	at org.webgme.guest.reader.Reader.execute(Reader.java:109) [Reader-0.1.0-SNAPSHOT.jar:?]
	at org.webgme.guest.reader.Reader.main(Reader.java:152) [Reader-0.1.0-SNAPSHOT.jar:?]
	at sun.reflect.NativeMethodAccessorImpl.invoke0(Native Method) ~[?:1.8.0_181]
	at sun.reflect.NativeMethodAccessorImpl.invoke(NativeMethodAccessorImpl.java:62) ~[?:1.8.0_181]
	at sun.reflect.DelegatingMethodAccessorImpl.invoke(DelegatingMethodAccessorImpl.java:43) ~[?:1.8.0_181]
	at java.lang.reflect.Method.invoke(Method.java:498) ~[?:1.8.0_181]
	at org.codehaus.mojo.exec.ExecJavaMojo$1.run(ExecJavaMojo.java:294) [exec-maven-plugin-1.5.0.jar:?]
	at java.lang.Thread.run(Thread.java:748) [?:1.8.0_181]
send from market to controller loop
Send sendReaderInfo interaction: null to socket #0
23:28:07.628 [org.webgme.guest.reader.Reader.main()] ERROR org.cpswt.hla.InteractionRoot - could not send interaction
java.lang.NullPointerException: null
	at org.cpswt.hla.InteractionRoot.createSuppliedDatamembers(InteractionRoot.java:1045) ~[Controller-0.1.0-SNAPSHOT.jar:?]
	at org.cpswt.hla.InteractionRoot.sendInteraction(InteractionRoot.java:1063) [Controller-0.1.0-SNAPSHOT.jar:?]
	at org.webgme.guest.reader.Reader.execute(Reader.java:109) [Reader-0.1.0-SNAPSHOT.jar:?]
	at org.webgme.guest.reader.Reader.main(Reader.java:152) [Reader-0.1.0-SNAPSHOT.jar:?]
	at sun.reflect.NativeMethodAccessorImpl.invoke0(Native Method) ~[?:1.8.0_181]
	at sun.reflect.NativeMethodAccessorImpl.invoke(NativeMethodAccessorImpl.java:62) ~[?:1.8.0_181]
	at sun.reflect.DelegatingMethodAccessorImpl.invoke(DelegatingMethodAccessorImpl.java:43) ~[?:1.8.0_181]
	at java.lang.reflect.Method.invoke(Method.java:498) ~[?:1.8.0_181]
	at org.codehaus.mojo.exec.ExecJavaMojo$1.run(ExecJavaMojo.java:294) [exec-maven-plugin-1.5.0.jar:?]
	at java.lang.Thread.run(Thread.java:748) [?:1.8.0_181]
send from market to controller loop
Send sendReaderInfo interaction: null to socket #0
23:28:09.702 [org.webgme.guest.reader.Reader.main()] ERROR org.cpswt.hla.InteractionRoot - could not send interaction
java.lang.NullPointerException: null
	at org.cpswt.hla.InteractionRoot.createSuppliedDatamembers(InteractionRoot.java:1045) ~[Controller-0.1.0-SNAPSHOT.jar:?]
	at org.cpswt.hla.InteractionRoot.sendInteraction(InteractionRoot.java:1063) [Controller-0.1.0-SNAPSHOT.jar:?]
	at org.webgme.guest.reader.Reader.execute(Reader.java:109) [Reader-0.1.0-SNAPSHOT.jar:?]
	at org.webgme.guest.reader.Reader.main(Reader.java:152) [Reader-0.1.0-SNAPSHOT.jar:?]
	at sun.reflect.NativeMethodAccessorImpl.invoke0(Native Method) ~[?:1.8.0_181]
	at sun.reflect.NativeMethodAccessorImpl.invoke(NativeMethodAccessorImpl.java:62) ~[?:1.8.0_181]
	at sun.reflect.DelegatingMethodAccessorImpl.invoke(DelegatingMethodAccessorImpl.java:43) ~[?:1.8.0_181]
	at java.lang.reflect.Method.invoke(Method.java:498) ~[?:1.8.0_181]
	at org.codehaus.mojo.exec.ExecJavaMojo$1.run(ExecJavaMojo.java:294) [exec-maven-plugin-1.5.0.jar:?]
	at java.lang.Thread.run(Thread.java:748) [?:1.8.0_181]
send from market to controller loop
Send sendReaderInfo interaction: null to socket #0
23:28:11.784 [org.webgme.guest.reader.Reader.main()] ERROR org.cpswt.hla.InteractionRoot - could not send interaction
java.lang.NullPointerException: null
	at org.cpswt.hla.InteractionRoot.createSuppliedDatamembers(InteractionRoot.java:1045) ~[Controller-0.1.0-SNAPSHOT.jar:?]
	at org.cpswt.hla.InteractionRoot.sendInteraction(InteractionRoot.java:1063) [Controller-0.1.0-SNAPSHOT.jar:?]
	at org.webgme.guest.reader.Reader.execute(Reader.java:109) [Reader-0.1.0-SNAPSHOT.jar:?]
	at org.webgme.guest.reader.Reader.main(Reader.java:152) [Reader-0.1.0-SNAPSHOT.jar:?]
	at sun.reflect.NativeMethodAccessorImpl.invoke0(Native Method) ~[?:1.8.0_181]
	at sun.reflect.NativeMethodAccessorImpl.invoke(NativeMethodAccessorImpl.java:62) ~[?:1.8.0_181]
	at sun.reflect.DelegatingMethodAccessorImpl.invoke(DelegatingMethodAccessorImpl.java:43) ~[?:1.8.0_181]
	at java.lang.reflect.Method.invoke(Method.java:498) ~[?:1.8.0_181]
	at org.codehaus.mojo.exec.ExecJavaMojo$1.run(ExecJavaMojo.java:294) [exec-maven-plugin-1.5.0.jar:?]
	at java.lang.Thread.run(Thread.java:748) [?:1.8.0_181]
send from market to controller loop
Send sendReaderInfo interaction: null to socket #0
23:28:13.875 [org.webgme.guest.reader.Reader.main()] ERROR org.cpswt.hla.InteractionRoot - could not send interaction
java.lang.NullPointerException: null
	at org.cpswt.hla.InteractionRoot.createSuppliedDatamembers(InteractionRoot.java:1045) ~[Controller-0.1.0-SNAPSHOT.jar:?]
	at org.cpswt.hla.InteractionRoot.sendInteraction(InteractionRoot.java:1063) [Controller-0.1.0-SNAPSHOT.jar:?]
	at org.webgme.guest.reader.Reader.execute(Reader.java:109) [Reader-0.1.0-SNAPSHOT.jar:?]
	at org.webgme.guest.reader.Reader.main(Reader.java:152) [Reader-0.1.0-SNAPSHOT.jar:?]
	at sun.reflect.NativeMethodAccessorImpl.invoke0(Native Method) ~[?:1.8.0_181]
	at sun.reflect.NativeMethodAccessorImpl.invoke(NativeMethodAccessorImpl.java:62) ~[?:1.8.0_181]
	at sun.reflect.DelegatingMethodAccessorImpl.invoke(DelegatingMethodAccessorImpl.java:43) ~[?:1.8.0_181]
	at java.lang.reflect.Method.invoke(Method.java:498) ~[?:1.8.0_181]
	at org.codehaus.mojo.exec.ExecJavaMojo$1.run(ExecJavaMojo.java:294) [exec-maven-plugin-1.5.0.jar:?]
	at java.lang.Thread.run(Thread.java:748) [?:1.8.0_181]
send from market to controller loop
Send sendReaderInfo interaction: null to socket #0
23:28:15.962 [org.webgme.guest.reader.Reader.main()] ERROR org.cpswt.hla.InteractionRoot - could not send interaction
java.lang.NullPointerException: null
	at org.cpswt.hla.InteractionRoot.createSuppliedDatamembers(InteractionRoot.java:1045) ~[Controller-0.1.0-SNAPSHOT.jar:?]
	at org.cpswt.hla.InteractionRoot.sendInteraction(InteractionRoot.java:1063) [Controller-0.1.0-SNAPSHOT.jar:?]
	at org.webgme.guest.reader.Reader.execute(Reader.java:109) [Reader-0.1.0-SNAPSHOT.jar:?]
	at org.webgme.guest.reader.Reader.main(Reader.java:152) [Reader-0.1.0-SNAPSHOT.jar:?]
	at sun.reflect.NativeMethodAccessorImpl.invoke0(Native Method) ~[?:1.8.0_181]
	at sun.reflect.NativeMethodAccessorImpl.invoke(NativeMethodAccessorImpl.java:62) ~[?:1.8.0_181]
	at sun.reflect.DelegatingMethodAccessorImpl.invoke(DelegatingMethodAccessorImpl.java:43) ~[?:1.8.0_181]
	at java.lang.reflect.Method.invoke(Method.java:498) ~[?:1.8.0_181]
	at org.codehaus.mojo.exec.ExecJavaMojo$1.run(ExecJavaMojo.java:294) [exec-maven-plugin-1.5.0.jar:?]
	at java.lang.Thread.run(Thread.java:748) [?:1.8.0_181]
send from market to controller loop
Send sendReaderInfo interaction: null to socket #0
23:28:18.037 [org.webgme.guest.reader.Reader.main()] ERROR org.cpswt.hla.InteractionRoot - could not send interaction
java.lang.NullPointerException: null
	at org.cpswt.hla.InteractionRoot.createSuppliedDatamembers(InteractionRoot.java:1045) ~[Controller-0.1.0-SNAPSHOT.jar:?]
	at org.cpswt.hla.InteractionRoot.sendInteraction(InteractionRoot.java:1063) [Controller-0.1.0-SNAPSHOT.jar:?]
	at org.webgme.guest.reader.Reader.execute(Reader.java:109) [Reader-0.1.0-SNAPSHOT.jar:?]
	at org.webgme.guest.reader.Reader.main(Reader.java:152) [Reader-0.1.0-SNAPSHOT.jar:?]
	at sun.reflect.NativeMethodAccessorImpl.invoke0(Native Method) ~[?:1.8.0_181]
	at sun.reflect.NativeMethodAccessorImpl.invoke(NativeMethodAccessorImpl.java:62) ~[?:1.8.0_181]
	at sun.reflect.DelegatingMethodAccessorImpl.invoke(DelegatingMethodAccessorImpl.java:43) ~[?:1.8.0_181]
	at java.lang.reflect.Method.invoke(Method.java:498) ~[?:1.8.0_181]
	at org.codehaus.mojo.exec.ExecJavaMojo$1.run(ExecJavaMojo.java:294) [exec-maven-plugin-1.5.0.jar:?]
	at java.lang.Thread.run(Thread.java:748) [?:1.8.0_181]
send from market to controller loop
Send sendReaderInfo interaction: null to socket #0
23:28:19.154 [org.webgme.guest.reader.Reader.main()] ERROR org.cpswt.hla.InteractionRoot - could not send interaction
java.lang.NullPointerException: null
	at org.cpswt.hla.InteractionRoot.createSuppliedDatamembers(InteractionRoot.java:1045) ~[Controller-0.1.0-SNAPSHOT.jar:?]
	at org.cpswt.hla.InteractionRoot.sendInteraction(InteractionRoot.java:1063) [Controller-0.1.0-SNAPSHOT.jar:?]
	at org.webgme.guest.reader.Reader.execute(Reader.java:109) [Reader-0.1.0-SNAPSHOT.jar:?]
	at org.webgme.guest.reader.Reader.main(Reader.java:152) [Reader-0.1.0-SNAPSHOT.jar:?]
	at sun.reflect.NativeMethodAccessorImpl.invoke0(Native Method) ~[?:1.8.0_181]
	at sun.reflect.NativeMethodAccessorImpl.invoke(NativeMethodAccessorImpl.java:62) ~[?:1.8.0_181]
	at sun.reflect.DelegatingMethodAccessorImpl.invoke(DelegatingMethodAccessorImpl.java:43) ~[?:1.8.0_181]
	at java.lang.reflect.Method.invoke(Method.java:498) ~[?:1.8.0_181]
	at org.codehaus.mojo.exec.ExecJavaMojo$1.run(ExecJavaMojo.java:294) [exec-maven-plugin-1.5.0.jar:?]
	at java.lang.Thread.run(Thread.java:748) [?:1.8.0_181]
send from market to controller loop
Send sendReaderInfo interaction: null to socket #0
23:28:20.217 [org.webgme.guest.reader.Reader.main()] ERROR org.cpswt.hla.InteractionRoot - could not send interaction
java.lang.NullPointerException: null
	at org.cpswt.hla.InteractionRoot.createSuppliedDatamembers(InteractionRoot.java:1045) ~[Controller-0.1.0-SNAPSHOT.jar:?]
	at org.cpswt.hla.InteractionRoot.sendInteraction(InteractionRoot.java:1063) [Controller-0.1.0-SNAPSHOT.jar:?]
	at org.webgme.guest.reader.Reader.execute(Reader.java:109) [Reader-0.1.0-SNAPSHOT.jar:?]
	at org.webgme.guest.reader.Reader.main(Reader.java:152) [Reader-0.1.0-SNAPSHOT.jar:?]
	at sun.reflect.NativeMethodAccessorImpl.invoke0(Native Method) ~[?:1.8.0_181]
	at sun.reflect.NativeMethodAccessorImpl.invoke(NativeMethodAccessorImpl.java:62) ~[?:1.8.0_181]
	at sun.reflect.DelegatingMethodAccessorImpl.invoke(DelegatingMethodAccessorImpl.java:43) ~[?:1.8.0_181]
	at java.lang.reflect.Method.invoke(Method.java:498) ~[?:1.8.0_181]
	at org.codehaus.mojo.exec.ExecJavaMojo$1.run(ExecJavaMojo.java:294) [exec-maven-plugin-1.5.0.jar:?]
	at java.lang.Thread.run(Thread.java:748) [?:1.8.0_181]
send from market to controller loop
Send sendReaderInfo interaction: null to socket #0
23:28:22.309 [org.webgme.guest.reader.Reader.main()] ERROR org.cpswt.hla.InteractionRoot - could not send interaction
java.lang.NullPointerException: null
	at org.cpswt.hla.InteractionRoot.createSuppliedDatamembers(InteractionRoot.java:1045) ~[Controller-0.1.0-SNAPSHOT.jar:?]
	at org.cpswt.hla.InteractionRoot.sendInteraction(InteractionRoot.java:1063) [Controller-0.1.0-SNAPSHOT.jar:?]
	at org.webgme.guest.reader.Reader.execute(Reader.java:109) [Reader-0.1.0-SNAPSHOT.jar:?]
	at org.webgme.guest.reader.Reader.main(Reader.java:152) [Reader-0.1.0-SNAPSHOT.jar:?]
	at sun.reflect.NativeMethodAccessorImpl.invoke0(Native Method) ~[?:1.8.0_181]
	at sun.reflect.NativeMethodAccessorImpl.invoke(NativeMethodAccessorImpl.java:62) ~[?:1.8.0_181]
	at sun.reflect.DelegatingMethodAccessorImpl.invoke(DelegatingMethodAccessorImpl.java:43) ~[?:1.8.0_181]
	at java.lang.reflect.Method.invoke(Method.java:498) ~[?:1.8.0_181]
	at org.codehaus.mojo.exec.ExecJavaMojo$1.run(ExecJavaMojo.java:294) [exec-maven-plugin-1.5.0.jar:?]
	at java.lang.Thread.run(Thread.java:748) [?:1.8.0_181]
send from market to controller loop
Send sendReaderInfo interaction: null to socket #0
23:28:24.410 [org.webgme.guest.reader.Reader.main()] ERROR org.cpswt.hla.InteractionRoot - could not send interaction
java.lang.NullPointerException: null
	at org.cpswt.hla.InteractionRoot.createSuppliedDatamembers(InteractionRoot.java:1045) ~[Controller-0.1.0-SNAPSHOT.jar:?]
	at org.cpswt.hla.InteractionRoot.sendInteraction(InteractionRoot.java:1063) [Controller-0.1.0-SNAPSHOT.jar:?]
	at org.webgme.guest.reader.Reader.execute(Reader.java:109) [Reader-0.1.0-SNAPSHOT.jar:?]
	at org.webgme.guest.reader.Reader.main(Reader.java:152) [Reader-0.1.0-SNAPSHOT.jar:?]
	at sun.reflect.NativeMethodAccessorImpl.invoke0(Native Method) ~[?:1.8.0_181]
	at sun.reflect.NativeMethodAccessorImpl.invoke(NativeMethodAccessorImpl.java:62) ~[?:1.8.0_181]
	at sun.reflect.DelegatingMethodAccessorImpl.invoke(DelegatingMethodAccessorImpl.java:43) ~[?:1.8.0_181]
	at java.lang.reflect.Method.invoke(Method.java:498) ~[?:1.8.0_181]
	at org.codehaus.mojo.exec.ExecJavaMojo$1.run(ExecJavaMojo.java:294) [exec-maven-plugin-1.5.0.jar:?]
	at java.lang.Thread.run(Thread.java:748) [?:1.8.0_181]
send from market to controller loop
Send sendReaderInfo interaction: null to socket #0
23:28:26.513 [org.webgme.guest.reader.Reader.main()] ERROR org.cpswt.hla.InteractionRoot - could not send interaction
java.lang.NullPointerException: null
	at org.cpswt.hla.InteractionRoot.createSuppliedDatamembers(InteractionRoot.java:1045) ~[Controller-0.1.0-SNAPSHOT.jar:?]
	at org.cpswt.hla.InteractionRoot.sendInteraction(InteractionRoot.java:1063) [Controller-0.1.0-SNAPSHOT.jar:?]
	at org.webgme.guest.reader.Reader.execute(Reader.java:109) [Reader-0.1.0-SNAPSHOT.jar:?]
	at org.webgme.guest.reader.Reader.main(Reader.java:152) [Reader-0.1.0-SNAPSHOT.jar:?]
	at sun.reflect.NativeMethodAccessorImpl.invoke0(Native Method) ~[?:1.8.0_181]
	at sun.reflect.NativeMethodAccessorImpl.invoke(NativeMethodAccessorImpl.java:62) ~[?:1.8.0_181]
	at sun.reflect.DelegatingMethodAccessorImpl.invoke(DelegatingMethodAccessorImpl.java:43) ~[?:1.8.0_181]
	at java.lang.reflect.Method.invoke(Method.java:498) ~[?:1.8.0_181]
	at org.codehaus.mojo.exec.ExecJavaMojo$1.run(ExecJavaMojo.java:294) [exec-maven-plugin-1.5.0.jar:?]
	at java.lang.Thread.run(Thread.java:748) [?:1.8.0_181]
send from market to controller loop
Send sendReaderInfo interaction: null to socket #0
23:28:28.605 [org.webgme.guest.reader.Reader.main()] ERROR org.cpswt.hla.InteractionRoot - could not send interaction
java.lang.NullPointerException: null
	at org.cpswt.hla.InteractionRoot.createSuppliedDatamembers(InteractionRoot.java:1045) ~[Controller-0.1.0-SNAPSHOT.jar:?]
	at org.cpswt.hla.InteractionRoot.sendInteraction(InteractionRoot.java:1063) [Controller-0.1.0-SNAPSHOT.jar:?]
	at org.webgme.guest.reader.Reader.execute(Reader.java:109) [Reader-0.1.0-SNAPSHOT.jar:?]
	at org.webgme.guest.reader.Reader.main(Reader.java:152) [Reader-0.1.0-SNAPSHOT.jar:?]
	at sun.reflect.NativeMethodAccessorImpl.invoke0(Native Method) ~[?:1.8.0_181]
	at sun.reflect.NativeMethodAccessorImpl.invoke(NativeMethodAccessorImpl.java:62) ~[?:1.8.0_181]
	at sun.reflect.DelegatingMethodAccessorImpl.invoke(DelegatingMethodAccessorImpl.java:43) ~[?:1.8.0_181]
	at java.lang.reflect.Method.invoke(Method.java:498) ~[?:1.8.0_181]
	at org.codehaus.mojo.exec.ExecJavaMojo$1.run(ExecJavaMojo.java:294) [exec-maven-plugin-1.5.0.jar:?]
	at java.lang.Thread.run(Thread.java:748) [?:1.8.0_181]
send from market to controller loop
Send sendReaderInfo interaction: null to socket #0
23:28:30.707 [org.webgme.guest.reader.Reader.main()] ERROR org.cpswt.hla.InteractionRoot - could not send interaction
java.lang.NullPointerException: null
	at org.cpswt.hla.InteractionRoot.createSuppliedDatamembers(InteractionRoot.java:1045) ~[Controller-0.1.0-SNAPSHOT.jar:?]
	at org.cpswt.hla.InteractionRoot.sendInteraction(InteractionRoot.java:1063) [Controller-0.1.0-SNAPSHOT.jar:?]
	at org.webgme.guest.reader.Reader.execute(Reader.java:109) [Reader-0.1.0-SNAPSHOT.jar:?]
	at org.webgme.guest.reader.Reader.main(Reader.java:152) [Reader-0.1.0-SNAPSHOT.jar:?]
	at sun.reflect.NativeMethodAccessorImpl.invoke0(Native Method) ~[?:1.8.0_181]
	at sun.reflect.NativeMethodAccessorImpl.invoke(NativeMethodAccessorImpl.java:62) ~[?:1.8.0_181]
	at sun.reflect.DelegatingMethodAccessorImpl.invoke(DelegatingMethodAccessorImpl.java:43) ~[?:1.8.0_181]
	at java.lang.reflect.Method.invoke(Method.java:498) ~[?:1.8.0_181]
	at org.codehaus.mojo.exec.ExecJavaMojo$1.run(ExecJavaMojo.java:294) [exec-maven-plugin-1.5.0.jar:?]
	at java.lang.Thread.run(Thread.java:748) [?:1.8.0_181]
send from market to controller loop
Send sendReaderInfo interaction: null to socket #0
23:28:32.788 [org.webgme.guest.reader.Reader.main()] ERROR org.cpswt.hla.InteractionRoot - could not send interaction
java.lang.NullPointerException: null
	at org.cpswt.hla.InteractionRoot.createSuppliedDatamembers(InteractionRoot.java:1045) ~[Controller-0.1.0-SNAPSHOT.jar:?]
	at org.cpswt.hla.InteractionRoot.sendInteraction(InteractionRoot.java:1063) [Controller-0.1.0-SNAPSHOT.jar:?]
	at org.webgme.guest.reader.Reader.execute(Reader.java:109) [Reader-0.1.0-SNAPSHOT.jar:?]
	at org.webgme.guest.reader.Reader.main(Reader.java:152) [Reader-0.1.0-SNAPSHOT.jar:?]
	at sun.reflect.NativeMethodAccessorImpl.invoke0(Native Method) ~[?:1.8.0_181]
	at sun.reflect.NativeMethodAccessorImpl.invoke(NativeMethodAccessorImpl.java:62) ~[?:1.8.0_181]
	at sun.reflect.DelegatingMethodAccessorImpl.invoke(DelegatingMethodAccessorImpl.java:43) ~[?:1.8.0_181]
	at java.lang.reflect.Method.invoke(Method.java:498) ~[?:1.8.0_181]
	at org.codehaus.mojo.exec.ExecJavaMojo$1.run(ExecJavaMojo.java:294) [exec-maven-plugin-1.5.0.jar:?]
	at java.lang.Thread.run(Thread.java:748) [?:1.8.0_181]
send from market to controller loop
Send sendReaderInfo interaction: null to socket #0
23:28:33.957 [org.webgme.guest.reader.Reader.main()] ERROR org.cpswt.hla.InteractionRoot - could not send interaction
java.lang.NullPointerException: null
	at org.cpswt.hla.InteractionRoot.createSuppliedDatamembers(InteractionRoot.java:1045) ~[Controller-0.1.0-SNAPSHOT.jar:?]
	at org.cpswt.hla.InteractionRoot.sendInteraction(InteractionRoot.java:1063) [Controller-0.1.0-SNAPSHOT.jar:?]
	at org.webgme.guest.reader.Reader.execute(Reader.java:109) [Reader-0.1.0-SNAPSHOT.jar:?]
	at org.webgme.guest.reader.Reader.main(Reader.java:152) [Reader-0.1.0-SNAPSHOT.jar:?]
	at sun.reflect.NativeMethodAccessorImpl.invoke0(Native Method) ~[?:1.8.0_181]
	at sun.reflect.NativeMethodAccessorImpl.invoke(NativeMethodAccessorImpl.java:62) ~[?:1.8.0_181]
	at sun.reflect.DelegatingMethodAccessorImpl.invoke(DelegatingMethodAccessorImpl.java:43) ~[?:1.8.0_181]
	at java.lang.reflect.Method.invoke(Method.java:498) ~[?:1.8.0_181]
	at org.codehaus.mojo.exec.ExecJavaMojo$1.run(ExecJavaMojo.java:294) [exec-maven-plugin-1.5.0.jar:?]
	at java.lang.Thread.run(Thread.java:748) [?:1.8.0_181]
send from market to controller loop
Send sendReaderInfo interaction: null to socket #0
23:28:36.046 [org.webgme.guest.reader.Reader.main()] ERROR org.cpswt.hla.InteractionRoot - could not send interaction
java.lang.NullPointerException: null
	at org.cpswt.hla.InteractionRoot.createSuppliedDatamembers(InteractionRoot.java:1045) ~[Controller-0.1.0-SNAPSHOT.jar:?]
	at org.cpswt.hla.InteractionRoot.sendInteraction(InteractionRoot.java:1063) [Controller-0.1.0-SNAPSHOT.jar:?]
	at org.webgme.guest.reader.Reader.execute(Reader.java:109) [Reader-0.1.0-SNAPSHOT.jar:?]
	at org.webgme.guest.reader.Reader.main(Reader.java:152) [Reader-0.1.0-SNAPSHOT.jar:?]
	at sun.reflect.NativeMethodAccessorImpl.invoke0(Native Method) ~[?:1.8.0_181]
	at sun.reflect.NativeMethodAccessorImpl.invoke(NativeMethodAccessorImpl.java:62) ~[?:1.8.0_181]
	at sun.reflect.DelegatingMethodAccessorImpl.invoke(DelegatingMethodAccessorImpl.java:43) ~[?:1.8.0_181]
	at java.lang.reflect.Method.invoke(Method.java:498) ~[?:1.8.0_181]
	at org.codehaus.mojo.exec.ExecJavaMojo$1.run(ExecJavaMojo.java:294) [exec-maven-plugin-1.5.0.jar:?]
	at java.lang.Thread.run(Thread.java:748) [?:1.8.0_181]
send from market to controller loop
Send sendReaderInfo interaction: null to socket #0
23:28:38.155 [org.webgme.guest.reader.Reader.main()] ERROR org.cpswt.hla.InteractionRoot - could not send interaction
java.lang.NullPointerException: null
	at org.cpswt.hla.InteractionRoot.createSuppliedDatamembers(InteractionRoot.java:1045) ~[Controller-0.1.0-SNAPSHOT.jar:?]
	at org.cpswt.hla.InteractionRoot.sendInteraction(InteractionRoot.java:1063) [Controller-0.1.0-SNAPSHOT.jar:?]
	at org.webgme.guest.reader.Reader.execute(Reader.java:109) [Reader-0.1.0-SNAPSHOT.jar:?]
	at org.webgme.guest.reader.Reader.main(Reader.java:152) [Reader-0.1.0-SNAPSHOT.jar:?]
	at sun.reflect.NativeMethodAccessorImpl.invoke0(Native Method) ~[?:1.8.0_181]
	at sun.reflect.NativeMethodAccessorImpl.invoke(NativeMethodAccessorImpl.java:62) ~[?:1.8.0_181]
	at sun.reflect.DelegatingMethodAccessorImpl.invoke(DelegatingMethodAccessorImpl.java:43) ~[?:1.8.0_181]
	at java.lang.reflect.Method.invoke(Method.java:498) ~[?:1.8.0_181]
	at org.codehaus.mojo.exec.ExecJavaMojo$1.run(ExecJavaMojo.java:294) [exec-maven-plugin-1.5.0.jar:?]
	at java.lang.Thread.run(Thread.java:748) [?:1.8.0_181]
send from market to controller loop
Send sendReaderInfo interaction: null to socket #0
23:28:40.238 [org.webgme.guest.reader.Reader.main()] ERROR org.cpswt.hla.InteractionRoot - could not send interaction
java.lang.NullPointerException: null
	at org.cpswt.hla.InteractionRoot.createSuppliedDatamembers(InteractionRoot.java:1045) ~[Controller-0.1.0-SNAPSHOT.jar:?]
	at org.cpswt.hla.InteractionRoot.sendInteraction(InteractionRoot.java:1063) [Controller-0.1.0-SNAPSHOT.jar:?]
	at org.webgme.guest.reader.Reader.execute(Reader.java:109) [Reader-0.1.0-SNAPSHOT.jar:?]
	at org.webgme.guest.reader.Reader.main(Reader.java:152) [Reader-0.1.0-SNAPSHOT.jar:?]
	at sun.reflect.NativeMethodAccessorImpl.invoke0(Native Method) ~[?:1.8.0_181]
	at sun.reflect.NativeMethodAccessorImpl.invoke(NativeMethodAccessorImpl.java:62) ~[?:1.8.0_181]
	at sun.reflect.DelegatingMethodAccessorImpl.invoke(DelegatingMethodAccessorImpl.java:43) ~[?:1.8.0_181]
	at java.lang.reflect.Method.invoke(Method.java:498) ~[?:1.8.0_181]
	at org.codehaus.mojo.exec.ExecJavaMojo$1.run(ExecJavaMojo.java:294) [exec-maven-plugin-1.5.0.jar:?]
	at java.lang.Thread.run(Thread.java:748) [?:1.8.0_181]
send from market to controller loop
Send sendReaderInfo interaction: null to socket #0
23:28:42.336 [org.webgme.guest.reader.Reader.main()] ERROR org.cpswt.hla.InteractionRoot - could not send interaction
java.lang.NullPointerException: null
	at org.cpswt.hla.InteractionRoot.createSuppliedDatamembers(InteractionRoot.java:1045) ~[Controller-0.1.0-SNAPSHOT.jar:?]
	at org.cpswt.hla.InteractionRoot.sendInteraction(InteractionRoot.java:1063) [Controller-0.1.0-SNAPSHOT.jar:?]
	at org.webgme.guest.reader.Reader.execute(Reader.java:109) [Reader-0.1.0-SNAPSHOT.jar:?]
	at org.webgme.guest.reader.Reader.main(Reader.java:152) [Reader-0.1.0-SNAPSHOT.jar:?]
	at sun.reflect.NativeMethodAccessorImpl.invoke0(Native Method) ~[?:1.8.0_181]
	at sun.reflect.NativeMethodAccessorImpl.invoke(NativeMethodAccessorImpl.java:62) ~[?:1.8.0_181]
	at sun.reflect.DelegatingMethodAccessorImpl.invoke(DelegatingMethodAccessorImpl.java:43) ~[?:1.8.0_181]
	at java.lang.reflect.Method.invoke(Method.java:498) ~[?:1.8.0_181]
	at org.codehaus.mojo.exec.ExecJavaMojo$1.run(ExecJavaMojo.java:294) [exec-maven-plugin-1.5.0.jar:?]
	at java.lang.Thread.run(Thread.java:748) [?:1.8.0_181]
send from market to controller loop
Send sendReaderInfo interaction: null to socket #0
23:28:44.417 [org.webgme.guest.reader.Reader.main()] ERROR org.cpswt.hla.InteractionRoot - could not send interaction
java.lang.NullPointerException: null
	at org.cpswt.hla.InteractionRoot.createSuppliedDatamembers(InteractionRoot.java:1045) ~[Controller-0.1.0-SNAPSHOT.jar:?]
	at org.cpswt.hla.InteractionRoot.sendInteraction(InteractionRoot.java:1063) [Controller-0.1.0-SNAPSHOT.jar:?]
	at org.webgme.guest.reader.Reader.execute(Reader.java:109) [Reader-0.1.0-SNAPSHOT.jar:?]
	at org.webgme.guest.reader.Reader.main(Reader.java:152) [Reader-0.1.0-SNAPSHOT.jar:?]
	at sun.reflect.NativeMethodAccessorImpl.invoke0(Native Method) ~[?:1.8.0_181]
	at sun.reflect.NativeMethodAccessorImpl.invoke(NativeMethodAccessorImpl.java:62) ~[?:1.8.0_181]
	at sun.reflect.DelegatingMethodAccessorImpl.invoke(DelegatingMethodAccessorImpl.java:43) ~[?:1.8.0_181]
	at java.lang.reflect.Method.invoke(Method.java:498) ~[?:1.8.0_181]
	at org.codehaus.mojo.exec.ExecJavaMojo$1.run(ExecJavaMojo.java:294) [exec-maven-plugin-1.5.0.jar:?]
	at java.lang.Thread.run(Thread.java:748) [?:1.8.0_181]
send from market to controller loop
Send sendReaderInfo interaction: null to socket #0
23:28:46.498 [org.webgme.guest.reader.Reader.main()] ERROR org.cpswt.hla.InteractionRoot - could not send interaction
java.lang.NullPointerException: null
	at org.cpswt.hla.InteractionRoot.createSuppliedDatamembers(InteractionRoot.java:1045) ~[Controller-0.1.0-SNAPSHOT.jar:?]
	at org.cpswt.hla.InteractionRoot.sendInteraction(InteractionRoot.java:1063) [Controller-0.1.0-SNAPSHOT.jar:?]
	at org.webgme.guest.reader.Reader.execute(Reader.java:109) [Reader-0.1.0-SNAPSHOT.jar:?]
	at org.webgme.guest.reader.Reader.main(Reader.java:152) [Reader-0.1.0-SNAPSHOT.jar:?]
	at sun.reflect.NativeMethodAccessorImpl.invoke0(Native Method) ~[?:1.8.0_181]
	at sun.reflect.NativeMethodAccessorImpl.invoke(NativeMethodAccessorImpl.java:62) ~[?:1.8.0_181]
	at sun.reflect.DelegatingMethodAccessorImpl.invoke(DelegatingMethodAccessorImpl.java:43) ~[?:1.8.0_181]
	at java.lang.reflect.Method.invoke(Method.java:498) ~[?:1.8.0_181]
	at org.codehaus.mojo.exec.ExecJavaMojo$1.run(ExecJavaMojo.java:294) [exec-maven-plugin-1.5.0.jar:?]
	at java.lang.Thread.run(Thread.java:748) [?:1.8.0_181]
send from market to controller loop
Send sendReaderInfo interaction: null to socket #0
23:28:48.584 [org.webgme.guest.reader.Reader.main()] ERROR org.cpswt.hla.InteractionRoot - could not send interaction
java.lang.NullPointerException: null
	at org.cpswt.hla.InteractionRoot.createSuppliedDatamembers(InteractionRoot.java:1045) ~[Controller-0.1.0-SNAPSHOT.jar:?]
	at org.cpswt.hla.InteractionRoot.sendInteraction(InteractionRoot.java:1063) [Controller-0.1.0-SNAPSHOT.jar:?]
	at org.webgme.guest.reader.Reader.execute(Reader.java:109) [Reader-0.1.0-SNAPSHOT.jar:?]
	at org.webgme.guest.reader.Reader.main(Reader.java:152) [Reader-0.1.0-SNAPSHOT.jar:?]
	at sun.reflect.NativeMethodAccessorImpl.invoke0(Native Method) ~[?:1.8.0_181]
	at sun.reflect.NativeMethodAccessorImpl.invoke(NativeMethodAccessorImpl.java:62) ~[?:1.8.0_181]
	at sun.reflect.DelegatingMethodAccessorImpl.invoke(DelegatingMethodAccessorImpl.java:43) ~[?:1.8.0_181]
	at java.lang.reflect.Method.invoke(Method.java:498) ~[?:1.8.0_181]
	at org.codehaus.mojo.exec.ExecJavaMojo$1.run(ExecJavaMojo.java:294) [exec-maven-plugin-1.5.0.jar:?]
	at java.lang.Thread.run(Thread.java:748) [?:1.8.0_181]
send from market to controller loop
Send sendReaderInfo interaction: null to socket #0
23:28:50.671 [org.webgme.guest.reader.Reader.main()] ERROR org.cpswt.hla.InteractionRoot - could not send interaction
java.lang.NullPointerException: null
	at org.cpswt.hla.InteractionRoot.createSuppliedDatamembers(InteractionRoot.java:1045) ~[Controller-0.1.0-SNAPSHOT.jar:?]
	at org.cpswt.hla.InteractionRoot.sendInteraction(InteractionRoot.java:1063) [Controller-0.1.0-SNAPSHOT.jar:?]
	at org.webgme.guest.reader.Reader.execute(Reader.java:109) [Reader-0.1.0-SNAPSHOT.jar:?]
	at org.webgme.guest.reader.Reader.main(Reader.java:152) [Reader-0.1.0-SNAPSHOT.jar:?]
	at sun.reflect.NativeMethodAccessorImpl.invoke0(Native Method) ~[?:1.8.0_181]
	at sun.reflect.NativeMethodAccessorImpl.invoke(NativeMethodAccessorImpl.java:62) ~[?:1.8.0_181]
	at sun.reflect.DelegatingMethodAccessorImpl.invoke(DelegatingMethodAccessorImpl.java:43) ~[?:1.8.0_181]
	at java.lang.reflect.Method.invoke(Method.java:498) ~[?:1.8.0_181]
	at org.codehaus.mojo.exec.ExecJavaMojo$1.run(ExecJavaMojo.java:294) [exec-maven-plugin-1.5.0.jar:?]
	at java.lang.Thread.run(Thread.java:748) [?:1.8.0_181]
