[INFO] Scanning for projects...
[INFO]                                                                         
[INFO] ------------------------------------------------------------------------
[INFO] Building EPMultipleSims_v3_exec 0.1.0-SNAPSHOT
[INFO] ------------------------------------------------------------------------
[INFO] 
[INFO] --- exec-maven-plugin:1.5.0:java (default-cli) @ EPMultipleSims_v3_exec ---

-------------------------------------------------------------------
GMS: address=vagrant-40328, cluster=EPMultipleSims_v3, physical address=192.168.1.41:33910
-------------------------------------------------------------------
18:58:18.741 [org.webgme.guest.reader.Reader.main()] INFO  org.webgme.guest.reader.Reader - waiting on readyToPopulate...
18:59:26.338 [org.webgme.guest.reader.Reader.main()] INFO  org.webgme.guest.reader.Reader - ...synchronized on readyToPopulate
18:59:26.342 [org.webgme.guest.reader.Reader.main()] INFO  org.webgme.guest.reader.Reader - waiting on readyToRun...
18:59:26.595 [org.webgme.guest.reader.Reader.main()] INFO  org.webgme.guest.reader.Reader - ...synchronized on readyToRun
18:59:26.597 [org.webgme.guest.reader.Reader.main()] INFO  org.webgme.guest.reader.Reader - started logical time progression
send from market to controller loop
Send sendReaderInfo interaction: null to socket #0
18:59:26.600 [org.webgme.guest.reader.Reader.main()] ERROR org.cpswt.hla.InteractionRoot - could not send interaction
java.lang.NullPointerException: null
	at org.cpswt.hla.InteractionRoot.createSuppliedDatamembers(InteractionRoot.java:1045) ~[Controller-0.1.0-SNAPSHOT.jar:?]
	at org.cpswt.hla.InteractionRoot.sendInteraction(InteractionRoot.java:1063) [Controller-0.1.0-SNAPSHOT.jar:?]
	at org.webgme.guest.reader.Reader.execute(Reader.java:109) [Reader-0.1.0-SNAPSHOT.jar:?]
	at org.webgme.guest.reader.Reader.main(Reader.java:152) [Reader-0.1.0-SNAPSHOT.jar:?]
	at sun.reflect.NativeMethodAccessorImpl.invoke0(Native Method) ~[?:1.8.0_181]
	at sun.reflect.NativeMethodAccessorImpl.invoke(NativeMethodAccessorImpl.java:62) ~[?:1.8.0_181]
	at sun.reflect.DelegatingMethodAccessorImpl.invoke(DelegatingMethodAccessorImpl.java:43) ~[?:1.8.0_181]
	at java.lang.reflect.Method.invoke(Method.java:498) ~[?:1.8.0_181]
	at org.codehaus.mojo.exec.ExecJavaMojo$1.run(ExecJavaMojo.java:294) [exec-maven-plugin-1.5.0.jar:?]
	at java.lang.Thread.run(Thread.java:748) [?:1.8.0_181]
