[INFO] Scanning for projects...
[INFO]                                                                         
[INFO] ------------------------------------------------------------------------
[INFO] Building EPMultipleSims_v3_exec 0.1.0-SNAPSHOT
[INFO] ------------------------------------------------------------------------
[INFO] 
[INFO] --- exec-maven-plugin:1.5.0:java (default-cli) @ EPMultipleSims_v3_exec ---

-------------------------------------------------------------------
GMS: address=vagrant-26416, cluster=EPMultipleSims_v3, physical address=192.168.1.41:48576
-------------------------------------------------------------------
connection successful
18:45:02.012 [org.webgme.guest.socket.Socket.main()] INFO  org.webgme.guest.socket.Socket - connection successful
18:45:02.023 [org.webgme.guest.socket.Socket.main()] INFO  org.webgme.guest.socket.Socket - waiting on readyToPopulate...
18:45:02.276 [org.webgme.guest.socket.Socket.main()] INFO  org.webgme.guest.socket.Socket - ...synchronized on readyToPopulate
18:45:02.277 [org.webgme.guest.socket.Socket.main()] INFO  org.webgme.guest.socket.Socket - waiting on readyToRun...
18:45:02.545 [org.webgme.guest.socket.Socket.main()] INFO  org.webgme.guest.socket.Socket - ...synchronized on readyToRun
18:45:02.557 [org.webgme.guest.socket.Socket.main()] INFO  org.webgme.guest.socket.Socket - started logical time progression
in loop header=UPDATE t=0
Received: epSendZoneMeanAirTemp as 23.000000
Received: epSendOutdoorAirTemp as 6.791667
Received: epSendZoneHumidity as 34.716831
Received: epGetStartHeating as 23.000000
Received: epGetStartCooling as 25.000000
18:45:02.569 [org.webgme.guest.socket.Socket.main()] INFO  org.webgme.guest.socket.Socket - Sent sendEPData interaction from socket0 with epSendZoneMeanAirTemp@23.000000,epSendOutdoorAirTemp@6.791667,epSendZoneHumidity@34.716831,
