[INFO] Scanning for projects...
[INFO]                                                                         
[INFO] ------------------------------------------------------------------------
[INFO] Building EPMultipleSims_v3_exec 0.1.0-SNAPSHOT
[INFO] ------------------------------------------------------------------------
[INFO] 
[INFO] --- exec-maven-plugin:1.5.0:java (default-cli) @ EPMultipleSims_v3_exec ---

-------------------------------------------------------------------
GMS: address=vagrant-1333, cluster=EPMultipleSims_v3, physical address=192.168.1.41:60703
-------------------------------------------------------------------
connection successful
19:18:11.509 [org.webgme.guest.socket.Socket.main()] INFO  org.webgme.guest.socket.Socket - connection successful
19:18:11.517 [org.webgme.guest.socket.Socket.main()] INFO  org.webgme.guest.socket.Socket - waiting on readyToPopulate...
19:18:11.771 [org.webgme.guest.socket.Socket.main()] INFO  org.webgme.guest.socket.Socket - ...synchronized on readyToPopulate
19:18:11.772 [org.webgme.guest.socket.Socket.main()] INFO  org.webgme.guest.socket.Socket - waiting on readyToRun...
19:18:12.034 [org.webgme.guest.socket.Socket.main()] INFO  org.webgme.guest.socket.Socket - ...synchronized on readyToRun
19:18:12.042 [org.webgme.guest.socket.Socket.main()] INFO  org.webgme.guest.socket.Socket - started logical time progression
in loop header=UPDATE t=0
Received: epSendZoneMeanAirTemp as 23.000000
Received: epSendOutdoorAirTemp as 6.791667
Received: epSendZoneHumidity as 34.716831
Received: epGetStartHeating as 23.000000
Received: epGetStartCooling as 25.000000
19:18:12.058 [org.webgme.guest.socket.Socket.main()] INFO  org.webgme.guest.socket.Socket - Sent sendEPData interaction from socket0 with epSendZoneMeanAirTemp@23.000000,epSendOutdoorAirTemp@6.791667,epSendZoneHumidity@34.716831,
19:18:12.059 [org.webgme.guest.socket.Socket.main()] INFO  org.webgme.guest.socket.Socket - waiting to receive SimTime...
19:18:13.059 [org.webgme.guest.socket.Socket.main()] INFO  org.webgme.guest.socket.Socket - waiting to receive SimTime...
19:18:14.070 [org.webgme.guest.socket.Socket.main()] INFO  org.webgme.guest.socket.Socket - waiting to receive SimTime...
19:18:15.078 [org.webgme.guest.socket.Socket.main()] INFO  org.webgme.guest.socket.Socket - waiting to receive SimTime...
19:18:16.084 [org.webgme.guest.socket.Socket.main()] INFO  org.webgme.guest.socket.Socket - waiting to receive SimTime...
19:18:17.092 [org.webgme.guest.socket.Socket.main()] INFO  org.webgme.guest.socket.Socket - waiting to receive SimTime...
19:18:18.098 [org.webgme.guest.socket.Socket.main()] INFO  org.webgme.guest.socket.Socket - waiting to receive SimTime...
19:18:19.104 [org.webgme.guest.socket.Socket.main()] INFO  org.webgme.guest.socket.Socket - waiting to receive SimTime...
19:18:20.111 [org.webgme.guest.socket.Socket.main()] INFO  org.webgme.guest.socket.Socket - waiting to receive SimTime...
19:18:21.119 [org.webgme.guest.socket.Socket.main()] INFO  org.webgme.guest.socket.Socket - waiting to receive SimTime...
19:18:22.126 [org.webgme.guest.socket.Socket.main()] INFO  org.webgme.guest.socket.Socket - waiting to receive SimTime...
19:18:23.133 [org.webgme.guest.socket.Socket.main()] INFO  org.webgme.guest.socket.Socket - waiting to receive SimTime...
19:18:24.140 [org.webgme.guest.socket.Socket.main()] INFO  org.webgme.guest.socket.Socket - waiting to receive SimTime...
19:18:25.146 [org.webgme.guest.socket.Socket.main()] INFO  org.webgme.guest.socket.Socket - waiting to receive SimTime...
19:18:26.152 [org.webgme.guest.socket.Socket.main()] INFO  org.webgme.guest.socket.Socket - waiting to receive SimTime...
19:18:27.160 [org.webgme.guest.socket.Socket.main()] INFO  org.webgme.guest.socket.Socket - waiting to receive SimTime...
19:18:28.166 [org.webgme.guest.socket.Socket.main()] INFO  org.webgme.guest.socket.Socket - waiting to receive SimTime...
19:18:29.173 [org.webgme.guest.socket.Socket.main()] INFO  org.webgme.guest.socket.Socket - waiting to receive SimTime...
19:18:30.180 [org.webgme.guest.socket.Socket.main()] INFO  org.webgme.guest.socket.Socket - waiting to receive SimTime...
19:18:31.188 [org.webgme.guest.socket.Socket.main()] INFO  org.webgme.guest.socket.Socket - waiting to receive SimTime...
19:18:32.195 [org.webgme.guest.socket.Socket.main()] INFO  org.webgme.guest.socket.Socket - waiting to receive SimTime...
19:18:33.205 [org.webgme.guest.socket.Socket.main()] INFO  org.webgme.guest.socket.Socket - waiting to receive SimTime...
19:18:34.211 [org.webgme.guest.socket.Socket.main()] INFO  org.webgme.guest.socket.Socket - waiting to receive SimTime...
19:18:35.222 [org.webgme.guest.socket.Socket.main()] INFO  org.webgme.guest.socket.Socket - waiting to receive SimTime...
19:18:36.229 [org.webgme.guest.socket.Socket.main()] INFO  org.webgme.guest.socket.Socket - waiting to receive SimTime...
19:18:37.235 [org.webgme.guest.socket.Socket.main()] INFO  org.webgme.guest.socket.Socket - waiting to receive SimTime...
19:18:38.243 [org.webgme.guest.socket.Socket.main()] INFO  org.webgme.guest.socket.Socket - waiting to receive SimTime...
19:18:39.251 [org.webgme.guest.socket.Socket.main()] INFO  org.webgme.guest.socket.Socket - waiting to receive SimTime...
19:18:40.258 [org.webgme.guest.socket.Socket.main()] INFO  org.webgme.guest.socket.Socket - waiting to receive SimTime...
19:18:41.263 [org.webgme.guest.socket.Socket.main()] INFO  org.webgme.guest.socket.Socket - waiting to receive SimTime...
19:18:42.273 [org.webgme.guest.socket.Socket.main()] INFO  org.webgme.guest.socket.Socket - waiting to receive SimTime...
19:18:43.279 [org.webgme.guest.socket.Socket.main()] INFO  org.webgme.guest.socket.Socket - waiting to receive SimTime...
19:18:44.287 [org.webgme.guest.socket.Socket.main()] INFO  org.webgme.guest.socket.Socket - waiting to receive SimTime...
19:18:45.293 [org.webgme.guest.socket.Socket.main()] INFO  org.webgme.guest.socket.Socket - waiting to receive SimTime...
19:18:46.301 [org.webgme.guest.socket.Socket.main()] INFO  org.webgme.guest.socket.Socket - waiting to receive SimTime...
19:18:47.307 [org.webgme.guest.socket.Socket.main()] INFO  org.webgme.guest.socket.Socket - waiting to receive SimTime...
