[INFO] Scanning for projects...
[INFO]                                                                         
[INFO] ------------------------------------------------------------------------
[INFO] Building EPMultipleSims_v3_exec 0.1.0-SNAPSHOT
[INFO] ------------------------------------------------------------------------
[INFO] 
[INFO] --- exec-maven-plugin:1.5.0:java (default-cli) @ EPMultipleSims_v3_exec ---

-------------------------------------------------------------------
GMS: address=vagrant-23855, cluster=EPMultipleSims_v3, physical address=192.168.1.41:50201
-------------------------------------------------------------------
connection successful
18:59:26.225 [org.webgme.guest.socket.Socket.main()] INFO  org.webgme.guest.socket.Socket - connection successful
18:59:26.229 [org.webgme.guest.socket.Socket.main()] INFO  org.webgme.guest.socket.Socket - waiting on readyToPopulate...
18:59:26.480 [org.webgme.guest.socket.Socket.main()] INFO  org.webgme.guest.socket.Socket - ...synchronized on readyToPopulate
18:59:26.481 [org.webgme.guest.socket.Socket.main()] INFO  org.webgme.guest.socket.Socket - waiting on readyToRun...
18:59:26.744 [org.webgme.guest.socket.Socket.main()] INFO  org.webgme.guest.socket.Socket - ...synchronized on readyToRun
18:59:26.746 [org.webgme.guest.socket.Socket.main()] INFO  org.webgme.guest.socket.Socket - started logical time progression
in loop header=UPDATE t=0
Received: epSendZoneMeanAirTemp as 23.000000
Received: epSendOutdoorAirTemp as 6.791667
Received: epSendZoneHumidity as 34.716831
Received: epGetStartHeating as 23.000000
Received: epGetStartCooling as 25.000000
18:59:26.749 [org.webgme.guest.socket.Socket.main()] INFO  org.webgme.guest.socket.Socket - Sent sendEPData interaction from socket0 with epSendZoneMeanAirTemp@23.000000,epSendOutdoorAirTemp@6.791667,epSendZoneHumidity@34.716831,
18:59:26.750 [org.webgme.guest.socket.Socket.main()] INFO  org.webgme.guest.socket.Socket - waiting to receive SimTime...
18:59:27.751 [org.webgme.guest.socket.Socket.main()] INFO  org.webgme.guest.socket.Socket - waiting to receive SimTime...
18:59:28.758 [org.webgme.guest.socket.Socket.main()] INFO  org.webgme.guest.socket.Socket - waiting to receive SimTime...
18:59:29.766 [org.webgme.guest.socket.Socket.main()] INFO  org.webgme.guest.socket.Socket - waiting to receive SimTime...
18:59:30.772 [org.webgme.guest.socket.Socket.main()] INFO  org.webgme.guest.socket.Socket - waiting to receive SimTime...
18:59:31.780 [org.webgme.guest.socket.Socket.main()] INFO  org.webgme.guest.socket.Socket - waiting to receive SimTime...
18:59:32.788 [org.webgme.guest.socket.Socket.main()] INFO  org.webgme.guest.socket.Socket - waiting to receive SimTime...
18:59:33.797 [org.webgme.guest.socket.Socket.main()] INFO  org.webgme.guest.socket.Socket - waiting to receive SimTime...
18:59:34.809 [org.webgme.guest.socket.Socket.main()] INFO  org.webgme.guest.socket.Socket - waiting to receive SimTime...
18:59:35.815 [org.webgme.guest.socket.Socket.main()] INFO  org.webgme.guest.socket.Socket - waiting to receive SimTime...
18:59:36.824 [org.webgme.guest.socket.Socket.main()] INFO  org.webgme.guest.socket.Socket - waiting to receive SimTime...
18:59:37.834 [org.webgme.guest.socket.Socket.main()] INFO  org.webgme.guest.socket.Socket - waiting to receive SimTime...
18:59:38.841 [org.webgme.guest.socket.Socket.main()] INFO  org.webgme.guest.socket.Socket - waiting to receive SimTime...
18:59:39.847 [org.webgme.guest.socket.Socket.main()] INFO  org.webgme.guest.socket.Socket - waiting to receive SimTime...
18:59:40.854 [org.webgme.guest.socket.Socket.main()] INFO  org.webgme.guest.socket.Socket - waiting to receive SimTime...
18:59:41.861 [org.webgme.guest.socket.Socket.main()] INFO  org.webgme.guest.socket.Socket - waiting to receive SimTime...
18:59:42.867 [org.webgme.guest.socket.Socket.main()] INFO  org.webgme.guest.socket.Socket - waiting to receive SimTime...
18:59:43.874 [org.webgme.guest.socket.Socket.main()] INFO  org.webgme.guest.socket.Socket - waiting to receive SimTime...
18:59:44.881 [org.webgme.guest.socket.Socket.main()] INFO  org.webgme.guest.socket.Socket - waiting to receive SimTime...
18:59:45.888 [org.webgme.guest.socket.Socket.main()] INFO  org.webgme.guest.socket.Socket - waiting to receive SimTime...
18:59:46.901 [org.webgme.guest.socket.Socket.main()] INFO  org.webgme.guest.socket.Socket - waiting to receive SimTime...
18:59:47.910 [org.webgme.guest.socket.Socket.main()] INFO  org.webgme.guest.socket.Socket - waiting to receive SimTime...
18:59:48.920 [org.webgme.guest.socket.Socket.main()] INFO  org.webgme.guest.socket.Socket - waiting to receive SimTime...
18:59:49.928 [org.webgme.guest.socket.Socket.main()] INFO  org.webgme.guest.socket.Socket - waiting to receive SimTime...
18:59:50.934 [org.webgme.guest.socket.Socket.main()] INFO  org.webgme.guest.socket.Socket - waiting to receive SimTime...
18:59:51.943 [org.webgme.guest.socket.Socket.main()] INFO  org.webgme.guest.socket.Socket - waiting to receive SimTime...
18:59:52.952 [org.webgme.guest.socket.Socket.main()] INFO  org.webgme.guest.socket.Socket - waiting to receive SimTime...
18:59:53.962 [org.webgme.guest.socket.Socket.main()] INFO  org.webgme.guest.socket.Socket - waiting to receive SimTime...
18:59:54.973 [org.webgme.guest.socket.Socket.main()] INFO  org.webgme.guest.socket.Socket - waiting to receive SimTime...
18:59:55.980 [org.webgme.guest.socket.Socket.main()] INFO  org.webgme.guest.socket.Socket - waiting to receive SimTime...
18:59:56.988 [org.webgme.guest.socket.Socket.main()] INFO  org.webgme.guest.socket.Socket - waiting to receive SimTime...
18:59:57.999 [org.webgme.guest.socket.Socket.main()] INFO  org.webgme.guest.socket.Socket - waiting to receive SimTime...
18:59:59.006 [org.webgme.guest.socket.Socket.main()] INFO  org.webgme.guest.socket.Socket - waiting to receive SimTime...
19:00:00.016 [org.webgme.guest.socket.Socket.main()] INFO  org.webgme.guest.socket.Socket - waiting to receive SimTime...
